2025-08-24 15:09:57 - core.config_manager - INFO - Загрузка конфигурации...
2025-08-24 15:09:57 - core.config_manager - INFO - Конфигурация успешно загружена
2025-08-24 15:09:57 - core.game_engine - INFO - Игровой движок Panda3D инициализирован
2025-08-24 15:09:57 - core.game_engine - INFO - Начало инициализации игрового движка Panda3D...
2025-08-24 15:09:57 - core.game_engine - INFO - Panda3D успешно инициализирован
2025-08-24 15:09:57 - core.resource_manager - INFO - Менеджер ресурсов Panda3D инициализирован
2025-08-24 15:09:57 - core.resource_manager - INFO - Инициализация менеджера ресурсов Panda3D...
2025-08-24 15:09:57 - core.resource_manager - DEBUG - Создана директория ресурсов: textures
2025-08-24 15:09:57 - core.resource_manager - DEBUG - Создана директория ресурсов: models
2025-08-24 15:09:57 - core.resource_manager - DEBUG - Создана директория ресурсов: audio
2025-08-24 15:09:57 - core.resource_manager - DEBUG - Создана директория ресурсов: shaders
2025-08-24 15:09:57 - core.resource_manager - DEBUG - Создана директория ресурсов: data
2025-08-24 15:09:57 - core.resource_manager - DEBUG - Загрузчик Panda3D инициализирован
2025-08-24 15:09:57 - core.resource_manager - WARNING - Не удалось инициализировать аудио менеджер: cannot init abstract class
2025-08-24 15:09:57 - core.resource_manager - DEBUG - Создана базовая текстура
2025-08-24 15:09:57 - core.resource_manager - DEBUG - Создана базовая модель куба
2025-08-24 15:09:57 - core.resource_manager - DEBUG - Базовые ресурсы предзагружены
2025-08-24 15:09:57 - core.resource_manager - INFO - Менеджер ресурсов Panda3D успешно инициализирован
2025-08-24 15:09:57 - core.performance_manager - INFO - Менеджер производительности инициализирован
2025-08-24 15:09:57 - core.performance_manager - INFO - Инициализация менеджера производительности...
2025-08-24 15:09:57 - core.performance_manager - INFO - Системная информация: {'cpu_count': 12, 'cpu_freq': 3912.0, 'memory_total': 34244075520, 'memory_available': 19166326784, 'disk_total': 239150370816, 'disk_free': 138197368832}
2025-08-24 15:09:57 - core.performance_manager - INFO - Мониторинг производительности запущен
2025-08-24 15:09:57 - core.performance_manager - WARNING - Не удалось получить Pygame информацию: video system not initialized
2025-08-24 15:09:57 - core.performance_manager - INFO - Менеджер производительности успешно инициализирован
2025-08-24 15:09:57 - core.scene_manager - INFO - Менеджер сцен Panda3D инициализирован
2025-08-24 15:09:57 - core.scene_manager - INFO - Инициализация менеджера сцен...
2025-08-24 15:09:57 - core.scene_manager - INFO - Менеджер сцен успешно инициализирован
2025-08-24 15:09:57 - core.game_engine - INFO - Все менеджеры успешно инициализированы
2025-08-24 15:09:57 - src.scenes.menu_scene - INFO - Сцена меню Panda3D создана
2025-08-24 15:09:57 - src.scenes.menu_scene - INFO - Инициализация сцены меню Panda3D...
2025-08-24 15:09:57 - src.scenes.menu_scene - DEBUG - UI элементы меню созданы
2025-08-24 15:09:57 - src.scenes.menu_scene - INFO - Сцена меню Panda3D успешно инициализирована
2025-08-24 15:09:57 - core.scene_manager - INFO - Сцена menu зарегистрирована и инициализирована
2025-08-24 15:09:57 - src.scenes.game_scene - INFO - Игровая сцена Panda3D создана
2025-08-24 15:09:57 - src.scenes.game_scene - INFO - Начало инициализации игровой сцены Panda3D...
2025-08-24 15:09:57 - src.systems.evolution.evolution_system - INFO - Система эволюции инициализирована
2025-08-24 15:09:57 - src.systems.combat.combat_system - INFO - Система боя инициализирована
2025-08-24 15:09:57 - src.systems.crafting.crafting_system - INFO - Система крафтинга инициализирована
2025-08-24 15:09:57 - src.systems.inventory.inventory_system - INFO - Система инвентаря инициализирована
2025-08-24 15:09:57 - src.systems.evolution.evolution_system - INFO - Система эволюции успешно инициализирована
2025-08-24 15:09:57 - src.systems.combat.combat_system - INFO - Система боя успешно инициализирована
2025-08-24 15:09:57 - src.systems.crafting.crafting_system - INFO - Система крафтинга успешно инициализирована
2025-08-24 15:09:57 - src.systems.inventory.inventory_system - INFO - Система инвентаря успешно инициализирована
2025-08-24 15:09:59 - src.systems.ai.ai_interface - INFO - Создана PyTorch AI система
2025-08-24 15:09:59 - src.systems.ai.pytorch_ai_system - INFO - PyTorch AI система инициализирована
2025-08-24 15:09:59 - src.systems.ai.pytorch_ai_system - INFO - Инициализация PyTorch AI системы...
2025-08-24 15:09:59 - src.systems.ai.pytorch_ai_system - INFO - PyTorch AI система успешно инициализирована
2025-08-24 15:09:59 - src.systems.ai.ai_interface - INFO - AI система 'default' добавлена
2025-08-24 15:09:59 - src.scenes.game_scene - DEBUG - Игровые системы инициализированы
2025-08-24 15:09:59 - src.systems.skills.skill_system - INFO - Персонаж player_1 изучил скилл Огненный шар
2025-08-24 15:09:59 - src.systems.skills.skill_system - INFO - Персонаж player_1 изучил скилл Исцеление
2025-08-24 15:09:59 - src.scenes.game_scene - DEBUG - Тестовый игрок создан с системами
2025-08-24 15:09:59 - src.systems.skills.skill_system - INFO - Персонаж npc_1 изучил скилл Огненный шар
2025-08-24 15:09:59 - src.systems.skills.skill_system - INFO - Персонаж npc_2 изучил скилл Исцеление
2025-08-24 15:09:59 - src.scenes.game_scene - DEBUG - Создано 3 тестовых NPC с системами
2025-08-24 15:09:59 - src.scenes.game_scene - DEBUG - Тестовые предметы и скиллы созданы
2025-08-24 15:09:59 - src.scenes.game_scene - DEBUG - UI элементы Panda3D созданы
2025-08-24 15:09:59 - src.scenes.game_scene - DEBUG - Начальные объекты созданы
2025-08-24 15:10:00 - src.systems.ai.pytorch_ai_system - DEBUG - Нейронные сети для player_1 инициализированы
2025-08-24 15:10:00 - src.systems.ai.pytorch_ai_system - INFO - Сущность player_1 зарегистрирована в PyTorch AI системе
2025-08-24 15:10:00 - src.systems.ai.ai_interface - DEBUG - Сущность 'player_1' зарегистрирована в системе 'default'
2025-08-24 15:10:00 - src.scenes.game_scene - DEBUG - Сущность 'player_1' зарегистрирована в AI системе
2025-08-24 15:10:00 - src.systems.ai.pytorch_ai_system - DEBUG - Нейронные сети для npc_1 инициализированы
2025-08-24 15:10:00 - src.systems.ai.pytorch_ai_system - INFO - Сущность npc_1 зарегистрирована в PyTorch AI системе
2025-08-24 15:10:00 - src.systems.ai.ai_interface - DEBUG - Сущность 'npc_1' зарегистрирована в системе 'default'
2025-08-24 15:10:00 - src.scenes.game_scene - DEBUG - Сущность 'npc_1' зарегистрирована в AI системе
2025-08-24 15:10:00 - src.systems.ai.pytorch_ai_system - DEBUG - Нейронные сети для npc_2 инициализированы
2025-08-24 15:10:00 - src.systems.ai.pytorch_ai_system - INFO - Сущность npc_2 зарегистрирована в PyTorch AI системе
2025-08-24 15:10:00 - src.systems.ai.ai_interface - DEBUG - Сущность 'npc_2' зарегистрирована в системе 'default'
2025-08-24 15:10:00 - src.scenes.game_scene - DEBUG - Сущность 'npc_2' зарегистрирована в AI системе
2025-08-24 15:10:00 - src.systems.ai.pytorch_ai_system - DEBUG - Нейронные сети для npc_3 инициализированы
2025-08-24 15:10:00 - src.systems.ai.pytorch_ai_system - INFO - Сущность npc_3 зарегистрирована в PyTorch AI системе
2025-08-24 15:10:00 - src.systems.ai.ai_interface - DEBUG - Сущность 'npc_3' зарегистрирована в системе 'default'
2025-08-24 15:10:00 - src.scenes.game_scene - DEBUG - Сущность 'npc_3' зарегистрирована в AI системе
2025-08-24 15:10:00 - src.scenes.game_scene - INFO - Зарегистрировано 4 сущностей в AI системе
2025-08-24 15:10:00 - src.scenes.game_scene - DEBUG - Освещение игровой сцены настроено
2025-08-24 15:10:00 - src.scenes.game_scene - DEBUG - UI элементы Panda3D созданы
2025-08-24 15:10:00 - src.scenes.game_scene - INFO - Игровая сцена Panda3D успешно инициализирована
2025-08-24 15:10:00 - core.scene_manager - INFO - Сцена game зарегистрирована и инициализирована
2025-08-24 15:10:00 - src.scenes.pause_scene - INFO - Сцена паузы Panda3D создана
2025-08-24 15:10:00 - src.scenes.pause_scene - INFO - Инициализация сцены паузы Panda3D...
2025-08-24 15:10:00 - src.scenes.pause_scene - DEBUG - UI элементы паузы созданы
2025-08-24 15:10:00 - src.scenes.pause_scene - INFO - Сцена паузы Panda3D успешно инициализирована
2025-08-24 15:10:00 - core.scene_manager - INFO - Сцена pause зарегистрирована и инициализирована
2025-08-24 15:10:00 - src.scenes.settings_scene - INFO - Сцена настроек Panda3D создана
2025-08-24 15:10:00 - src.scenes.settings_scene - INFO - Инициализация сцены настроек Panda3D...
2025-08-24 15:10:00 - src.scenes.settings_scene - ERROR - Ошибка инициализации сцены настроек: 'Unknown option "indicatorValue" for DirectCheckBox'
2025-08-24 15:10:00 - core.scene_manager - ERROR - Не удалось инициализировать сцену settings
2025-08-24 15:10:00 - src.scenes.load_scene - INFO - Сцена загрузки Panda3D создана
2025-08-24 15:10:00 - src.scenes.load_scene - INFO - Инициализация сцены загрузки Panda3D...
2025-08-24 15:10:00 - src.scenes.load_scene - DEBUG - Загружено 3 сохранений
2025-08-24 15:10:00 - src.scenes.load_scene - DEBUG - Список сохранений создан
2025-08-24 15:10:00 - src.scenes.load_scene - DEBUG - UI элементы загрузки созданы
2025-08-24 15:10:00 - src.scenes.load_scene - INFO - Сцена загрузки Panda3D успешно инициализирована
2025-08-24 15:10:00 - core.scene_manager - INFO - Сцена load_game зарегистрирована и инициализирована
2025-08-24 15:10:00 - core.scene_manager - INFO - Активная сцена изменена на menu
2025-08-24 15:10:00 - core.game_engine - INFO - Сцены успешно инициализированы
2025-08-24 15:10:00 - core.game_engine - DEBUG - Освещение настроено
2025-08-24 15:10:00 - core.game_engine - DEBUG - UI элементы настроены
2025-08-24 15:10:00 - core.game_engine - DEBUG - Задачи Panda3D настроены
2025-08-24 15:10:00 - core.game_engine - INFO - Игровой движок Panda3D успешно инициализирован
2025-08-24 15:10:00 - core.game_engine - INFO - Запуск игрового цикла Panda3D
2025-08-24 15:10:00 - src.scenes.settings_scene - INFO - Общая громкость изменена: 80.0
2025-08-24 15:10:00 - src.scenes.settings_scene - INFO - Общая громкость изменена: 80.0
2025-08-24 15:10:00 - src.scenes.settings_scene - INFO - Громкость музыки изменена: 70.0
2025-08-24 15:10:00 - src.scenes.settings_scene - INFO - Громкость музыки изменена: 70.0
2025-08-24 15:10:00 - src.scenes.settings_scene - INFO - Громкость эффектов изменена: 80.0
2025-08-24 15:10:00 - src.scenes.settings_scene - INFO - Громкость эффектов изменена: 80.0
2025-08-24 15:10:00 - core.performance_manager - WARNING - FPS ниже порога: 0.3 < 30.0
2025-08-24 15:10:00 - core.performance_manager - DEBUG - Применены настройки качества: {'particle_limit': 500, 'shadow_quality': 'medium', 'texture_quality': 'medium', 'anti_aliasing': False}
2025-08-24 15:10:00 - core.performance_manager - INFO - Уровень качества изменен: high -> medium
2025-08-24 15:10:00 - core.performance_manager - INFO - Автоматическое снижение качества до medium
2025-08-24 15:10:00 - core.game_engine - DEBUG - FPS: 1
2025-08-24 15:10:00 - core.performance_manager - WARNING - FPS ниже порога: 21.4 < 30.0
2025-08-24 15:10:00 - core.performance_manager - DEBUG - Применены настройки качества: {'particle_limit': 1000, 'shadow_quality': 'high', 'texture_quality': 'high', 'anti_aliasing': True}
2025-08-24 15:10:00 - core.performance_manager - INFO - Уровень качества изменен: medium -> high
2025-08-24 15:10:00 - core.performance_manager - INFO - Автоматическое повышение качества до high
2025-08-24 15:10:10 - core.game_engine - DEBUG - FPS: 165
2025-08-24 15:10:20 - core.game_engine - DEBUG - FPS: 166
2025-08-24 15:10:30 - core.game_engine - DEBUG - FPS: 165
2025-08-24 15:10:40 - core.game_engine - DEBUG - FPS: 165
2025-08-24 15:10:46 - src.scenes.settings_scene - INFO - Общая громкость изменена: 80.0
2025-08-24 15:10:46 - src.scenes.settings_scene - INFO - Общая громкость изменена: 80.0
2025-08-24 15:10:46 - src.scenes.settings_scene - INFO - Общая громкость изменена: 80.0
2025-08-24 15:10:46 - src.scenes.settings_scene - INFO - Общая громкость изменена: 80.0
2025-08-24 15:10:46 - src.scenes.settings_scene - INFO - Общая громкость изменена: 80.0
2025-08-24 15:10:46 - src.scenes.settings_scene - INFO - Общая громкость изменена: 79.61012268066406
2025-08-24 15:10:46 - src.scenes.settings_scene - INFO - Общая громкость изменена: 78.44054412841797
2025-08-24 15:10:46 - src.scenes.settings_scene - INFO - Общая громкость изменена: 77.27096557617188
2025-08-24 15:10:46 - src.scenes.settings_scene - INFO - Общая громкость изменена: 75.32164001464844
2025-08-24 15:10:46 - src.scenes.settings_scene - INFO - Общая громкость изменена: 72.9824447631836
2025-08-24 15:10:46 - src.scenes.settings_scene - INFO - Общая громкость изменена: 70.6432876586914
2025-08-24 15:10:46 - src.scenes.settings_scene - INFO - Общая громкость изменена: 67.52437591552734
2025-08-24 15:10:46 - src.scenes.settings_scene - INFO - Общая громкость изменена: 65.1851806640625
2025-08-24 15:10:46 - src.scenes.settings_scene - INFO - Общая громкость изменена: 60.89670181274414
2025-08-24 15:10:46 - src.scenes.settings_scene - INFO - Общая громкость изменена: 56.608177185058594
2025-08-24 15:10:46 - src.scenes.settings_scene - INFO - Общая громкость изменена: 52.70956039428711
2025-08-24 15:10:46 - src.scenes.settings_scene - INFO - Общая громкость изменена: 48.421077728271484
2025-08-24 15:10:46 - src.scenes.settings_scene - INFO - Общая громкость изменена: 44.13255310058594
2025-08-24 15:10:46 - src.scenes.settings_scene - INFO - Общая громкость изменена: 39.84407043457031
2025-08-24 15:10:46 - src.scenes.settings_scene - INFO - Общая громкость изменена: 36.335289001464844
2025-08-24 15:10:46 - src.scenes.settings_scene - INFO - Общая громкость изменена: 32.43666076660156
2025-08-24 15:10:46 - src.scenes.settings_scene - INFO - Общая громкость изменена: 29.3177547454834
2025-08-24 15:10:46 - src.scenes.settings_scene - INFO - Общая громкость изменена: 26.58870506286621
2025-08-24 15:10:46 - src.scenes.settings_scene - INFO - Общая громкость изменена: 23.859651565551758
2025-08-24 15:10:46 - src.scenes.settings_scene - INFO - Общая громкость изменена: 21.52047348022461
2025-08-24 15:10:46 - src.scenes.settings_scene - INFO - Общая громкость изменена: 19.961021423339844
2025-08-24 15:10:46 - src.scenes.settings_scene - INFO - Общая громкость изменена: 18.401569366455078
2025-08-24 15:10:46 - src.scenes.settings_scene - INFO - Общая громкость изменена: 16.84211540222168
2025-08-24 15:10:46 - src.scenes.settings_scene - INFO - Общая громкость изменена: 16.062387466430664
2025-08-24 15:10:46 - src.scenes.settings_scene - INFO - Общая громкость изменена: 15.672518730163574
2025-08-24 15:10:46 - src.scenes.settings_scene - INFO - Общая громкость изменена: 15.282662391662598
2025-08-24 15:10:46 - src.scenes.settings_scene - INFO - Общая громкость изменена: 15.282662391662598
2025-08-24 15:10:46 - src.scenes.settings_scene - INFO - Общая громкость изменена: 15.282662391662598
2025-08-24 15:10:46 - src.scenes.settings_scene - INFO - Общая громкость изменена: 15.672518730163574
2025-08-24 15:10:46 - src.scenes.settings_scene - INFO - Общая громкость изменена: 16.45224380493164
2025-08-24 15:10:46 - src.scenes.settings_scene - INFO - Общая громкость изменена: 18.011695861816406
2025-08-24 15:10:46 - src.scenes.settings_scene - INFO - Общая громкость изменена: 20.740747451782227
2025-08-24 15:10:46 - src.scenes.settings_scene - INFO - Общая громкость изменена: 24.63937759399414
2025-08-24 15:10:46 - src.scenes.settings_scene - INFO - Общая громкость изменена: 29.70760726928711
2025-08-24 15:10:46 - src.scenes.settings_scene - INFO - Общая громкость изменена: 34.77583694458008
2025-08-24 15:10:46 - src.scenes.settings_scene - INFO - Общая громкость изменена: 39.0643424987793
2025-08-24 15:10:46 - src.scenes.settings_scene - INFO - Общая громкость изменена: 44.91227722167969
2025-08-24 15:10:46 - src.scenes.settings_scene - INFO - Общая громкость изменена: 49.59065628051758
2025-08-24 15:10:46 - src.scenes.settings_scene - INFO - Общая громкость изменена: 53.48927307128906
2025-08-24 15:10:46 - src.scenes.settings_scene - INFO - Общая громкость изменена: 58.167667388916016
2025-08-24 15:10:46 - src.scenes.settings_scene - INFO - Общая громкость изменена: 62.84602355957031
2025-08-24 15:10:46 - src.scenes.settings_scene - INFO - Общая громкость изменена: 67.91424560546875
2025-08-24 15:10:46 - src.scenes.settings_scene - INFO - Общая громкость изменена: 73.76219177246094
2025-08-24 15:10:46 - src.scenes.settings_scene - INFO - Общая громкость изменена: 80.0
2025-08-24 15:10:46 - src.scenes.settings_scene - INFO - Общая громкость изменена: 86.23780822753906
2025-08-24 15:10:46 - src.scenes.settings_scene - INFO - Общая громкость изменена: 92.86549377441406
2025-08-24 15:10:46 - src.scenes.settings_scene - INFO - Общая громкость изменена: 99.88304138183594
2025-08-24 15:10:46 - src.scenes.settings_scene - INFO - Общая громкость изменена: 100.0
2025-08-24 15:10:46 - src.scenes.settings_scene - INFO - Общая громкость изменена: 100.0
2025-08-24 15:10:46 - src.scenes.settings_scene - INFO - Общая громкость изменена: 100.0
2025-08-24 15:10:46 - src.scenes.settings_scene - INFO - Общая громкость изменена: 100.0
2025-08-24 15:10:46 - src.scenes.settings_scene - INFO - Общая громкость изменена: 100.0
2025-08-24 15:10:46 - src.scenes.settings_scene - INFO - Общая громкость изменена: 100.0
2025-08-24 15:10:46 - src.scenes.settings_scene - INFO - Общая громкость изменена: 100.0
2025-08-24 15:10:46 - src.scenes.settings_scene - INFO - Общая громкость изменена: 100.0
2025-08-24 15:10:46 - src.scenes.settings_scene - INFO - Общая громкость изменена: 100.0
2025-08-24 15:10:46 - src.scenes.settings_scene - INFO - Общая громкость изменена: 100.0
2025-08-24 15:10:46 - src.scenes.settings_scene - INFO - Общая громкость изменена: 100.0
2025-08-24 15:10:46 - src.scenes.settings_scene - INFO - Общая громкость изменена: 100.0
2025-08-24 15:10:46 - src.scenes.settings_scene - INFO - Общая громкость изменена: 100.0
2025-08-24 15:10:46 - src.scenes.settings_scene - INFO - Общая громкость изменена: 100.0
2025-08-24 15:10:46 - src.scenes.settings_scene - INFO - Общая громкость изменена: 100.0
2025-08-24 15:10:46 - src.scenes.settings_scene - INFO - Общая громкость изменена: 100.0
2025-08-24 15:10:46 - src.scenes.settings_scene - INFO - Общая громкость изменена: 100.0
2025-08-24 15:10:46 - src.scenes.settings_scene - INFO - Общая громкость изменена: 100.0
2025-08-24 15:10:46 - src.scenes.settings_scene - INFO - Общая громкость изменена: 100.0
2025-08-24 15:10:46 - src.scenes.settings_scene - INFO - Общая громкость изменена: 95.59452056884766
2025-08-24 15:10:46 - src.scenes.settings_scene - INFO - Общая громкость изменена: 91.69590759277344
2025-08-24 15:10:46 - src.scenes.settings_scene - INFO - Общая громкость изменена: 86.23780822753906
2025-08-24 15:10:46 - src.scenes.settings_scene - INFO - Общая громкость изменена: 82.72903442382812
2025-08-24 15:10:46 - src.scenes.settings_scene - INFO - Общая громкость изменена: 77.66083526611328
2025-08-24 15:10:46 - src.scenes.settings_scene - INFO - Общая громкость изменена: 73.76219177246094
2025-08-24 15:10:46 - src.scenes.settings_scene - INFO - Общая громкость изменена: 69.86354064941406
2025-08-24 15:10:46 - src.scenes.settings_scene - INFO - Общая громкость изменена: 66.74463653564453
2025-08-24 15:10:46 - src.scenes.settings_scene - INFO - Общая громкость изменена: 64.0156021118164
2025-08-24 15:10:46 - src.scenes.settings_scene - INFO - Общая громкость изменена: 61.67639923095703
2025-08-24 15:10:46 - src.scenes.settings_scene - INFO - Общая громкость изменена: 60.11695098876953
2025-08-24 15:10:46 - src.scenes.settings_scene - INFO - Общая громкость изменена: 58.557498931884766
2025-08-24 15:10:46 - src.scenes.settings_scene - INFO - Общая громкость изменена: 57.387916564941406
2025-08-24 15:10:46 - src.scenes.settings_scene - INFO - Общая громкость изменена: 56.21833801269531
2025-08-24 15:10:46 - src.scenes.settings_scene - INFO - Общая громкость изменена: 55.438594818115234
2025-08-24 15:10:46 - src.scenes.settings_scene - INFO - Общая громкость изменена: 54.65888214111328
2025-08-24 15:10:46 - src.scenes.settings_scene - INFO - Общая громкость изменена: 54.26901626586914
2025-08-24 15:10:46 - src.scenes.settings_scene - INFO - Общая громкость изменена: 53.87914276123047
2025-08-24 15:10:46 - src.scenes.settings_scene - INFO - Общая громкость изменена: 53.87914276123047
2025-08-24 15:10:46 - src.scenes.settings_scene - INFO - Общая громкость изменена: 53.48927307128906
2025-08-24 15:10:46 - src.scenes.settings_scene - INFO - Общая громкость изменена: 53.48927307128906
2025-08-24 15:10:46 - src.scenes.settings_scene - INFO - Общая громкость изменена: 53.48927307128906
2025-08-24 15:10:46 - src.scenes.settings_scene - INFO - Общая громкость изменена: 53.48927307128906
2025-08-24 15:10:46 - src.scenes.settings_scene - INFO - Общая громкость изменена: 53.48927307128906
2025-08-24 15:10:46 - src.scenes.settings_scene - INFO - Общая громкость изменена: 53.48927307128906
2025-08-24 15:10:46 - src.scenes.settings_scene - INFO - Общая громкость изменена: 53.48927307128906
2025-08-24 15:10:46 - src.scenes.settings_scene - INFO - Общая громкость изменена: 53.48927307128906
2025-08-24 15:10:46 - src.scenes.settings_scene - INFO - Общая громкость изменена: 53.48927307128906
2025-08-24 15:10:46 - src.scenes.settings_scene - INFO - Общая громкость изменена: 53.48927307128906
2025-08-24 15:10:46 - src.scenes.settings_scene - INFO - Общая громкость изменена: 53.48927307128906
2025-08-24 15:10:46 - src.scenes.settings_scene - INFO - Общая громкость изменена: 53.48927307128906
2025-08-24 15:10:46 - src.scenes.settings_scene - INFO - Общая громкость изменена: 53.48927307128906
2025-08-24 15:10:46 - src.scenes.settings_scene - INFO - Общая громкость изменена: 53.48927307128906
2025-08-24 15:10:46 - src.scenes.settings_scene - INFO - Общая громкость изменена: 53.48927307128906
2025-08-24 15:10:46 - src.scenes.settings_scene - INFO - Общая громкость изменена: 53.48927307128906
2025-08-24 15:10:46 - src.scenes.settings_scene - INFO - Общая громкость изменена: 53.48927307128906
2025-08-24 15:10:47 - src.scenes.settings_scene - INFO - Общая громкость изменена: 53.48927307128906
2025-08-24 15:10:47 - src.scenes.settings_scene - INFO - Общая громкость изменена: 53.48927307128906
2025-08-24 15:10:47 - src.scenes.settings_scene - INFO - Общая громкость изменена: 53.099430084228516
2025-08-24 15:10:47 - src.scenes.settings_scene - INFO - Общая громкость изменена: 53.099430084228516
2025-08-24 15:10:47 - src.scenes.settings_scene - INFO - Общая громкость изменена: 53.099430084228516
2025-08-24 15:10:47 - src.scenes.settings_scene - INFO - Общая громкость изменена: 52.70956039428711
2025-08-24 15:10:47 - src.scenes.settings_scene - INFO - Общая громкость изменена: 51.929813385009766
2025-08-24 15:10:47 - src.scenes.settings_scene - INFO - Общая громкость изменена: 50.76023483276367
2025-08-24 15:10:47 - src.scenes.settings_scene - INFO - Общая громкость изменена: 49.59065628051758
2025-08-24 15:10:47 - src.scenes.settings_scene - INFO - Общая громкость изменена: 48.421077728271484
2025-08-24 15:10:47 - src.scenes.settings_scene - INFO - Общая громкость изменена: 46.47172927856445
2025-08-24 15:10:47 - src.scenes.settings_scene - INFO - Общая громкость изменена: 45.302154541015625
2025-08-24 15:10:47 - src.scenes.settings_scene - INFO - Общая громкость изменена: 43.74270248413086
2025-08-24 15:10:47 - src.scenes.settings_scene - INFO - Общая громкость изменена: 42.18324661254883
2025-08-24 15:10:47 - src.scenes.settings_scene - INFO - Общая громкость изменена: 40.62379455566406
2025-08-24 15:10:47 - src.scenes.settings_scene - INFO - Общая громкость изменена: 39.0643424987793
2025-08-24 15:10:47 - src.scenes.settings_scene - INFO - Общая громкость изменена: 37.11501693725586
2025-08-24 15:10:47 - src.scenes.settings_scene - INFO - Общая громкость изменена: 35.16569519042969
2025-08-24 15:10:47 - src.scenes.settings_scene - INFO - Общая громкость изменена: 33.21638870239258
2025-08-24 15:10:47 - src.scenes.settings_scene - INFO - Общая громкость изменена: 32.04678726196289
2025-08-24 15:10:47 - src.scenes.settings_scene - INFO - Общая громкость изменена: 30.09747886657715
2025-08-24 15:10:47 - src.scenes.settings_scene - INFO - Общая громкость изменена: 28.927881240844727
2025-08-24 15:10:47 - src.scenes.settings_scene - INFO - Общая громкость изменена: 27.36842918395996
2025-08-24 15:10:47 - src.scenes.settings_scene - INFO - Общая громкость изменена: 26.58870506286621
2025-08-24 15:10:47 - src.scenes.settings_scene - INFO - Общая громкость изменена: 25.808979034423828
2025-08-24 15:10:47 - src.scenes.settings_scene - INFO - Общая громкость изменена: 25.419103622436523
2025-08-24 15:10:47 - src.scenes.settings_scene - INFO - Общая громкость изменена: 25.029251098632812
2025-08-24 15:10:47 - src.scenes.settings_scene - INFO - Общая громкость изменена: 25.029251098632812
2025-08-24 15:10:47 - src.scenes.settings_scene - INFO - Общая громкость изменена: 25.029251098632812
2025-08-24 15:10:47 - src.scenes.settings_scene - INFO - Общая громкость изменена: 25.029251098632812
2025-08-24 15:10:47 - src.scenes.settings_scene - INFO - Общая громкость изменена: 25.029251098632812
2025-08-24 15:10:47 - src.scenes.settings_scene - INFO - Общая громкость изменена: 25.029251098632812
2025-08-24 15:10:47 - src.scenes.settings_scene - INFO - Общая громкость изменена: 25.029251098632812
2025-08-24 15:10:47 - src.scenes.settings_scene - INFO - Общая громкость изменена: 25.029251098632812
2025-08-24 15:10:47 - src.scenes.settings_scene - INFO - Общая громкость изменена: 25.029251098632812
2025-08-24 15:10:47 - src.scenes.settings_scene - INFO - Общая громкость изменена: 25.029251098632812
2025-08-24 15:10:47 - src.scenes.settings_scene - INFO - Общая громкость изменена: 25.419103622436523
2025-08-24 15:10:47 - src.scenes.settings_scene - INFO - Общая громкость изменена: 26.97855567932129
2025-08-24 15:10:47 - src.scenes.settings_scene - INFO - Общая громкость изменена: 29.3177547454834
2025-08-24 15:10:47 - src.scenes.settings_scene - INFO - Общая громкость изменена: 32.82651138305664
2025-08-24 15:10:47 - src.scenes.settings_scene - INFO - Общая громкость изменена: 36.335289001464844
2025-08-24 15:10:47 - src.scenes.settings_scene - INFO - Общая громкость изменена: 41.013648986816406
2025-08-24 15:10:47 - src.scenes.settings_scene - INFO - Общая громкость изменена: 45.6920051574707
2025-08-24 15:10:47 - src.scenes.settings_scene - INFO - Общая громкость изменена: 50.76023483276367
2025-08-24 15:10:47 - src.scenes.settings_scene - INFO - Общая громкость изменена: 55.438594818115234
2025-08-24 15:10:47 - src.scenes.settings_scene - INFO - Общая громкость изменена: 60.11695098876953
2025-08-24 15:10:47 - src.scenes.settings_scene - INFO - Общая громкость изменена: 65.96492767333984
2025-08-24 15:10:47 - src.scenes.settings_scene - INFO - Общая громкость изменена: 71.03315734863281
2025-08-24 15:10:47 - src.scenes.settings_scene - INFO - Общая громкость изменена: 76.10134887695312
2025-08-24 15:10:47 - src.scenes.settings_scene - INFO - Общая громкость изменена: 80.77973937988281
2025-08-24 15:10:47 - src.scenes.settings_scene - INFO - Общая громкость изменена: 84.67835998535156
2025-08-24 15:10:47 - src.scenes.settings_scene - INFO - Общая громкость изменена: 90.13645935058594
2025-08-24 15:10:47 - src.scenes.settings_scene - INFO - Общая громкость изменена: 94.8148193359375
2025-08-24 15:10:47 - src.scenes.settings_scene - INFO - Общая громкость изменена: 99.10330200195312
2025-08-24 15:10:47 - src.scenes.settings_scene - INFO - Общая громкость изменена: 100.0
2025-08-24 15:10:47 - src.scenes.settings_scene - INFO - Общая громкость изменена: 100.0
2025-08-24 15:10:47 - src.scenes.settings_scene - INFO - Общая громкость изменена: 100.0
2025-08-24 15:10:47 - src.scenes.settings_scene - INFO - Общая громкость изменена: 100.0
2025-08-24 15:10:47 - src.scenes.settings_scene - INFO - Общая громкость изменена: 100.0
2025-08-24 15:10:47 - src.scenes.settings_scene - INFO - Общая громкость изменена: 100.0
2025-08-24 15:10:47 - src.scenes.settings_scene - INFO - Общая громкость изменена: 100.0
2025-08-24 15:10:47 - src.scenes.settings_scene - INFO - Общая громкость изменена: 100.0
2025-08-24 15:10:47 - src.scenes.settings_scene - INFO - Общая громкость изменена: 100.0
2025-08-24 15:10:47 - src.scenes.settings_scene - INFO - Общая громкость изменена: 100.0
2025-08-24 15:10:47 - src.scenes.settings_scene - INFO - Общая громкость изменена: 100.0
2025-08-24 15:10:47 - src.scenes.settings_scene - INFO - Общая громкость изменена: 100.0
2025-08-24 15:10:47 - src.scenes.settings_scene - INFO - Общая громкость изменена: 100.0
2025-08-24 15:10:47 - src.scenes.settings_scene - INFO - Общая громкость изменена: 99.10330200195312
2025-08-24 15:10:47 - src.scenes.settings_scene - INFO - Общая громкость изменена: 93.64523315429688
2025-08-24 15:10:47 - src.scenes.settings_scene - INFO - Общая громкость изменена: 87.40742492675781
2025-08-24 15:10:47 - src.scenes.settings_scene - INFO - Общая громкость изменена: 80.77973937988281
2025-08-24 15:10:47 - src.scenes.settings_scene - INFO - Общая громкость изменена: 73.372314453125
2025-08-24 15:10:47 - src.scenes.settings_scene - INFO - Общая громкость изменена: 66.35476684570312
2025-08-24 15:10:47 - src.scenes.settings_scene - INFO - Общая громкость изменена: 58.947364807128906
2025-08-24 15:10:47 - src.scenes.settings_scene - INFO - Общая громкость изменена: 51.150108337402344
2025-08-24 15:10:47 - src.scenes.settings_scene - INFO - Общая громкость изменена: 43.74270248413086
2025-08-24 15:10:47 - src.scenes.settings_scene - INFO - Общая громкость изменена: 36.335289001464844
2025-08-24 15:10:47 - src.scenes.settings_scene - INFO - Общая громкость изменена: 28.927881240844727
2025-08-24 15:10:47 - src.scenes.settings_scene - INFO - Общая громкость изменена: 23.859651565551758
2025-08-24 15:10:47 - src.scenes.settings_scene - INFO - Общая громкость изменена: 17.621841430664062
2025-08-24 15:10:47 - src.scenes.settings_scene - INFO - Общая громкость изменена: 13.33333683013916
2025-08-24 15:10:47 - src.scenes.settings_scene - INFO - Общая громкость изменена: 9.824581146240234
2025-08-24 15:10:47 - src.scenes.settings_scene - INFO - Общая громкость изменена: 6.315802097320557
2025-08-24 15:10:47 - src.scenes.settings_scene - INFO - Общая громкость изменена: 3.5867505073547363
2025-08-24 15:10:47 - src.scenes.settings_scene - INFO - Общая громкость изменена: 1.2475723028182983
2025-08-24 15:10:47 - src.scenes.settings_scene - INFO - Общая громкость изменена: 0.0
2025-08-24 15:10:47 - src.scenes.settings_scene - INFO - Общая громкость изменена: 0.0
2025-08-24 15:10:47 - src.scenes.settings_scene - INFO - Общая громкость изменена: 0.0
2025-08-24 15:10:47 - src.scenes.settings_scene - INFO - Общая громкость изменена: 0.0
2025-08-24 15:10:47 - src.scenes.settings_scene - INFO - Общая громкость изменена: 0.0
2025-08-24 15:10:47 - src.scenes.settings_scene - INFO - Общая громкость изменена: 0.0
2025-08-24 15:10:47 - src.scenes.settings_scene - INFO - Общая громкость изменена: 0.0
2025-08-24 15:10:47 - src.scenes.settings_scene - INFO - Общая громкость изменена: 0.0
2025-08-24 15:10:47 - src.scenes.settings_scene - INFO - Общая громкость изменена: 0.0
2025-08-24 15:10:47 - src.scenes.settings_scene - INFO - Общая громкость изменена: 0.0
2025-08-24 15:10:47 - src.scenes.settings_scene - INFO - Общая громкость изменена: 0.0
2025-08-24 15:10:47 - src.scenes.settings_scene - INFO - Общая громкость изменена: 0.0
2025-08-24 15:10:47 - src.scenes.settings_scene - INFO - Общая громкость изменена: 0.4678462743759155
2025-08-24 15:10:47 - src.scenes.settings_scene - INFO - Общая громкость изменена: 5.146202564239502
2025-08-24 15:10:47 - src.scenes.settings_scene - INFO - Общая громкость изменена: 10.994158744812012
2025-08-24 15:10:47 - src.scenes.settings_scene - INFO - Общая громкость изменена: 18.791440963745117
2025-08-24 15:10:47 - src.scenes.settings_scene - INFO - Общая громкость изменена: 26.58870506286621
2025-08-24 15:10:47 - src.scenes.settings_scene - INFO - Общая громкость изменена: 34.385963439941406
2025-08-24 15:10:47 - src.scenes.settings_scene - INFO - Общая громкость изменена: 42.57310104370117
2025-08-24 15:10:47 - src.scenes.settings_scene - INFO - Общая громкость изменена: 49.980525970458984
2025-08-24 15:10:47 - src.scenes.settings_scene - INFO - Общая громкость изменена: 57.387916564941406
2025-08-24 15:10:47 - src.scenes.settings_scene - INFO - Общая громкость изменена: 64.0156021118164
2025-08-24 15:10:47 - src.scenes.settings_scene - INFO - Общая громкость изменена: 71.03315734863281
2025-08-24 15:10:47 - src.scenes.settings_scene - INFO - Общая громкость изменена: 78.44054412841797
2025-08-24 15:10:47 - src.scenes.settings_scene - INFO - Общая громкость изменена: 87.7972640991211
2025-08-24 15:10:47 - src.scenes.settings_scene - INFO - Общая громкость изменена: 95.20469665527344
2025-08-24 15:10:47 - src.scenes.settings_scene - INFO - Общая громкость изменена: 100.0
2025-08-24 15:10:47 - src.scenes.settings_scene - INFO - Общая громкость изменена: 100.0
2025-08-24 15:10:47 - src.scenes.settings_scene - INFO - Общая громкость изменена: 100.0
2025-08-24 15:10:47 - src.scenes.settings_scene - INFO - Общая громкость изменена: 100.0
2025-08-24 15:10:47 - src.scenes.settings_scene - INFO - Общая громкость изменена: 100.0
2025-08-24 15:10:47 - src.scenes.settings_scene - INFO - Общая громкость изменена: 100.0
2025-08-24 15:10:47 - src.scenes.settings_scene - INFO - Общая громкость изменена: 100.0
2025-08-24 15:10:47 - src.scenes.settings_scene - INFO - Общая громкость изменена: 100.0
2025-08-24 15:10:47 - src.scenes.settings_scene - INFO - Общая громкость изменена: 100.0
2025-08-24 15:10:47 - src.scenes.settings_scene - INFO - Общая громкость изменена: 100.0
2025-08-24 15:10:47 - src.scenes.settings_scene - INFO - Общая громкость изменена: 100.0
2025-08-24 15:10:47 - src.scenes.settings_scene - INFO - Общая громкость изменена: 100.0
2025-08-24 15:10:47 - src.scenes.settings_scene - INFO - Общая громкость изменена: 100.0
2025-08-24 15:10:47 - src.scenes.settings_scene - INFO - Общая громкость изменена: 100.0
2025-08-24 15:10:47 - src.scenes.settings_scene - INFO - Общая громкость изменена: 100.0
2025-08-24 15:10:47 - src.scenes.settings_scene - INFO - Общая громкость изменена: 100.0
2025-08-24 15:10:47 - src.scenes.settings_scene - INFO - Общая громкость изменена: 100.0
2025-08-24 15:10:47 - src.scenes.settings_scene - INFO - Общая громкость изменена: 100.0
2025-08-24 15:10:47 - src.scenes.settings_scene - INFO - Общая громкость изменена: 100.0
2025-08-24 15:10:47 - src.scenes.settings_scene - INFO - Общая громкость изменена: 100.0
2025-08-24 15:10:47 - src.scenes.settings_scene - INFO - Общая громкость изменена: 100.0
2025-08-24 15:10:47 - src.scenes.settings_scene - INFO - Общая громкость изменена: 100.0
2025-08-24 15:10:47 - src.scenes.settings_scene - INFO - Общая громкость изменена: 100.0
2025-08-24 15:10:47 - src.scenes.settings_scene - INFO - Общая громкость изменена: 100.0
2025-08-24 15:10:47 - src.scenes.settings_scene - INFO - Общая громкость изменена: 100.0
2025-08-24 15:10:47 - src.scenes.settings_scene - INFO - Общая громкость изменена: 100.0
2025-08-24 15:10:47 - src.scenes.settings_scene - INFO - Общая громкость изменена: 100.0
2025-08-24 15:10:47 - src.scenes.settings_scene - INFO - Общая громкость изменена: 99.10330200195312
2025-08-24 15:10:47 - src.scenes.settings_scene - INFO - Общая громкость изменена: 80.3898696899414
2025-08-24 15:10:47 - src.scenes.settings_scene - INFO - Общая громкость изменена: 60.50682067871094
2025-08-24 15:10:47 - src.scenes.settings_scene - INFO - Общая громкость изменена: 41.013648986816406
2025-08-24 15:10:47 - src.scenes.settings_scene - INFO - Общая громкость изменена: 25.808979034423828
2025-08-24 15:10:47 - src.scenes.settings_scene - INFO - Общая громкость изменена: 6.705654621124268
2025-08-24 15:10:47 - src.scenes.settings_scene - INFO - Общая громкость изменена: 0.0
2025-08-24 15:10:47 - src.scenes.settings_scene - INFO - Общая громкость изменена: 0.0
2025-08-24 15:10:47 - src.scenes.settings_scene - INFO - Общая громкость изменена: 0.0
2025-08-24 15:10:47 - src.scenes.settings_scene - INFO - Общая громкость изменена: 0.0
2025-08-24 15:10:47 - src.scenes.settings_scene - INFO - Общая громкость изменена: 0.0
2025-08-24 15:10:47 - src.scenes.settings_scene - INFO - Общая громкость изменена: 0.0
2025-08-24 15:10:47 - src.scenes.settings_scene - INFO - Общая громкость изменена: 0.0
2025-08-24 15:10:47 - src.scenes.settings_scene - INFO - Общая громкость изменена: 0.0
2025-08-24 15:10:47 - src.scenes.settings_scene - INFO - Общая громкость изменена: 0.0
2025-08-24 15:10:47 - src.scenes.settings_scene - INFO - Общая громкость изменена: 0.0
2025-08-24 15:10:47 - src.scenes.settings_scene - INFO - Общая громкость изменена: 0.0
2025-08-24 15:10:48 - src.scenes.settings_scene - INFO - Общая громкость изменена: 0.0
2025-08-24 15:10:48 - src.scenes.settings_scene - INFO - Общая громкость изменена: 0.0
2025-08-24 15:10:48 - src.scenes.settings_scene - INFO - Общая громкость изменена: 0.0
2025-08-24 15:10:48 - src.scenes.settings_scene - INFO - Общая громкость изменена: 0.0
2025-08-24 15:10:48 - src.scenes.settings_scene - INFO - Общая громкость изменена: 0.0
2025-08-24 15:10:48 - src.scenes.settings_scene - INFO - Общая громкость изменена: 0.0
2025-08-24 15:10:48 - src.scenes.settings_scene - INFO - Общая громкость изменена: 0.0
2025-08-24 15:10:48 - src.scenes.settings_scene - INFO - Общая громкость изменена: 0.0
2025-08-24 15:10:48 - src.scenes.settings_scene - INFO - Общая громкость изменена: 0.0
2025-08-24 15:10:48 - src.scenes.settings_scene - INFO - Общая громкость изменена: 0.0
2025-08-24 15:10:48 - src.scenes.settings_scene - INFO - Общая громкость изменена: 15.672518730163574
2025-08-24 15:10:48 - src.scenes.settings_scene - INFO - Общая громкость изменена: 28.148157119750977
2025-08-24 15:10:48 - src.scenes.settings_scene - INFO - Общая громкость изменена: 46.081878662109375
2025-08-24 15:10:48 - src.scenes.settings_scene - INFO - Общая громкость изменена: 58.947364807128906
2025-08-24 15:10:48 - src.scenes.settings_scene - INFO - Общая громкость изменена: 77.66083526611328
2025-08-24 15:10:48 - src.scenes.settings_scene - INFO - Общая громкость изменена: 94.42494201660156
2025-08-24 15:10:48 - src.scenes.settings_scene - INFO - Общая громкость изменена: 100.0
2025-08-24 15:10:48 - src.scenes.settings_scene - INFO - Общая громкость изменена: 100.0
2025-08-24 15:10:48 - src.scenes.settings_scene - INFO - Общая громкость изменена: 100.0
2025-08-24 15:10:48 - src.scenes.settings_scene - INFO - Общая громкость изменена: 100.0
2025-08-24 15:10:48 - src.scenes.settings_scene - INFO - Общая громкость изменена: 100.0
2025-08-24 15:10:48 - src.scenes.settings_scene - INFO - Общая громкость изменена: 100.0
2025-08-24 15:10:48 - src.scenes.settings_scene - INFO - Общая громкость изменена: 100.0
2025-08-24 15:10:48 - src.scenes.settings_scene - INFO - Общая громкость изменена: 100.0
2025-08-24 15:10:48 - src.scenes.settings_scene - INFO - Общая громкость изменена: 100.0
2025-08-24 15:10:48 - src.scenes.settings_scene - INFO - Общая громкость изменена: 100.0
2025-08-24 15:10:48 - src.scenes.settings_scene - INFO - Общая громкость изменена: 100.0
2025-08-24 15:10:48 - src.scenes.settings_scene - INFO - Общая громкость изменена: 100.0
2025-08-24 15:10:48 - src.scenes.settings_scene - INFO - Общая громкость изменена: 100.0
2025-08-24 15:10:48 - src.scenes.settings_scene - INFO - Общая громкость изменена: 100.0
2025-08-24 15:10:48 - src.scenes.settings_scene - INFO - Общая громкость изменена: 100.0
2025-08-24 15:10:48 - src.scenes.settings_scene - INFO - Общая громкость изменена: 100.0
2025-08-24 15:10:48 - src.scenes.settings_scene - INFO - Общая громкость изменена: 100.0
2025-08-24 15:10:48 - src.scenes.settings_scene - INFO - Общая громкость изменена: 100.0
2025-08-24 15:10:48 - src.scenes.settings_scene - INFO - Общая громкость изменена: 100.0
2025-08-24 15:10:49 - src.scenes.settings_scene - INFO - Громкость музыки изменена: 70.0
2025-08-24 15:10:49 - src.scenes.settings_scene - INFO - Громкость музыки изменена: 70.0
2025-08-24 15:10:49 - src.scenes.settings_scene - INFO - Громкость музыки изменена: 69.61012268066406
2025-08-24 15:10:49 - src.scenes.settings_scene - INFO - Громкость музыки изменена: 68.8304214477539
2025-08-24 15:10:49 - src.scenes.settings_scene - INFO - Громкость музыки изменена: 67.66079711914062
2025-08-24 15:10:49 - src.scenes.settings_scene - INFO - Громкость музыки изменена: 66.1013412475586
2025-08-24 15:10:49 - src.scenes.settings_scene - INFO - Громкость музыки изменена: 64.15206146240234
2025-08-24 15:10:49 - src.scenes.settings_scene - INFO - Громкость музыки изменена: 61.81285858154297
2025-08-24 15:10:49 - src.scenes.settings_scene - INFO - Громкость музыки изменена: 58.6939582824707
2025-08-24 15:10:49 - src.scenes.settings_scene - INFO - Громкость музыки изменена: 54.015602111816406
2025-08-24 15:10:49 - src.scenes.settings_scene - INFO - Громкость музыки изменена: 49.33721923828125
2025-08-24 15:10:49 - src.scenes.settings_scene - INFO - Громкость музыки изменена: 45.048736572265625
2025-08-24 15:10:49 - src.scenes.settings_scene - INFO - Громкость музыки изменена: 37.641326904296875
2025-08-24 15:10:49 - src.scenes.settings_scene - INFO - Громкость музыки изменена: 30.233919143676758
2025-08-24 15:10:49 - src.scenes.settings_scene - INFO - Громкость музыки изменена: 21.26705551147461
2025-08-24 15:10:49 - src.scenes.settings_scene - INFO - Громкость музыки изменена: 11.910322189331055
2025-08-24 15:10:49 - src.scenes.settings_scene - INFO - Громкость музыки изменена: 1.7738813161849976
2025-08-24 15:10:49 - src.scenes.settings_scene - INFO - Громкость музыки изменена: 0.0
2025-08-24 15:10:49 - src.scenes.settings_scene - INFO - Громкость музыки изменена: 0.0
2025-08-24 15:10:49 - src.scenes.settings_scene - INFO - Громкость музыки изменена: 0.0
2025-08-24 15:10:49 - src.scenes.settings_scene - INFO - Громкость музыки изменена: 0.0
2025-08-24 15:10:49 - src.scenes.settings_scene - INFO - Громкость музыки изменена: 0.0
2025-08-24 15:10:49 - src.scenes.settings_scene - INFO - Громкость музыки изменена: 0.0
2025-08-24 15:10:49 - src.scenes.settings_scene - INFO - Громкость музыки изменена: 0.0
2025-08-24 15:10:49 - src.scenes.settings_scene - INFO - Громкость музыки изменена: 0.0
2025-08-24 15:10:49 - src.scenes.settings_scene - INFO - Громкость музыки изменена: 0.0
2025-08-24 15:10:49 - src.scenes.settings_scene - INFO - Громкость музыки изменена: 0.0
2025-08-24 15:10:49 - src.scenes.settings_scene - INFO - Громкость музыки изменена: 0.0
2025-08-24 15:10:49 - src.scenes.settings_scene - INFO - Громкость музыки изменена: 0.0
2025-08-24 15:10:49 - src.scenes.settings_scene - INFO - Громкость музыки изменена: 0.0
2025-08-24 15:10:49 - src.scenes.settings_scene - INFO - Громкость музыки изменена: 0.0
2025-08-24 15:10:49 - src.scenes.settings_scene - INFO - Громкость музыки изменена: 0.0
2025-08-24 15:10:49 - src.scenes.settings_scene - INFO - Громкость музыки изменена: 0.0
2025-08-24 15:10:49 - src.scenes.settings_scene - INFO - Громкость музыки изменена: 7.621837615966797
2025-08-24 15:10:49 - src.scenes.settings_scene - INFO - Громкость музыки изменена: 15.419099807739258
2025-08-24 15:10:49 - src.scenes.settings_scene - INFO - Громкость музыки изменена: 20.877185821533203
2025-08-24 15:10:49 - src.scenes.settings_scene - INFO - Громкость музыки изменена: 33.742698669433594
2025-08-24 15:10:49 - src.scenes.settings_scene - INFO - Громкость музыки изменена: 48.94736862182617
2025-08-24 15:10:49 - src.scenes.settings_scene - INFO - Громкость музыки изменена: 62.59260940551758
2025-08-24 15:10:49 - src.scenes.settings_scene - INFO - Громкость музыки изменена: 75.4581069946289
2025-08-24 15:10:49 - src.scenes.settings_scene - INFO - Громкость музыки изменена: 89.10330200195312
2025-08-24 15:10:49 - src.scenes.settings_scene - INFO - Громкость музыки изменена: 100.0
2025-08-24 15:10:49 - src.scenes.settings_scene - INFO - Громкость музыки изменена: 100.0
2025-08-24 15:10:49 - src.scenes.settings_scene - INFO - Громкость музыки изменена: 100.0
2025-08-24 15:10:49 - src.scenes.settings_scene - INFO - Громкость музыки изменена: 100.0
2025-08-24 15:10:49 - src.scenes.settings_scene - INFO - Громкость музыки изменена: 100.0
2025-08-24 15:10:49 - src.scenes.settings_scene - INFO - Громкость музыки изменена: 100.0
2025-08-24 15:10:49 - src.scenes.settings_scene - INFO - Громкость музыки изменена: 100.0
2025-08-24 15:10:49 - src.scenes.settings_scene - INFO - Громкость музыки изменена: 100.0
2025-08-24 15:10:49 - src.scenes.settings_scene - INFO - Громкость музыки изменена: 100.0
2025-08-24 15:10:49 - src.scenes.settings_scene - INFO - Громкость музыки изменена: 100.0
2025-08-24 15:10:49 - src.scenes.settings_scene - INFO - Громкость музыки изменена: 100.0
2025-08-24 15:10:49 - src.scenes.settings_scene - INFO - Громкость музыки изменена: 100.0
2025-08-24 15:10:49 - src.scenes.settings_scene - INFO - Громкость музыки изменена: 100.0
2025-08-24 15:10:49 - src.scenes.settings_scene - INFO - Громкость музыки изменена: 100.0
2025-08-24 15:10:49 - src.scenes.settings_scene - INFO - Громкость музыки изменена: 100.0
2025-08-24 15:10:49 - src.scenes.settings_scene - INFO - Громкость музыки изменена: 100.0
2025-08-24 15:10:49 - src.scenes.settings_scene - INFO - Громкость музыки изменена: 100.0
2025-08-24 15:10:49 - src.scenes.settings_scene - INFO - Громкость эффектов изменена: 83.13842010498047
2025-08-24 15:10:49 - src.scenes.settings_scene - INFO - Громкость эффектов изменена: 83.13842010498047
2025-08-24 15:10:49 - src.scenes.settings_scene - INFO - Громкость эффектов изменена: 83.13842010498047
2025-08-24 15:10:49 - src.scenes.settings_scene - INFO - Громкость эффектов изменена: 82.74853515625
2025-08-24 15:10:49 - src.scenes.settings_scene - INFO - Громкость эффектов изменена: 82.35867309570312
2025-08-24 15:10:49 - src.scenes.settings_scene - INFO - Громкость эффектов изменена: 81.57896423339844
2025-08-24 15:10:49 - src.scenes.settings_scene - INFO - Громкость эффектов изменена: 80.7992172241211
2025-08-24 15:10:49 - src.scenes.settings_scene - INFO - Громкость эффектов изменена: 80.0195083618164
2025-08-24 15:10:49 - src.scenes.settings_scene - INFO - Громкость эффектов изменена: 78.84989166259766
2025-08-24 15:10:49 - src.scenes.settings_scene - INFO - Громкость эффектов изменена: 77.29043579101562
2025-08-24 15:10:49 - src.scenes.settings_scene - INFO - Громкость эффектов изменена: 75.34111022949219
2025-08-24 15:10:49 - src.scenes.settings_scene - INFO - Громкость эффектов изменена: 72.22220611572266
2025-08-24 15:10:49 - src.scenes.settings_scene - INFO - Громкость эффектов изменена: 69.10330963134766
2025-08-24 15:10:49 - src.scenes.settings_scene - INFO - Громкость эффектов изменена: 64.8148193359375
2025-08-24 15:10:49 - src.scenes.settings_scene - INFO - Громкость эффектов изменена: 59.356712341308594
2025-08-24 15:10:49 - src.scenes.settings_scene - INFO - Громкость эффектов изменена: 55.45810317993164
2025-08-24 15:10:49 - src.scenes.settings_scene - INFO - Громкость эффектов изменена: 49.610130310058594
2025-08-24 15:10:49 - src.scenes.settings_scene - INFO - Громкость эффектов изменена: 42.20273971557617
2025-08-24 15:10:49 - src.scenes.settings_scene - INFO - Громкость эффектов изменена: 35.964908599853516
2025-08-24 15:10:49 - src.scenes.settings_scene - INFO - Громкость эффектов изменена: 28.94737434387207
2025-08-24 15:10:49 - src.scenes.settings_scene - INFO - Громкость эффектов изменена: 21.929838180541992
2025-08-24 15:10:49 - src.scenes.settings_scene - INFO - Громкость эффектов изменена: 15.302155494689941
2025-08-24 15:10:50 - src.scenes.settings_scene - INFO - Громкость эффектов изменена: 9.064326286315918
2025-08-24 15:10:50 - src.scenes.settings_scene - INFO - Громкость эффектов изменена: 3.6062440872192383
2025-08-24 15:10:50 - src.scenes.settings_scene - INFO - Громкость эффектов изменена: 0.0
2025-08-24 15:10:50 - src.scenes.settings_scene - INFO - Громкость эффектов изменена: 0.0
2025-08-24 15:10:50 - src.scenes.settings_scene - INFO - Громкость эффектов изменена: 0.0
2025-08-24 15:10:50 - src.scenes.settings_scene - INFO - Громкость эффектов изменена: 0.0
2025-08-24 15:10:50 - src.scenes.settings_scene - INFO - Громкость эффектов изменена: 0.0
2025-08-24 15:10:50 - src.scenes.settings_scene - INFO - Громкость эффектов изменена: 0.0
2025-08-24 15:10:50 - src.scenes.settings_scene - INFO - Громкость эффектов изменена: 0.0
2025-08-24 15:10:50 - src.scenes.settings_scene - INFO - Громкость эффектов изменена: 0.0
2025-08-24 15:10:50 - src.scenes.settings_scene - INFO - Громкость эффектов изменена: 0.0
2025-08-24 15:10:50 - src.scenes.settings_scene - INFO - Громкость эффектов изменена: 0.0
2025-08-24 15:10:50 - src.scenes.settings_scene - INFO - Громкость эффектов изменена: 2.4366629123687744
2025-08-24 15:10:50 - src.scenes.settings_scene - INFO - Громкость эффектов изменена: 9.454200744628906
2025-08-24 15:10:50 - src.scenes.settings_scene - INFO - Громкость эффектов изменена: 16.08188247680664
2025-08-24 15:10:50 - src.scenes.settings_scene - INFO - Громкость эффектов изменена: 22.709564208984375
2025-08-24 15:10:50 - src.scenes.settings_scene - INFO - Громкость эффектов изменена: 29.727100372314453
2025-08-24 15:10:50 - src.scenes.settings_scene - INFO - Громкость эффектов изменена: 36.35478210449219
2025-08-24 15:10:50 - src.scenes.settings_scene - INFO - Громкость эффектов изменена: 44.15205001831055
2025-08-24 15:10:50 - src.scenes.settings_scene - INFO - Громкость эффектов изменена: 51.55945587158203
2025-08-24 15:10:50 - src.scenes.settings_scene - INFO - Громкость эффектов изменена: 60.13645935058594
2025-08-24 15:10:50 - src.scenes.settings_scene - INFO - Громкость эффектов изменена: 68.71343231201172
2025-08-24 15:10:50 - src.scenes.settings_scene - INFO - Громкость эффектов изменена: 76.90057373046875
2025-08-24 15:10:50 - src.scenes.settings_scene - INFO - Громкость эффектов изменена: 84.69786071777344
2025-08-24 15:10:50 - src.scenes.settings_scene - INFO - Громкость эффектов изменена: 84.69786071777344
2025-08-24 15:10:50 - src.scenes.settings_scene - INFO - Громкость эффектов изменена: 94.05458068847656
2025-08-24 15:10:50 - src.scenes.settings_scene - INFO - Громкость эффектов изменена: 100.0
2025-08-24 15:10:50 - src.scenes.settings_scene - INFO - Громкость эффектов изменена: 100.0
2025-08-24 15:10:50 - src.scenes.settings_scene - INFO - Громкость эффектов изменена: 100.0
2025-08-24 15:10:50 - src.scenes.settings_scene - INFO - Громкость эффектов изменена: 100.0
2025-08-24 15:10:50 - src.scenes.settings_scene - INFO - Громкость эффектов изменена: 100.0
2025-08-24 15:10:50 - src.scenes.settings_scene - INFO - Громкость эффектов изменена: 100.0
2025-08-24 15:10:50 - src.scenes.settings_scene - INFO - Громкость эффектов изменена: 100.0
2025-08-24 15:10:50 - src.scenes.settings_scene - INFO - Громкость эффектов изменена: 100.0
2025-08-24 15:10:50 - src.scenes.settings_scene - INFO - Громкость эффектов изменена: 100.0
2025-08-24 15:10:50 - core.game_engine - DEBUG - FPS: 166
2025-08-24 15:10:52 - src.scenes.load_scene - WARNING - Не выбрано сохранение для загрузки
2025-08-24 15:10:55 - core.scene_manager - INFO - Переключение на сцену menu с переходом fade
2025-08-24 15:10:55 - src.scenes.load_scene - INFO - Возврат в главное меню
2025-08-24 15:10:56 - core.scene_manager - WARNING - Переход уже выполняется
2025-08-24 15:10:56 - src.scenes.load_scene - INFO - Возврат в главное меню
2025-08-24 15:10:56 - core.scene_manager - WARNING - Переход уже выполняется
2025-08-24 15:10:56 - src.scenes.load_scene - INFO - Возврат в главное меню
2025-08-24 15:10:56 - src.scenes.load_scene - WARNING - Не выбрано сохранение для удаления
2025-08-24 15:10:57 - src.scenes.load_scene - WARNING - Не выбрано сохранение для загрузки
2025-08-24 15:10:59 - src.scenes.settings_scene - INFO - Громкость эффектов изменена: 90.01000213623047
2025-08-24 15:11:00 - src.scenes.settings_scene - INFO - Громкость эффектов изменена: 80.0199966430664
2025-08-24 15:11:00 - src.scenes.settings_scene - INFO - Громкость эффектов изменена: 90.01000213623047
2025-08-24 15:11:00 - src.scenes.settings_scene - INFO - Громкость музыки изменена: 90.01000213623047
2025-08-24 15:11:00 - core.game_engine - DEBUG - FPS: 165
2025-08-24 15:11:00 - src.scenes.settings_scene - INFO - Громкость музыки изменена: 91.32554626464844
2025-08-24 15:11:00 - src.scenes.settings_scene - INFO - Громкость музыки изменена: 91.32554626464844
2025-08-24 15:11:00 - src.scenes.settings_scene - INFO - Громкость музыки изменена: 96.39373779296875
2025-08-24 15:11:00 - src.scenes.settings_scene - INFO - Громкость музыки изменена: 100.0
2025-08-24 15:11:00 - src.scenes.settings_scene - INFO - Громкость музыки изменена: 100.0
2025-08-24 15:11:00 - src.scenes.settings_scene - INFO - Громкость музыки изменена: 100.0
2025-08-24 15:11:00 - src.scenes.settings_scene - INFO - Громкость музыки изменена: 100.0
2025-08-24 15:11:00 - src.scenes.settings_scene - INFO - Громкость музыки изменена: 100.0
2025-08-24 15:11:00 - src.scenes.settings_scene - INFO - Громкость музыки изменена: 100.0
2025-08-24 15:11:07 - src.scenes.settings_scene - INFO - Fullscreen mode: True
2025-08-24 15:11:10 - src.scenes.load_scene - WARNING - Не выбрано сохранение для удаления
2025-08-24 15:11:10 - core.game_engine - DEBUG - FPS: 166
2025-08-24 15:11:12 - core.game_engine - INFO - Очистка ресурсов игрового движка...
2025-08-24 15:11:12 - core.scene_manager - INFO - Очистка менеджера сцен...
2025-08-24 15:11:12 - src.scenes.menu_scene - INFO - Очистка сцены меню Panda3D...
2025-08-24 15:11:12 - src.scenes.menu_scene - INFO - Сцена меню Panda3D очищена
2025-08-24 15:11:12 - src.scenes.game_scene - INFO - Очистка игровой сцены Panda3D...
2025-08-24 15:11:12 - src.systems.ai.pytorch_ai_system - INFO - Очистка PyTorch AI системы...
2025-08-24 15:11:12 - src.systems.ai.pytorch_ai_system - ERROR - Ошибка сохранения памяти AI: Object of type PersonalityType is not JSON serializable
2025-08-24 15:11:12 - src.systems.ai.pytorch_ai_system - INFO - PyTorch AI система очищена
2025-08-24 15:11:12 - src.systems.ai.ai_interface - INFO - AI система 'default' очищена
2025-08-24 15:11:12 - src.systems.evolution.evolution_system - INFO - Очистка системы эволюции...
2025-08-24 15:11:12 - src.systems.combat.combat_system - INFO - Очистка системы боя...
2025-08-24 15:11:12 - src.systems.crafting.crafting_system - INFO - Очистка системы крафтинга...
2025-08-24 15:11:12 - src.systems.inventory.inventory_system - INFO - Очистка системы инвентаря...
2025-08-24 15:11:12 - src.scenes.game_scene - INFO - Игровая сцена Panda3D очищена
2025-08-24 15:11:12 - src.scenes.pause_scene - INFO - Очистка сцены паузы Panda3D...
2025-08-24 15:11:12 - src.scenes.pause_scene - INFO - Сцена паузы Panda3D очищена
2025-08-24 15:11:12 - src.scenes.settings_scene - INFO - Очистка сцены настроек Panda3D...
2025-08-24 15:11:12 - src.scenes.settings_scene - INFO - Сцена настроек Panda3D очищена
2025-08-24 15:11:12 - src.scenes.load_scene - INFO - Очистка сцены загрузки Panda3D...
2025-08-24 15:11:12 - src.scenes.load_scene - INFO - Сцена загрузки Panda3D очищена
2025-08-24 15:11:12 - core.scene_manager - INFO - Менеджер сцен очищен
2025-08-24 15:11:12 - core.resource_manager - INFO - Очистка менеджера ресурсов Panda3D...
2025-08-24 15:11:12 - core.resource_manager - INFO - Менеджер ресурсов Panda3D очищен
2025-08-24 15:11:12 - core.performance_manager - INFO - Очистка менеджера производительности...
2025-08-24 15:11:12 - core.performance_manager - INFO - Менеджер производительности очищен
2025-08-24 15:11:12 - core.game_engine - ERROR - Ошибка при очистке ресурсов: 'dict' object has no attribute 'GetBool'
