2025-08-24 05:20:21 - core.config_manager - INFO - Загрузка конфигурации...
2025-08-24 05:20:21 - core.config_manager - INFO - Конфигурация успешно загружена
2025-08-24 05:20:21 - core.game_engine - INFO - Игровой движок инициализирован
2025-08-24 05:20:21 - core.game_engine - INFO - Начало инициализации игрового движка...
2025-08-24 05:20:22 - core.game_engine - INFO - Pygame успешно инициализирован
2025-08-24 05:20:22 - core.resource_manager - INFO - Менеджер ресурсов инициализирован
2025-08-24 05:20:22 - core.resource_manager - INFO - Инициализация менеджера ресурсов...
2025-08-24 05:20:22 - core.resource_manager - DEBUG - Создана директория: graphics
2025-08-24 05:20:22 - core.resource_manager - DEBUG - Создана директория: audio
2025-08-24 05:20:22 - core.resource_manager - DEBUG - Создана директория: data
2025-08-24 05:20:22 - core.resource_manager - DEBUG - Создана директория: maps
2025-08-24 05:20:22 - core.resource_manager - DEBUG - Создана директория: fonts
2025-08-24 05:20:22 - core.resource_manager - INFO - Найдено ресурсов: 0
2025-08-24 05:20:22 - core.resource_manager - WARNING - Файл изображения не найден: assets\graphics\ui\button.png
2025-08-24 05:20:22 - core.resource_manager - WARNING - Файл изображения не найден: assets\graphics\ui\background.png
2025-08-24 05:20:22 - core.resource_manager - WARNING - Файл звука не найден: assets\audio\ui\click.wav
2025-08-24 05:20:22 - core.resource_manager - WARNING - Файл шрифта не найден: assets\fonts\main.ttf
2025-08-24 05:20:22 - core.resource_manager - INFO - Менеджер ресурсов успешно инициализирован
2025-08-24 05:20:22 - core.performance_manager - INFO - Менеджер производительности инициализирован
2025-08-24 05:20:22 - core.performance_manager - INFO - Инициализация менеджера производительности...
2025-08-24 05:20:22 - core.performance_manager - INFO - Системная информация: {'cpu_count': 12, 'cpu_freq': 3912.0, 'memory_total': 34244075520, 'memory_available': 22123847680, 'disk_total': 239150370816, 'disk_free': 150956982272}
2025-08-24 05:20:22 - core.performance_manager - INFO - Мониторинг производительности запущен
2025-08-24 05:20:22 - core.performance_manager - WARNING - Не удалось получить Pygame информацию: does not exist in vidinfo
2025-08-24 05:20:22 - core.performance_manager - INFO - Менеджер производительности успешно инициализирован
2025-08-24 05:20:22 - core.scene_manager - INFO - Менеджер сцен инициализирован
2025-08-24 05:20:22 - core.scene_manager - INFO - Инициализация менеджера сцен...
2025-08-24 05:20:22 - src.scenes.menu_scene - INFO - Сцена главного меню создана
2025-08-24 05:20:22 - core.scene_manager - INFO - Сцена menu зарегистрирована
2025-08-24 05:20:22 - src.scenes.game_scene - INFO - Игровая сцена создана
2025-08-24 05:20:22 - core.scene_manager - INFO - Сцена game зарегистрирована
2025-08-24 05:20:22 - src.scenes.pause_scene - INFO - Сцена паузы создана
2025-08-24 05:20:22 - core.scene_manager - INFO - Сцена pause зарегистрирована
2025-08-24 05:20:22 - src.scenes.settings_scene - INFO - Сцена настроек создана
2025-08-24 05:20:22 - core.scene_manager - INFO - Сцена settings зарегистрирована
2025-08-24 05:20:22 - src.scenes.load_scene - INFO - Сцена загрузки создана
2025-08-24 05:20:22 - core.scene_manager - INFO - Сцена load_game зарегистрирована
2025-08-24 05:20:22 - core.scene_manager - INFO - Менеджер сцен успешно инициализирован
2025-08-24 05:20:22 - core.game_engine - INFO - Все менеджеры успешно инициализированы
2025-08-24 05:20:22 - src.scenes.menu_scene - INFO - Сцена главного меню создана
2025-08-24 05:20:22 - core.scene_manager - WARNING - Сцена menu уже зарегистрирована, перезаписываем
2025-08-24 05:20:22 - src.scenes.menu_scene - INFO - Очистка сцены главного меню...
2025-08-24 05:20:22 - src.core.scene_manager - INFO - Сцена menu очищена
2025-08-24 05:20:22 - src.scenes.menu_scene - INFO - Сцена главного меню очищена
2025-08-24 05:20:22 - core.scene_manager - INFO - Сцена menu зарегистрирована
2025-08-24 05:20:22 - src.scenes.game_scene - INFO - Игровая сцена создана
2025-08-24 05:20:22 - core.scene_manager - WARNING - Сцена game уже зарегистрирована, перезаписываем
2025-08-24 05:20:22 - src.scenes.game_scene - INFO - Очистка игровой сцены...
2025-08-24 05:20:22 - src.core.scene_manager - INFO - Сцена game очищена
2025-08-24 05:20:22 - src.scenes.game_scene - INFO - Игровая сцена очищена
2025-08-24 05:20:22 - core.scene_manager - INFO - Сцена game зарегистрирована
2025-08-24 05:20:22 - src.scenes.pause_scene - INFO - Сцена паузы создана
2025-08-24 05:20:22 - core.scene_manager - WARNING - Сцена pause уже зарегистрирована, перезаписываем
2025-08-24 05:20:22 - src.scenes.pause_scene - INFO - Очистка сцены паузы...
2025-08-24 05:20:22 - src.core.scene_manager - INFO - Сцена pause очищена
2025-08-24 05:20:22 - src.scenes.pause_scene - INFO - Сцена паузы очищена
2025-08-24 05:20:22 - core.scene_manager - INFO - Сцена pause зарегистрирована
2025-08-24 05:20:22 - src.scenes.settings_scene - INFO - Сцена настроек создана
2025-08-24 05:20:22 - core.scene_manager - WARNING - Сцена settings уже зарегистрирована, перезаписываем
2025-08-24 05:20:22 - src.scenes.settings_scene - INFO - Очистка сцены настроек...
2025-08-24 05:20:22 - src.core.scene_manager - INFO - Сцена settings очищена
2025-08-24 05:20:22 - src.scenes.settings_scene - INFO - Сцена настроек очищена
2025-08-24 05:20:22 - core.scene_manager - INFO - Сцена settings зарегистрирована
2025-08-24 05:20:22 - src.scenes.load_scene - INFO - Сцена загрузки создана
2025-08-24 05:20:22 - core.scene_manager - WARNING - Сцена load_game уже зарегистрирована, перезаписываем
2025-08-24 05:20:22 - src.scenes.load_scene - INFO - Очистка сцены загрузки...
2025-08-24 05:20:22 - src.core.scene_manager - INFO - Сцена load_game очищена
2025-08-24 05:20:22 - src.scenes.load_scene - INFO - Сцена загрузки очищена
2025-08-24 05:20:22 - core.scene_manager - INFO - Сцена load_game зарегистрирована
2025-08-24 05:20:22 - src.scenes.menu_scene - INFO - Инициализация сцены главного меню...
2025-08-24 05:20:22 - src.scenes.menu_scene - DEBUG - Шрифты созданы
2025-08-24 05:20:22 - src.scenes.menu_scene - DEBUG - Создано 5 кнопок
2025-08-24 05:20:22 - src.scenes.menu_scene - DEBUG - Фон меню создан
2025-08-24 05:20:22 - src.scenes.menu_scene - INFO - Сцена главного меню успешно инициализирована
2025-08-24 05:20:22 - src.core.scene_manager - INFO - Сцена menu активирована
2025-08-24 05:20:22 - core.scene_manager - INFO - Активная сцена изменена на menu
2025-08-24 05:20:22 - core.game_engine - INFO - Сцены успешно инициализированы
2025-08-24 05:20:22 - core.game_engine - INFO - Игровой движок успешно инициализирован
2025-08-24 05:20:22 - core.game_engine - INFO - Запуск игрового цикла
2025-08-24 05:20:22 - core.performance_manager - WARNING - FPS ниже порога: 1.7 < 30.0
2025-08-24 05:20:22 - core.performance_manager - DEBUG - Применены настройки качества: {'particle_limit': 500, 'shadow_quality': 'medium', 'texture_quality': 'medium', 'anti_aliasing': False}
2025-08-24 05:20:22 - core.performance_manager - INFO - Уровень качества изменен: high -> medium
2025-08-24 05:20:22 - core.performance_manager - INFO - Автоматическое снижение качества до medium
2025-08-24 05:20:22 - core.performance_manager - DEBUG - Применены настройки качества: {'particle_limit': 1000, 'shadow_quality': 'high', 'texture_quality': 'high', 'anti_aliasing': True}
2025-08-24 05:20:22 - core.performance_manager - INFO - Уровень качества изменен: medium -> high
2025-08-24 05:20:22 - core.performance_manager - INFO - Автоматическое повышение качества до high
2025-08-24 05:20:23 - src.scenes.menu_scene - INFO - Выполняется действие: new_game
2025-08-24 05:20:23 - src.scenes.menu_scene - INFO - Запрошен переход к сцене: game
2025-08-24 05:20:23 - src.core.scene_manager - INFO - Сцена menu деактивирована
2025-08-24 05:20:23 - src.scenes.game_scene - INFO - Инициализация игровой сцены...
2025-08-24 05:20:23 - src.scenes.game_scene - DEBUG - Шрифты созданы
2025-08-24 05:20:23 - src.scenes.game_scene - DEBUG - Фон игры создан
2025-08-24 05:20:23 - src.systems.evolution.evolution_system - INFO - Система эволюции инициализирована
2025-08-24 05:20:23 - src.systems.ai.ai_system - INFO - Система AI инициализирована
2025-08-24 05:20:23 - src.systems.combat.combat_system - INFO - Система боя инициализирована
2025-08-24 05:20:23 - src.systems.crafting.crafting_system - INFO - Система крафтинга инициализирована
2025-08-24 05:20:23 - src.systems.inventory.inventory_system - INFO - Система инвентаря инициализирована
2025-08-24 05:20:23 - src.systems.evolution.evolution_system - INFO - Система эволюции успешно инициализирована
2025-08-24 05:20:23 - src.systems.ai.ai_system - ERROR - Ошибка инициализации системы AI: type object 'AIState' has no attribute 'DEFEND'
2025-08-24 05:20:23 - src.systems.combat.combat_system - INFO - Система боя успешно инициализирована
2025-08-24 05:20:23 - src.systems.crafting.crafting_system - INFO - Система крафтинга успешно инициализирована
2025-08-24 05:20:23 - src.systems.inventory.inventory_system - INFO - Система инвентаря успешно инициализирована
2025-08-24 05:20:23 - src.scenes.game_scene - DEBUG - Игровые системы инициализированы
2025-08-24 05:20:23 - src.scenes.game_scene - DEBUG - Тестовый игрок создан
2025-08-24 05:20:23 - src.systems.ai.ai_system - INFO - Сущность npc_0 зарегистрирована в AI системе
2025-08-24 05:20:23 - src.systems.ai.ai_system - INFO - Сущность npc_1 зарегистрирована в AI системе
2025-08-24 05:20:23 - src.systems.ai.ai_system - INFO - Сущность npc_2 зарегистрирована в AI системе
2025-08-24 05:20:23 - src.scenes.game_scene - DEBUG - Создано 3 тестовых NPC
2025-08-24 05:20:23 - src.scenes.game_scene - DEBUG - Создано 4 UI элементов
2025-08-24 05:20:23 - src.scenes.game_scene - DEBUG - Начальные объекты созданы
2025-08-24 05:20:23 - src.scenes.game_scene - INFO - Игровая сцена успешно инициализирована
2025-08-24 05:20:23 - src.core.scene_manager - INFO - Сцена game активирована
2025-08-24 05:20:23 - core.scene_manager - INFO - Активная сцена изменена на game
2025-08-24 05:20:26 - src.scenes.game_scene - INFO - Клик по кнопке 'Назад в меню'
2025-08-24 05:20:26 - src.core.scene_manager - INFO - Сцена game деактивирована
2025-08-24 05:20:26 - src.core.scene_manager - INFO - Сцена menu активирована
2025-08-24 05:20:26 - core.scene_manager - INFO - Активная сцена изменена на menu
2025-08-24 05:20:28 - src.scenes.menu_scene - INFO - Выполняется действие: quit
2025-08-24 05:20:28 - core.game_engine - INFO - Очистка ресурсов игрового движка...
2025-08-24 05:20:28 - core.scene_manager - INFO - Очистка менеджера сцен...
2025-08-24 05:20:28 - src.core.scene_manager - INFO - Сцена menu деактивирована
2025-08-24 05:20:28 - src.scenes.menu_scene - INFO - Очистка сцены главного меню...
2025-08-24 05:20:28 - src.core.scene_manager - INFO - Сцена menu очищена
2025-08-24 05:20:28 - src.scenes.menu_scene - INFO - Сцена главного меню очищена
2025-08-24 05:20:28 - src.scenes.game_scene - INFO - Очистка игровой сцены...
2025-08-24 05:20:28 - src.core.scene_manager - INFO - Сцена game очищена
2025-08-24 05:20:28 - src.scenes.game_scene - INFO - Игровая сцена очищена
2025-08-24 05:20:28 - src.scenes.pause_scene - INFO - Очистка сцены паузы...
2025-08-24 05:20:28 - src.core.scene_manager - INFO - Сцена pause очищена
2025-08-24 05:20:28 - src.scenes.pause_scene - INFO - Сцена паузы очищена
2025-08-24 05:20:28 - src.scenes.settings_scene - INFO - Очистка сцены настроек...
2025-08-24 05:20:28 - src.core.scene_manager - INFO - Сцена settings очищена
2025-08-24 05:20:28 - src.scenes.settings_scene - INFO - Сцена настроек очищена
2025-08-24 05:20:28 - src.scenes.load_scene - INFO - Очистка сцены загрузки...
2025-08-24 05:20:28 - src.core.scene_manager - INFO - Сцена load_game очищена
2025-08-24 05:20:28 - src.scenes.load_scene - INFO - Сцена загрузки очищена
2025-08-24 05:20:28 - core.scene_manager - INFO - Менеджер сцен очищен
2025-08-24 05:20:28 - core.resource_manager - INFO - Очистка менеджера ресурсов...
2025-08-24 05:20:28 - core.resource_manager - INFO - Все кэши очищены
2025-08-24 05:20:28 - core.resource_manager - INFO - Менеджер ресурсов очищен
2025-08-24 05:20:28 - core.performance_manager - INFO - Очистка менеджера производительности...
2025-08-24 05:20:28 - core.performance_manager - INFO - Менеджер производительности очищен
2025-08-24 05:20:28 - core.game_engine - INFO - Ресурсы успешно очищены
