2025-08-24 15:36:17 - core.config_manager - INFO - Загрузка конфигурации...
2025-08-24 15:36:17 - core.config_manager - INFO - Конфигурация успешно загружена
2025-08-24 15:36:17 - core.game_engine - INFO - Игровой движок Panda3D инициализирован
2025-08-24 15:36:17 - core.game_engine - INFO - Начало инициализации игрового движка Panda3D...
2025-08-24 15:36:17 - core.game_engine - INFO - Panda3D успешно инициализирован
2025-08-24 15:36:17 - core.resource_manager - INFO - Менеджер ресурсов Panda3D инициализирован
2025-08-24 15:36:17 - core.resource_manager - INFO - Инициализация менеджера ресурсов Panda3D...
2025-08-24 15:36:17 - core.resource_manager - DEBUG - Создана директория ресурсов: textures
2025-08-24 15:36:17 - core.resource_manager - DEBUG - Создана директория ресурсов: models
2025-08-24 15:36:17 - core.resource_manager - DEBUG - Создана директория ресурсов: audio
2025-08-24 15:36:17 - core.resource_manager - DEBUG - Создана директория ресурсов: shaders
2025-08-24 15:36:17 - core.resource_manager - DEBUG - Создана директория ресурсов: data
2025-08-24 15:36:17 - core.resource_manager - DEBUG - Загрузчик Panda3D инициализирован
2025-08-24 15:36:17 - core.resource_manager - WARNING - Не удалось инициализировать аудио менеджер: cannot init abstract class
2025-08-24 15:36:17 - core.resource_manager - DEBUG - Создана базовая текстура
2025-08-24 15:36:17 - core.resource_manager - DEBUG - Создана базовая модель куба
2025-08-24 15:36:17 - core.resource_manager - DEBUG - Базовые ресурсы предзагружены
2025-08-24 15:36:17 - core.resource_manager - INFO - Менеджер ресурсов Panda3D успешно инициализирован
2025-08-24 15:36:17 - core.performance_manager - INFO - Менеджер производительности инициализирован
2025-08-24 15:36:17 - core.performance_manager - INFO - Инициализация менеджера производительности...
2025-08-24 15:36:17 - core.performance_manager - INFO - Системная информация: {'cpu_count': 12, 'cpu_freq': 3912.0, 'memory_total': 34244075520, 'memory_available': 21035347968, 'disk_total': 239150370816, 'disk_free': 138197917696}
2025-08-24 15:36:17 - core.performance_manager - INFO - Мониторинг производительности запущен
2025-08-24 15:36:17 - core.performance_manager - WARNING - Не удалось получить Pygame информацию: video system not initialized
2025-08-24 15:36:17 - core.performance_manager - INFO - Менеджер производительности успешно инициализирован
2025-08-24 15:36:17 - core.scene_manager - INFO - Менеджер сцен Panda3D инициализирован
2025-08-24 15:36:17 - core.scene_manager - INFO - Инициализация менеджера сцен...
2025-08-24 15:36:17 - core.scene_manager - INFO - Менеджер сцен успешно инициализирован
2025-08-24 15:36:17 - core.game_engine - INFO - Все менеджеры успешно инициализированы
2025-08-24 15:36:17 - src.systems.genome.genome_system - INFO - Инициализирован пул из 8 генов
2025-08-24 15:36:17 - src.systems.genome.genome_system - INFO - Genome Manager инициализирован
2025-08-24 15:36:17 - src.scenes.menu_scene - INFO - Сцена меню Panda3D создана
2025-08-24 15:36:17 - src.scenes.menu_scene - INFO - Инициализация сцены меню Panda3D...
2025-08-24 15:36:17 - src.scenes.menu_scene - DEBUG - UI элементы меню созданы
2025-08-24 15:36:17 - src.scenes.menu_scene - INFO - Сцена меню Panda3D успешно инициализирована
2025-08-24 15:36:17 - core.scene_manager - INFO - Сцена menu зарегистрирована и инициализирована
2025-08-24 15:36:17 - src.scenes.game_scene - INFO - Игровая сцена Panda3D создана
2025-08-24 15:36:17 - src.scenes.game_scene - INFO - Начало инициализации игровой сцены Panda3D...
2025-08-24 15:36:17 - src.systems.evolution.evolution_system - INFO - Система эволюции инициализирована
2025-08-24 15:36:17 - src.systems.combat.combat_system - INFO - Система боя инициализирована
2025-08-24 15:36:17 - src.systems.crafting.crafting_system - INFO - Система крафтинга инициализирована
2025-08-24 15:36:17 - src.systems.inventory.inventory_system - INFO - Система инвентаря инициализирована
2025-08-24 15:36:17 - src.systems.evolution.evolution_system - INFO - Система эволюции успешно инициализирована
2025-08-24 15:36:17 - src.systems.combat.combat_system - INFO - Система боя успешно инициализирована
2025-08-24 15:36:17 - src.systems.crafting.crafting_system - INFO - Система крафтинга успешно инициализирована
2025-08-24 15:36:17 - src.systems.inventory.inventory_system - INFO - Система инвентаря успешно инициализирована
2025-08-24 15:36:19 - src.systems.ai.ai_interface - INFO - Создана PyTorch AI система
2025-08-24 15:36:19 - src.systems.ai.pytorch_ai_system - INFO - PyTorch AI система инициализирована
2025-08-24 15:36:19 - src.systems.ai.pytorch_ai_system - INFO - Инициализация PyTorch AI системы...
2025-08-24 15:36:19 - src.systems.ai.pytorch_ai_system - INFO - PyTorch AI система успешно инициализирована
2025-08-24 15:36:19 - src.systems.ai.ai_interface - INFO - AI система 'default' добавлена
2025-08-24 15:36:19 - src.scenes.game_scene - DEBUG - Игровые системы инициализированы
2025-08-24 15:36:19 - src.systems.ai.ai_entity - DEBUG - Файл памяти не найден: saves/ai_memory/default/player_1_memory.json
2025-08-24 15:36:19 - src.systems.ai.ai_entity - INFO - AI Entity создана: player_1 (player)
2025-08-24 15:36:19 - src.systems.genome.genome_system - INFO - Геном создан для player_1: 3 хромосом
2025-08-24 15:36:19 - src.systems.genome.genome_system - INFO - Создан геном для player_1 (поколение 0)
2025-08-24 15:36:19 - src.systems.skills.skill_system - WARNING - Геном не позволяет изучить скилл Огненный шар
2025-08-24 15:36:19 - src.scenes.game_scene - INFO - Игрок не смог изучить Огненный шар (ограничения генома)
2025-08-24 15:36:19 - src.systems.skills.skill_system - WARNING - Геном не позволяет изучить скилл Исцеление
2025-08-24 15:36:19 - src.scenes.game_scene - INFO - Игрок не смог изучить Исцеление (ограничения генома)
2025-08-24 15:36:19 - src.scenes.game_scene - DEBUG - Тестовый игрок создан с системами
2025-08-24 15:36:19 - src.systems.ai.ai_entity - DEBUG - Файл памяти не найден: saves/ai_memory/default/npc_1_memory.json
2025-08-24 15:36:19 - src.systems.ai.ai_entity - INFO - AI Entity создана: npc_1 (enemy)
2025-08-24 15:36:19 - src.systems.genome.genome_system - INFO - Геном создан для npc_1: 3 хромосом
2025-08-24 15:36:19 - src.systems.genome.genome_system - INFO - Создан геном для npc_1 (поколение 0)
2025-08-24 15:36:19 - src.systems.skills.skill_system - INFO - Персонаж npc_1 изучил скилл Огненный шар
2025-08-24 15:36:19 - src.scenes.game_scene - INFO - NPC npc_1 изучил Огненный шар
2025-08-24 15:36:19 - src.systems.ai.ai_entity - DEBUG - Файл памяти не найден: saves/ai_memory/default/npc_2_memory.json
2025-08-24 15:36:19 - src.systems.ai.ai_entity - INFO - AI Entity создана: npc_2 (npc)
2025-08-24 15:36:19 - src.systems.genome.genome_system - INFO - Геном создан для npc_2: 3 хромосом
2025-08-24 15:36:19 - src.systems.genome.genome_system - INFO - Создан геном для npc_2 (поколение 0)
2025-08-24 15:36:19 - src.systems.skills.skill_system - INFO - Персонаж npc_2 изучил скилл Исцеление
2025-08-24 15:36:19 - src.scenes.game_scene - INFO - NPC npc_2 изучил Исцеление
2025-08-24 15:36:19 - src.systems.ai.ai_entity - DEBUG - Файл памяти не найден: saves/ai_memory/default/npc_3_memory.json
2025-08-24 15:36:19 - src.systems.ai.ai_entity - INFO - AI Entity создана: npc_3 (npc)
2025-08-24 15:36:19 - src.systems.genome.genome_system - INFO - Геном создан для npc_3: 3 хромосом
2025-08-24 15:36:19 - src.systems.genome.genome_system - INFO - Создан геном для npc_3 (поколение 0)
2025-08-24 15:36:19 - src.scenes.game_scene - DEBUG - Создано 3 тестовых NPC с системами
2025-08-24 15:36:19 - src.scenes.game_scene - DEBUG - Тестовые предметы и скиллы созданы
2025-08-24 15:36:19 - src.scenes.game_scene - DEBUG - UI элементы Panda3D созданы
2025-08-24 15:36:19 - src.scenes.game_scene - DEBUG - Начальные объекты созданы
2025-08-24 15:36:20 - src.systems.ai.pytorch_ai_system - DEBUG - Нейронные сети для player_1 инициализированы
2025-08-24 15:36:20 - src.systems.ai.pytorch_ai_system - INFO - Сущность player_1 зарегистрирована в PyTorch AI системе
2025-08-24 15:36:20 - src.systems.ai.ai_interface - DEBUG - Сущность 'player_1' зарегистрирована в системе 'default'
2025-08-24 15:36:20 - src.scenes.game_scene - DEBUG - Сущность 'player_1' зарегистрирована в AI системе
2025-08-24 15:36:20 - src.systems.ai.pytorch_ai_system - DEBUG - Нейронные сети для npc_1 инициализированы
2025-08-24 15:36:20 - src.systems.ai.pytorch_ai_system - INFO - Сущность npc_1 зарегистрирована в PyTorch AI системе
2025-08-24 15:36:20 - src.systems.ai.ai_interface - DEBUG - Сущность 'npc_1' зарегистрирована в системе 'default'
2025-08-24 15:36:20 - src.scenes.game_scene - DEBUG - Сущность 'npc_1' зарегистрирована в AI системе
2025-08-24 15:36:20 - src.systems.ai.pytorch_ai_system - DEBUG - Нейронные сети для npc_2 инициализированы
2025-08-24 15:36:20 - src.systems.ai.pytorch_ai_system - INFO - Сущность npc_2 зарегистрирована в PyTorch AI системе
2025-08-24 15:36:20 - src.systems.ai.ai_interface - DEBUG - Сущность 'npc_2' зарегистрирована в системе 'default'
2025-08-24 15:36:20 - src.scenes.game_scene - DEBUG - Сущность 'npc_2' зарегистрирована в AI системе
2025-08-24 15:36:20 - src.systems.ai.pytorch_ai_system - DEBUG - Нейронные сети для npc_3 инициализированы
2025-08-24 15:36:20 - src.systems.ai.pytorch_ai_system - INFO - Сущность npc_3 зарегистрирована в PyTorch AI системе
2025-08-24 15:36:20 - src.systems.ai.ai_interface - DEBUG - Сущность 'npc_3' зарегистрирована в системе 'default'
2025-08-24 15:36:20 - src.scenes.game_scene - DEBUG - Сущность 'npc_3' зарегистрирована в AI системе
2025-08-24 15:36:20 - src.scenes.game_scene - INFO - Зарегистрировано 4 сущностей в AI системе
2025-08-24 15:36:20 - src.scenes.game_scene - DEBUG - Освещение игровой сцены настроено
2025-08-24 15:36:20 - src.scenes.game_scene - DEBUG - UI элементы Panda3D созданы
2025-08-24 15:36:20 - src.scenes.game_scene - INFO - Игровая сцена Panda3D успешно инициализирована
2025-08-24 15:36:20 - core.scene_manager - INFO - Сцена game зарегистрирована и инициализирована
2025-08-24 15:36:20 - src.scenes.pause_scene - INFO - Сцена паузы Panda3D создана
2025-08-24 15:36:20 - src.scenes.pause_scene - INFO - Инициализация сцены паузы Panda3D...
2025-08-24 15:36:20 - src.scenes.pause_scene - DEBUG - UI элементы паузы созданы
2025-08-24 15:36:20 - src.scenes.pause_scene - INFO - Сцена паузы Panda3D успешно инициализирована
2025-08-24 15:36:20 - core.scene_manager - INFO - Сцена pause зарегистрирована и инициализирована
2025-08-24 15:36:20 - src.scenes.settings_scene - INFO - Сцена настроек Panda3D создана
2025-08-24 15:36:20 - src.scenes.settings_scene - INFO - Инициализация сцены настроек Panda3D...
2025-08-24 15:36:20 - src.scenes.settings_scene - ERROR - Ошибка инициализации сцены настроек: 'Unknown options "trough_relief, trough_frameColor" for DirectSlider'
2025-08-24 15:36:20 - core.scene_manager - ERROR - Не удалось инициализировать сцену settings
2025-08-24 15:36:20 - src.scenes.load_scene - INFO - Сцена загрузки Panda3D создана
2025-08-24 15:36:20 - src.scenes.load_scene - INFO - Инициализация сцены загрузки Panda3D...
2025-08-24 15:36:20 - src.scenes.load_scene - DEBUG - Загружено 3 сохранений
2025-08-24 15:36:20 - src.scenes.load_scene - DEBUG - Список сохранений создан
2025-08-24 15:36:20 - src.scenes.load_scene - DEBUG - UI элементы загрузки созданы
2025-08-24 15:36:20 - src.scenes.load_scene - INFO - Сцена загрузки Panda3D успешно инициализирована
2025-08-24 15:36:20 - core.scene_manager - INFO - Сцена load_game зарегистрирована и инициализирована
2025-08-24 15:36:20 - core.scene_manager - INFO - Активная сцена изменена на menu
2025-08-24 15:36:20 - core.game_engine - INFO - Сцены успешно инициализированы
2025-08-24 15:36:20 - core.game_engine - DEBUG - Освещение настроено
2025-08-24 15:36:20 - core.game_engine - DEBUG - UI элементы настроены
2025-08-24 15:36:20 - core.game_engine - DEBUG - Задачи Panda3D настроены
2025-08-24 15:36:20 - core.game_engine - INFO - Игровой движок Panda3D успешно инициализирован
2025-08-24 15:36:20 - core.game_engine - INFO - Запуск игрового цикла Panda3D
2025-08-24 15:36:20 - core.performance_manager - WARNING - FPS ниже порога: 0.3 < 30.0
2025-08-24 15:36:20 - core.performance_manager - DEBUG - Применены настройки качества: {'particle_limit': 500, 'shadow_quality': 'medium', 'texture_quality': 'medium', 'anti_aliasing': False}
2025-08-24 15:36:20 - core.performance_manager - INFO - Уровень качества изменен: high -> medium
2025-08-24 15:36:20 - core.performance_manager - INFO - Автоматическое снижение качества до medium
2025-08-24 15:36:20 - core.game_engine - DEBUG - FPS: 1
2025-08-24 15:36:20 - core.performance_manager - WARNING - FPS ниже порога: 8.3 < 30.0
2025-08-24 15:36:20 - core.performance_manager - DEBUG - Применены настройки качества: {'particle_limit': 200, 'shadow_quality': 'low', 'texture_quality': 'low', 'anti_aliasing': False}
2025-08-24 15:36:20 - core.performance_manager - INFO - Уровень качества изменен: medium -> low
2025-08-24 15:36:20 - core.performance_manager - INFO - Автоматическое снижение качества до low
2025-08-24 15:36:20 - core.performance_manager - DEBUG - Применены настройки качества: {'particle_limit': 500, 'shadow_quality': 'medium', 'texture_quality': 'medium', 'anti_aliasing': False}
2025-08-24 15:36:20 - core.performance_manager - INFO - Уровень качества изменен: low -> medium
2025-08-24 15:36:20 - core.performance_manager - INFO - Автоматическое повышение качества до medium
2025-08-24 15:36:20 - core.performance_manager - DEBUG - Применены настройки качества: {'particle_limit': 1000, 'shadow_quality': 'high', 'texture_quality': 'high', 'anti_aliasing': True}
2025-08-24 15:36:20 - core.performance_manager - INFO - Уровень качества изменен: medium -> high
2025-08-24 15:36:20 - core.performance_manager - INFO - Автоматическое повышение качества до high
2025-08-24 15:36:24 - core.performance_manager - WARNING - Использование CPU выше порога: 93.2% > 90.0%
2025-08-24 15:36:24 - core.performance_manager - WARNING - Использование CPU выше порога: 93.2% > 90.0%
2025-08-24 15:36:24 - core.performance_manager - WARNING - Использование CPU выше порога: 93.2% > 90.0%
2025-08-24 15:36:24 - core.performance_manager - WARNING - Использование CPU выше порога: 93.2% > 90.0%
2025-08-24 15:36:24 - core.performance_manager - WARNING - Использование CPU выше порога: 93.2% > 90.0%
2025-08-24 15:36:24 - core.performance_manager - WARNING - Использование CPU выше порога: 93.2% > 90.0%
2025-08-24 15:36:24 - core.performance_manager - WARNING - Использование CPU выше порога: 93.2% > 90.0%
2025-08-24 15:36:24 - core.performance_manager - WARNING - Использование CPU выше порога: 93.2% > 90.0%
2025-08-24 15:36:24 - core.performance_manager - WARNING - Использование CPU выше порога: 93.2% > 90.0%
2025-08-24 15:36:24 - core.performance_manager - WARNING - Использование CPU выше порога: 93.2% > 90.0%
2025-08-24 15:36:24 - core.performance_manager - WARNING - Использование CPU выше порога: 93.2% > 90.0%
2025-08-24 15:36:24 - core.performance_manager - WARNING - Использование CPU выше порога: 93.2% > 90.0%
2025-08-24 15:36:24 - core.performance_manager - WARNING - Использование CPU выше порога: 93.2% > 90.0%
2025-08-24 15:36:24 - core.performance_manager - WARNING - Использование CPU выше порога: 93.2% > 90.0%
2025-08-24 15:36:24 - core.performance_manager - WARNING - Использование CPU выше порога: 93.2% > 90.0%
2025-08-24 15:36:24 - core.performance_manager - WARNING - Использование CPU выше порога: 93.2% > 90.0%
2025-08-24 15:36:24 - core.performance_manager - WARNING - Использование CPU выше порога: 93.2% > 90.0%
2025-08-24 15:36:24 - core.performance_manager - WARNING - Использование CPU выше порога: 93.2% > 90.0%
2025-08-24 15:36:24 - core.performance_manager - WARNING - Использование CPU выше порога: 93.2% > 90.0%
2025-08-24 15:36:24 - core.performance_manager - WARNING - Использование CPU выше порога: 93.2% > 90.0%
2025-08-24 15:36:24 - core.performance_manager - WARNING - Использование CPU выше порога: 93.2% > 90.0%
2025-08-24 15:36:24 - core.performance_manager - WARNING - Использование CPU выше порога: 93.2% > 90.0%
2025-08-24 15:36:24 - core.performance_manager - WARNING - Использование CPU выше порога: 93.2% > 90.0%
2025-08-24 15:36:24 - core.performance_manager - WARNING - Использование CPU выше порога: 93.2% > 90.0%
2025-08-24 15:36:24 - core.performance_manager - WARNING - Использование CPU выше порога: 93.2% > 90.0%
2025-08-24 15:36:24 - core.performance_manager - WARNING - Использование CPU выше порога: 93.2% > 90.0%
2025-08-24 15:36:24 - core.performance_manager - WARNING - Использование CPU выше порога: 93.2% > 90.0%
2025-08-24 15:36:24 - core.performance_manager - WARNING - Использование CPU выше порога: 93.2% > 90.0%
2025-08-24 15:36:24 - core.performance_manager - WARNING - Использование CPU выше порога: 93.2% > 90.0%
2025-08-24 15:36:24 - core.performance_manager - WARNING - Использование CPU выше порога: 93.2% > 90.0%
2025-08-24 15:36:24 - core.performance_manager - WARNING - Использование CPU выше порога: 93.2% > 90.0%
2025-08-24 15:36:24 - core.performance_manager - WARNING - Использование CPU выше порога: 93.2% > 90.0%
2025-08-24 15:36:24 - core.performance_manager - WARNING - Использование CPU выше порога: 93.2% > 90.0%
2025-08-24 15:36:30 - core.game_engine - DEBUG - FPS: 166
2025-08-24 15:36:36 - core.performance_manager - WARNING - FPS ниже порога: 1.6 < 30.0
2025-08-24 15:36:36 - core.performance_manager - DEBUG - Применены настройки качества: {'particle_limit': 500, 'shadow_quality': 'medium', 'texture_quality': 'medium', 'anti_aliasing': False}
2025-08-24 15:36:36 - core.performance_manager - INFO - Уровень качества изменен: high -> medium
2025-08-24 15:36:36 - core.performance_manager - INFO - Автоматическое снижение качества до medium
2025-08-24 15:36:36 - core.performance_manager - DEBUG - Применены настройки качества: {'particle_limit': 1000, 'shadow_quality': 'high', 'texture_quality': 'high', 'anti_aliasing': True}
2025-08-24 15:36:36 - core.performance_manager - INFO - Уровень качества изменен: medium -> high
2025-08-24 15:36:36 - core.performance_manager - INFO - Автоматическое повышение качества до high
2025-08-24 15:36:40 - core.game_engine - DEBUG - FPS: 166
2025-08-24 15:36:40 - core.performance_manager - WARNING - FPS ниже порога: 3.9 < 30.0
2025-08-24 15:36:40 - core.performance_manager - DEBUG - Применены настройки качества: {'particle_limit': 500, 'shadow_quality': 'medium', 'texture_quality': 'medium', 'anti_aliasing': False}
2025-08-24 15:36:40 - core.performance_manager - INFO - Уровень качества изменен: high -> medium
2025-08-24 15:36:40 - core.performance_manager - INFO - Автоматическое снижение качества до medium
2025-08-24 15:36:40 - core.performance_manager - DEBUG - Применены настройки качества: {'particle_limit': 1000, 'shadow_quality': 'high', 'texture_quality': 'high', 'anti_aliasing': True}
2025-08-24 15:36:40 - core.performance_manager - INFO - Уровень качества изменен: medium -> high
2025-08-24 15:36:40 - core.performance_manager - INFO - Автоматическое повышение качества до high
2025-08-24 15:36:50 - core.game_engine - DEBUG - FPS: 165
2025-08-24 15:37:00 - core.game_engine - DEBUG - FPS: 166
2025-08-24 15:37:10 - core.game_engine - DEBUG - FPS: 166
2025-08-24 15:37:20 - core.game_engine - DEBUG - FPS: 167
2025-08-24 15:37:30 - core.game_engine - DEBUG - FPS: 166
2025-08-24 15:37:32 - core.performance_manager - WARNING - Использование CPU выше порога: 96.4% > 90.0%
2025-08-24 15:37:32 - core.performance_manager - WARNING - Использование CPU выше порога: 96.4% > 90.0%
2025-08-24 15:37:32 - core.performance_manager - WARNING - Использование CPU выше порога: 96.4% > 90.0%
2025-08-24 15:37:32 - core.performance_manager - WARNING - Использование CPU выше порога: 96.4% > 90.0%
2025-08-24 15:37:32 - core.performance_manager - WARNING - Использование CPU выше порога: 96.4% > 90.0%
2025-08-24 15:37:32 - core.performance_manager - WARNING - Использование CPU выше порога: 96.4% > 90.0%
2025-08-24 15:37:32 - core.performance_manager - WARNING - Использование CPU выше порога: 96.4% > 90.0%
2025-08-24 15:37:32 - core.performance_manager - WARNING - Использование CPU выше порога: 96.4% > 90.0%
2025-08-24 15:37:32 - core.performance_manager - WARNING - Использование CPU выше порога: 96.4% > 90.0%
2025-08-24 15:37:32 - core.performance_manager - WARNING - Использование CPU выше порога: 96.4% > 90.0%
2025-08-24 15:37:32 - core.performance_manager - WARNING - Использование CPU выше порога: 96.4% > 90.0%
2025-08-24 15:37:32 - core.performance_manager - WARNING - Использование CPU выше порога: 96.4% > 90.0%
2025-08-24 15:37:32 - core.performance_manager - WARNING - Использование CPU выше порога: 96.4% > 90.0%
2025-08-24 15:37:32 - core.performance_manager - WARNING - Использование CPU выше порога: 96.4% > 90.0%
2025-08-24 15:37:32 - core.performance_manager - WARNING - Использование CPU выше порога: 96.4% > 90.0%
2025-08-24 15:37:32 - core.performance_manager - WARNING - Использование CPU выше порога: 96.4% > 90.0%
2025-08-24 15:37:32 - core.performance_manager - WARNING - Использование CPU выше порога: 96.4% > 90.0%
2025-08-24 15:37:32 - core.performance_manager - WARNING - Использование CPU выше порога: 96.4% > 90.0%
2025-08-24 15:37:32 - core.performance_manager - WARNING - Использование CPU выше порога: 96.4% > 90.0%
2025-08-24 15:37:32 - core.performance_manager - WARNING - Использование CPU выше порога: 96.4% > 90.0%
2025-08-24 15:37:32 - core.performance_manager - WARNING - Использование CPU выше порога: 96.4% > 90.0%
2025-08-24 15:37:32 - core.performance_manager - WARNING - Использование CPU выше порога: 96.4% > 90.0%
2025-08-24 15:37:32 - core.performance_manager - WARNING - Использование CPU выше порога: 96.4% > 90.0%
2025-08-24 15:37:32 - core.performance_manager - WARNING - Использование CPU выше порога: 96.4% > 90.0%
2025-08-24 15:37:32 - core.performance_manager - WARNING - Использование CPU выше порога: 96.4% > 90.0%
2025-08-24 15:37:32 - core.performance_manager - WARNING - Использование CPU выше порога: 96.4% > 90.0%
2025-08-24 15:37:32 - core.performance_manager - WARNING - Использование CPU выше порога: 96.4% > 90.0%
2025-08-24 15:37:32 - core.performance_manager - WARNING - Использование CPU выше порога: 96.4% > 90.0%
2025-08-24 15:37:32 - core.performance_manager - WARNING - Использование CPU выше порога: 96.4% > 90.0%
2025-08-24 15:37:32 - core.performance_manager - WARNING - Использование CPU выше порога: 96.4% > 90.0%
2025-08-24 15:37:32 - core.performance_manager - WARNING - Использование CPU выше порога: 96.4% > 90.0%
2025-08-24 15:37:32 - core.performance_manager - WARNING - Использование CPU выше порога: 96.4% > 90.0%
2025-08-24 15:37:32 - core.performance_manager - WARNING - Использование CPU выше порога: 96.4% > 90.0%
2025-08-24 15:37:32 - core.performance_manager - WARNING - Использование CPU выше порога: 96.4% > 90.0%
2025-08-24 15:37:32 - core.performance_manager - WARNING - Использование CPU выше порога: 96.4% > 90.0%
2025-08-24 15:37:40 - core.game_engine - DEBUG - FPS: 166
2025-08-24 15:37:50 - core.game_engine - DEBUG - FPS: 166
2025-08-24 15:38:00 - core.game_engine - DEBUG - FPS: 166
2025-08-24 15:38:10 - core.game_engine - DEBUG - FPS: 166
2025-08-24 15:38:20 - core.game_engine - DEBUG - FPS: 166
2025-08-24 15:38:30 - core.game_engine - DEBUG - FPS: 165
2025-08-24 15:38:31 - core.game_engine - INFO - Очистка ресурсов игрового движка...
2025-08-24 15:38:31 - core.scene_manager - INFO - Очистка менеджера сцен...
2025-08-24 15:38:31 - src.scenes.menu_scene - INFO - Очистка сцены меню Panda3D...
2025-08-24 15:38:31 - src.scenes.menu_scene - INFO - Сцена меню Panda3D очищена
2025-08-24 15:38:31 - src.scenes.game_scene - INFO - Очистка игровой сцены Panda3D...
2025-08-24 15:38:31 - src.systems.ai.pytorch_ai_system - INFO - Очистка PyTorch AI системы...
2025-08-24 15:38:31 - src.systems.ai.pytorch_ai_system - ERROR - Ошибка сохранения памяти AI: Object of type PersonalityType is not JSON serializable
2025-08-24 15:38:31 - src.systems.ai.pytorch_ai_system - INFO - PyTorch AI система очищена
2025-08-24 15:38:31 - src.systems.ai.ai_interface - INFO - AI система 'default' очищена
2025-08-24 15:38:31 - src.systems.evolution.evolution_system - INFO - Очистка системы эволюции...
2025-08-24 15:38:31 - src.systems.combat.combat_system - INFO - Очистка системы боя...
2025-08-24 15:38:31 - src.systems.crafting.crafting_system - INFO - Очистка системы крафтинга...
2025-08-24 15:38:31 - src.systems.inventory.inventory_system - INFO - Очистка системы инвентаря...
2025-08-24 15:38:31 - src.scenes.game_scene - INFO - Игровая сцена Panda3D очищена
2025-08-24 15:38:31 - src.scenes.pause_scene - INFO - Очистка сцены паузы Panda3D...
2025-08-24 15:38:31 - src.scenes.pause_scene - INFO - Сцена паузы Panda3D очищена
2025-08-24 15:38:31 - src.scenes.settings_scene - INFO - Очистка сцены настроек Panda3D...
2025-08-24 15:38:31 - src.scenes.settings_scene - INFO - Сцена настроек Panda3D очищена
2025-08-24 15:38:31 - src.scenes.load_scene - INFO - Очистка сцены загрузки Panda3D...
2025-08-24 15:38:31 - src.scenes.load_scene - INFO - Сцена загрузки Panda3D очищена
2025-08-24 15:38:31 - core.scene_manager - INFO - Менеджер сцен очищен
2025-08-24 15:38:31 - core.resource_manager - INFO - Очистка менеджера ресурсов Panda3D...
2025-08-24 15:38:31 - core.resource_manager - INFO - Менеджер ресурсов Panda3D очищен
2025-08-24 15:38:31 - core.performance_manager - INFO - Очистка менеджера производительности...
2025-08-24 15:38:31 - core.performance_manager - INFO - Менеджер производительности очищен
2025-08-24 15:38:31 - core.game_engine - ERROR - Ошибка при очистке ресурсов: 'dict' object has no attribute 'GetBool'
