2025-08-24 04:10:08 - core.config_manager - INFO - Загрузка конфигурации...
2025-08-24 04:10:08 - core.config_manager - INFO - Конфигурация успешно загружена
2025-08-24 04:10:08 - core.game_engine - INFO - Игровой движок инициализирован
2025-08-24 04:10:08 - core.game_engine - INFO - Начало инициализации игрового движка...
2025-08-24 04:10:09 - core.game_engine - INFO - Pygame успешно инициализирован
2025-08-24 04:10:09 - core.resource_manager - INFO - Менеджер ресурсов инициализирован
2025-08-24 04:10:09 - core.resource_manager - INFO - Инициализация менеджера ресурсов...
2025-08-24 04:10:09 - core.resource_manager - DEBUG - Создана директория: graphics
2025-08-24 04:10:09 - core.resource_manager - DEBUG - Создана директория: audio
2025-08-24 04:10:09 - core.resource_manager - DEBUG - Создана директория: data
2025-08-24 04:10:09 - core.resource_manager - DEBUG - Создана директория: maps
2025-08-24 04:10:09 - core.resource_manager - DEBUG - Создана директория: fonts
2025-08-24 04:10:09 - core.resource_manager - INFO - Найдено ресурсов: 0
2025-08-24 04:10:09 - core.resource_manager - WARNING - Файл изображения не найден: assets\graphics\ui\button.png
2025-08-24 04:10:09 - core.resource_manager - WARNING - Файл изображения не найден: assets\graphics\ui\background.png
2025-08-24 04:10:09 - core.resource_manager - WARNING - Файл звука не найден: assets\audio\ui\click.wav
2025-08-24 04:10:09 - core.resource_manager - WARNING - Файл шрифта не найден: assets\fonts\main.ttf
2025-08-24 04:10:09 - core.resource_manager - INFO - Менеджер ресурсов успешно инициализирован
2025-08-24 04:10:09 - core.performance_manager - INFO - Менеджер производительности инициализирован
2025-08-24 04:10:09 - core.performance_manager - INFO - Инициализация менеджера производительности...
2025-08-24 04:10:09 - core.performance_manager - INFO - Системная информация: {'cpu_count': 12, 'cpu_freq': 3912.0, 'memory_total': 34244075520, 'memory_available': 21328359424, 'disk_total': 239150370816, 'disk_free': 150859821056}
2025-08-24 04:10:09 - core.performance_manager - INFO - Мониторинг производительности запущен
2025-08-24 04:10:09 - core.performance_manager - WARNING - Не удалось получить Pygame информацию: does not exist in vidinfo
2025-08-24 04:10:09 - core.performance_manager - INFO - Менеджер производительности успешно инициализирован
2025-08-24 04:10:09 - core.scene_manager - INFO - Менеджер сцен инициализирован
2025-08-24 04:10:09 - core.scene_manager - INFO - Инициализация менеджера сцен...
2025-08-24 04:10:09 - core.scene_manager - WARNING - Не удалось импортировать некоторые сцены: attempted relative import beyond top-level package
2025-08-24 04:10:09 - core.scene_manager - INFO - Сцена menu зарегистрирована
2025-08-24 04:10:09 - core.scene_manager - INFO - Сцена game зарегистрирована
2025-08-24 04:10:09 - core.scene_manager - INFO - Сцена pause зарегистрирована
2025-08-24 04:10:09 - core.scene_manager - INFO - Менеджер сцен успешно инициализирован
2025-08-24 04:10:09 - core.game_engine - INFO - Все менеджеры успешно инициализированы
2025-08-24 04:10:09 - core.game_engine - ERROR - Ошибка инициализации сцен: attempted relative import beyond top-level package
2025-08-24 04:10:09 - core.game_engine - ERROR - Не удалось инициализировать игровой движок
