2025-08-26 10:36:29 - core.config_manager - INFO - Загрузка конфигурации...
2025-08-26 10:36:29 - core.config_manager - INFO - Конфигурация успешно загружена
2025-08-26 10:36:29 - core.game_engine - INFO - Игровой движок Panda3D инициализирован
2025-08-26 10:36:29 - core.game_engine - INFO - Начало инициализации игрового движка Panda3D...
2025-08-26 10:36:29 - core.game_engine - INFO - Panda3D успешно инициализирован
2025-08-26 10:36:29 - core.config_manager - INFO - Загрузка конфигурации...
2025-08-26 10:36:29 - core.config_manager - INFO - Конфигурация успешно загружена
2025-08-26 10:36:29 - core.event_system - INFO - Система событий инициализирована
2025-08-26 10:36:29 - core.event_system - INFO - Система событий успешно инициализирована
2025-08-26 10:36:29 - core.system_manager - INFO - Менеджер систем инициализирован
2025-08-26 10:36:29 - core.system_factory - INFO - Фабрика систем инициализирована
2025-08-26 10:36:29 - core.system_manager - INFO - Менеджер систем инициализирован
2025-08-26 10:36:29 - core.system_factory - INFO - Инициализация всех систем...
2025-08-26 10:36:29 - core.system_manager - INFO - Инициализация менеджера систем...
2025-08-26 10:36:29 - core.event_system - DEBUG - Подписка на событие system_ready от system_manager
2025-08-26 10:36:29 - core.event_system - DEBUG - Подписка на событие system_error от system_manager
2025-08-26 10:36:29 - core.system_manager - DEBUG - Порядок инициализации систем: []
2025-08-26 10:36:29 - core.system_manager - INFO - Менеджер систем успешно инициализирован
2025-08-26 10:36:29 - core.system_factory - INFO - Все системы успешно инициализированы
2025-08-26 10:36:29 - core.game_engine - INFO - Существующие системы добавлены в менеджер систем
2025-08-26 10:36:29 - core.system_manager - INFO - Инициализация менеджера систем...
2025-08-26 10:36:29 - core.event_system - DEBUG - Подписка на событие system_ready от system_manager
2025-08-26 10:36:29 - core.event_system - DEBUG - Подписка на событие system_error от system_manager
2025-08-26 10:36:29 - core.system_manager - DEBUG - Порядок инициализации систем: []
2025-08-26 10:36:29 - core.system_manager - INFO - Менеджер систем успешно инициализирован
2025-08-26 10:36:29 - core.resource_manager - INFO - Менеджер ресурсов Panda3D инициализирован
2025-08-26 10:36:29 - core.resource_manager - INFO - Инициализация менеджера ресурсов Panda3D...
2025-08-26 10:36:29 - core.resource_manager - DEBUG - Создана директория ресурсов: textures
2025-08-26 10:36:29 - core.resource_manager - DEBUG - Создана директория ресурсов: models
2025-08-26 10:36:29 - core.resource_manager - DEBUG - Создана директория ресурсов: audio
2025-08-26 10:36:29 - core.resource_manager - DEBUG - Создана директория ресурсов: shaders
2025-08-26 10:36:29 - core.resource_manager - DEBUG - Создана директория ресурсов: data
2025-08-26 10:36:29 - core.resource_manager - DEBUG - Загрузчик Panda3D инициализирован
2025-08-26 10:36:29 - core.resource_manager - WARNING - Не удалось инициализировать аудио менеджер: cannot init abstract class
2025-08-26 10:36:29 - core.resource_manager - DEBUG - Создана базовая текстура
2025-08-26 10:36:29 - core.resource_manager - DEBUG - Создана базовая модель куба
2025-08-26 10:36:29 - core.resource_manager - DEBUG - Базовые ресурсы предзагружены
2025-08-26 10:36:29 - core.resource_manager - INFO - Менеджер ресурсов Panda3D успешно инициализирован
2025-08-26 10:36:29 - core.performance_manager - INFO - Инициализация менеджера производительности...
2025-08-26 10:36:29 - core.performance_manager - INFO - Поток мониторинга производительности запущен
2025-08-26 10:36:29 - core.performance_manager - INFO - Менеджер производительности успешно инициализирован
2025-08-26 10:36:29 - core.scene_manager - INFO - Инициализация менеджера сцен...
2025-08-26 10:36:29 - core.scene_manager - INFO - Менеджер сцен успешно инициализирован
2025-08-26 10:36:29 - core.game_engine - INFO - Все менеджеры успешно инициализированы
2025-08-26 10:36:36 - src.scenes.menu_scene - INFO - Сцена меню Panda3D создана
2025-08-26 10:36:36 - src.scenes.menu_scene - INFO - Инициализация сцены меню Panda3D...
2025-08-26 10:36:36 - src.scenes.menu_scene - DEBUG - UI элементы меню созданы
2025-08-26 10:36:36 - src.scenes.menu_scene - INFO - Сцена меню Panda3D успешно инициализирована
2025-08-26 10:36:36 - core.scene_manager - INFO - Сцена menu зарегистрирована и инициализирована
2025-08-26 10:36:36 - src.scenes.game_scene - INFO - Игровая сцена Panda3D создана
2025-08-26 10:36:36 - src.scenes.game_scene - INFO - Начало инициализации игровой сцены Panda3D...
2025-08-26 10:36:36 - src.scenes.game_scene - WARNING - Не удалось инициализировать некоторые системы: 'base_adaptation_chance'
2025-08-26 10:36:36 - src.systems.skills.skill_system - DEBUG - Создано дерево навыков для сущности player_1
2025-08-26 10:36:36 - src.systems.ai.ai_entity - DEBUG - Файл памяти не найден: saves/ai_memory/default/player_1_memory.json
2025-08-26 10:36:36 - src.systems.ai.ai_entity - INFO - AI Entity создана: player_1 (player)
2025-08-26 10:36:36 - src.scenes.game_scene - WARNING - Не удалось создать некоторые объекты: 'dict' object has no attribute 'get_stat_boosts'
2025-08-26 10:36:36 - src.scenes.game_scene - INFO - Зарегистрировано 0 сущностей в AI системе
2025-08-26 10:36:36 - src.scenes.game_scene - DEBUG - Освещение игровой сцены настроено
2025-08-26 10:36:36 - src.scenes.game_scene - ERROR - Ошибка инициализации игровой сцены: name 'DirectButton' is not defined
2025-08-26 10:36:36 - core.scene_manager - ERROR - Не удалось инициализировать сцену game
2025-08-26 10:36:36 - src.scenes.pause_scene - INFO - Сцена паузы Panda3D создана
2025-08-26 10:36:36 - src.scenes.pause_scene - INFO - Инициализация сцены паузы Panda3D...
2025-08-26 10:36:36 - src.scenes.pause_scene - DEBUG - UI элементы паузы созданы
2025-08-26 10:36:36 - src.scenes.pause_scene - INFO - Сцена паузы Panda3D успешно инициализирована
2025-08-26 10:36:36 - core.scene_manager - INFO - Сцена pause зарегистрирована и инициализирована
2025-08-26 10:36:36 - src.scenes.settings_scene - INFO - Сцена настроек Panda3D создана
2025-08-26 10:36:36 - src.scenes.settings_scene - INFO - Инициализация сцены настроек Panda3D...
2025-08-26 10:36:36 - src.scenes.settings_scene - ERROR - Ошибка инициализации сцены настроек: 'Unknown options "trough_relief, trough_frameColor" for DirectSlider'
2025-08-26 10:36:36 - core.scene_manager - ERROR - Не удалось инициализировать сцену settings
2025-08-26 10:36:36 - src.scenes.load_scene - INFO - Сцена загрузки Panda3D создана
2025-08-26 10:36:36 - src.scenes.load_scene - INFO - Инициализация сцены загрузки Panda3D...
2025-08-26 10:36:36 - src.scenes.load_scene - DEBUG - Загружено 3 сохранений
2025-08-26 10:36:36 - src.scenes.load_scene - DEBUG - Список сохранений создан
2025-08-26 10:36:36 - src.scenes.load_scene - DEBUG - UI элементы загрузки созданы
2025-08-26 10:36:36 - src.scenes.load_scene - INFO - Сцена загрузки Panda3D успешно инициализирована
2025-08-26 10:36:36 - core.scene_manager - INFO - Сцена load_game зарегистрирована и инициализирована
2025-08-26 10:36:36 - src.scenes.creator_scene - INFO - Сцена творца мира Panda3D создана
2025-08-26 10:36:36 - src.scenes.creator_scene - INFO - Начало инициализации сцены творца мира Panda3D...
2025-08-26 10:36:36 - src.systems.world.world_manager - INFO - Менеджер игрового мира инициализирован
2025-08-26 10:36:36 - src.systems.world.world_manager - INFO - Инициализация менеджера игрового мира...
2025-08-26 10:36:36 - src.systems.world.world_manager - DEBUG - Panda3D узлы мира настроены
2025-08-26 10:36:36 - src.systems.world.world_manager - DEBUG - Сетка мира инициализирована
2025-08-26 10:36:36 - src.systems.world.world_manager - INFO - Менеджер игрового мира успешно инициализирован
2025-08-26 10:36:36 - src.systems.ui.ui_system - INFO - Система UI творца мира инициализирована
2025-08-26 10:36:36 - src.systems.ui.ui_system - INFO - Инициализация системы UI...
2025-08-26 10:36:36 - src.systems.ui.ui_system - DEBUG - Система UI настроена
2025-08-26 10:36:36 - src.systems.ui.ui_system - INFO - Создано 10 шаблонов объектов
2025-08-26 10:36:36 - src.systems.ui.ui_system - INFO - Система UI успешно инициализирована
2025-08-26 10:36:36 - src.scenes.creator_scene - DEBUG - Системы сцены творца мира инициализированы
2025-08-26 10:36:37 - src.scenes.creator_scene - DEBUG - UI элементы сцены творца мира созданы
2025-08-26 10:36:37 - src.scenes.creator_scene - DEBUG - Освещение сцены творца мира настроено
2025-08-26 10:36:37 - src.scenes.creator_scene - DEBUG - Сетка размещения создана
2025-08-26 10:36:37 - src.scenes.creator_scene - INFO - Сцена творца мира Panda3D успешно инициализирована
2025-08-26 10:36:37 - core.scene_manager - INFO - Сцена creator зарегистрирована и инициализирована
2025-08-26 10:36:37 - core.scene_manager - INFO - Активная сцена изменена на menu
2025-08-26 10:36:37 - core.game_engine - INFO - Сцены успешно инициализированы
2025-08-26 10:36:37 - core.game_engine - DEBUG - Задачи Panda3D настроены
2025-08-26 10:36:37 - core.game_engine - INFO - Игровой движок Panda3D успешно инициализирован
2025-08-26 10:36:37 - core.game_engine - INFO - Запуск игрового цикла Panda3D
2025-08-26 10:36:40 - core.game_engine - DEBUG - FPS: 165
2025-08-26 10:36:42 - core.game_engine - INFO - Очистка ресурсов игрового движка...
2025-08-26 10:36:42 - core.system_manager - INFO - Очистка менеджера систем...
2025-08-26 10:36:42 - core.system_manager - INFO - Менеджер систем очищен
2025-08-26 10:36:42 - core.game_engine - ERROR - Ошибка при очистке ресурсов: 'SystemFactory' object has no attribute 'cleanup'
