2025-08-29 01:49:46 - core.config_manager - INFO - Загрузка конфигурации...
2025-08-29 01:49:46 - core.config_manager - DEBUG - Конфигурация сохранена
2025-08-29 01:49:46 - core.config_manager - INFO - Конфигурация успешно загружена
2025-08-29 01:49:46 - core.game_engine - INFO - Игровой движок Panda3D инициализирован
2025-08-29 01:49:46 - core.game_engine - INFO - Начало инициализации игрового движка Panda3D...
2025-08-29 01:49:46 - core.game_engine - INFO - Panda3D успешно инициализирован
2025-08-29 01:49:46 - core.config_manager - INFO - Загрузка конфигурации...
2025-08-29 01:49:46 - core.config_manager - DEBUG - Конфигурация сохранена
2025-08-29 01:49:46 - core.config_manager - INFO - Конфигурация успешно загружена
2025-08-29 01:49:46 - core.event_system - INFO - Система событий инициализирована
2025-08-29 01:49:46 - core.event_system - INFO - Система событий успешно инициализирована
2025-08-29 01:49:46 - core.resource_manager - INFO - Менеджер ресурсов Panda3D инициализирован
2025-08-29 01:49:46 - core.resource_manager - INFO - Инициализация менеджера ресурсов Panda3D...
2025-08-29 01:49:46 - core.resource_manager - DEBUG - Создана директория ресурсов: textures
2025-08-29 01:49:46 - core.resource_manager - DEBUG - Создана директория ресурсов: models
2025-08-29 01:49:46 - core.resource_manager - DEBUG - Создана директория ресурсов: audio
2025-08-29 01:49:46 - core.resource_manager - DEBUG - Создана директория ресурсов: shaders
2025-08-29 01:49:46 - core.resource_manager - DEBUG - Создана директория ресурсов: data
2025-08-29 01:49:46 - core.resource_manager - DEBUG - Загрузчик Panda3D инициализирован
2025-08-29 01:49:46 - core.resource_manager - WARNING - Не удалось инициализировать аудио менеджер: cannot init abstract class
2025-08-29 01:49:46 - core.resource_manager - DEBUG - Создана базовая текстура
2025-08-29 01:49:46 - core.resource_manager - DEBUG - Создана базовая модель куба
2025-08-29 01:49:46 - core.resource_manager - DEBUG - Базовые ресурсы предзагружены
2025-08-29 01:49:46 - core.resource_manager - INFO - Менеджер ресурсов Panda3D успешно инициализирован
2025-08-29 01:49:46 - core.performance_manager - INFO - Инициализация менеджера производительности...
2025-08-29 01:49:46 - core.performance_manager - INFO - Поток мониторинга производительности запущен
2025-08-29 01:49:46 - core.performance_manager - INFO - Менеджер производительности успешно инициализирован
2025-08-29 01:49:46 - core.scene_manager - INFO - Инициализация менеджера сцен...
2025-08-29 01:49:46 - core.scene_manager - INFO - Менеджер сцен успешно инициализирован
2025-08-29 01:49:46 - core.system_manager - INFO - Менеджер систем инициализирован
2025-08-29 01:49:46 - core.system_factory - ERROR - Ошибка регистрации систем по умолчанию: attempted relative import beyond top-level package
2025-08-29 01:49:46 - core.system_factory - INFO - Фабрика систем инициализирована
2025-08-29 01:49:46 - core.system_manager - INFO - Менеджер систем инициализирован
2025-08-29 01:49:46 - core.system_factory - ERROR - Система unified_ai_system не зарегистрирована
2025-08-29 01:49:46 - core.game_engine - WARNING - Не удалось создать систему: unified_ai_system
2025-08-29 01:49:46 - core.system_factory - ERROR - Система combat_system не зарегистрирована
2025-08-29 01:49:46 - core.game_engine - WARNING - Не удалось создать систему: combat_system
2025-08-29 01:49:46 - core.system_factory - ERROR - Система effect_system не зарегистрирована
2025-08-29 01:49:46 - core.game_engine - WARNING - Не удалось создать систему: effect_system
2025-08-29 01:49:46 - core.system_factory - ERROR - Система skill_system не зарегистрирована
2025-08-29 01:49:46 - core.game_engine - WARNING - Не удалось создать систему: skill_system
2025-08-29 01:49:46 - core.system_factory - ERROR - Система damage_system не зарегистрирована
2025-08-29 01:49:46 - core.game_engine - WARNING - Не удалось создать систему: damage_system
2025-08-29 01:49:46 - core.system_factory - ERROR - Система inventory_system не зарегистрирована
2025-08-29 01:49:46 - core.game_engine - WARNING - Не удалось создать систему: inventory_system
2025-08-29 01:49:46 - core.system_factory - ERROR - Система item_system не зарегистрирована
2025-08-29 01:49:46 - core.game_engine - WARNING - Не удалось создать систему: item_system
2025-08-29 01:49:46 - core.system_factory - ERROR - Система emotion_system не зарегистрирована
2025-08-29 01:49:46 - core.game_engine - WARNING - Не удалось создать систему: emotion_system
2025-08-29 01:49:46 - core.system_factory - ERROR - Система evolution_system не зарегистрирована
2025-08-29 01:49:46 - core.game_engine - WARNING - Не удалось создать систему: evolution_system
2025-08-29 01:49:46 - core.system_factory - ERROR - Система ui_system не зарегистрирована
2025-08-29 01:49:46 - core.game_engine - WARNING - Не удалось создать систему: ui_system
2025-08-29 01:49:46 - core.system_factory - ERROR - Система render_system не зарегистрирована
2025-08-29 01:49:46 - core.game_engine - WARNING - Не удалось создать систему: render_system
2025-08-29 01:49:46 - core.system_factory - ERROR - Система content_generator не зарегистрирована
2025-08-29 01:49:46 - core.game_engine - WARNING - Не удалось создать систему: content_generator
2025-08-29 01:49:46 - core.system_factory - INFO - Инициализация всех систем...
2025-08-29 01:49:46 - core.system_manager - INFO - Инициализация менеджера систем...
2025-08-29 01:49:46 - core.event_system - DEBUG - Подписка на событие system_ready от system_manager
2025-08-29 01:49:46 - core.event_system - DEBUG - Подписка на событие system_error от system_manager
2025-08-29 01:49:46 - core.system_manager - DEBUG - Порядок инициализации систем: []
2025-08-29 01:49:46 - core.system_manager - INFO - Менеджер систем успешно инициализирован
2025-08-29 01:49:46 - core.system_factory - INFO - Все системы успешно инициализированы
2025-08-29 01:49:46 - core.system_manager - INFO - Система resource добавлена
2025-08-29 01:49:46 - core.system_manager - INFO - Система performance добавлена
2025-08-29 01:49:46 - core.system_manager - INFO - Система scene добавлена
2025-08-29 01:49:46 - core.game_engine - INFO - Существующие системы добавлены в менеджер систем
2025-08-29 01:49:46 - core.system_manager - INFO - Инициализация менеджера систем...
2025-08-29 01:49:46 - core.event_system - DEBUG - Подписка на событие system_ready от system_manager
2025-08-29 01:49:46 - core.event_system - DEBUG - Подписка на событие system_error от system_manager
2025-08-29 01:49:46 - core.system_manager - DEBUG - Порядок инициализации систем: ['resource', 'performance', 'scene']
2025-08-29 01:49:46 - core.resource_manager - INFO - Инициализация менеджера ресурсов Panda3D...
2025-08-29 01:49:46 - core.resource_manager - DEBUG - Создана директория ресурсов: textures
2025-08-29 01:49:46 - core.resource_manager - DEBUG - Создана директория ресурсов: models
2025-08-29 01:49:46 - core.resource_manager - DEBUG - Создана директория ресурсов: audio
2025-08-29 01:49:46 - core.resource_manager - DEBUG - Создана директория ресурсов: shaders
2025-08-29 01:49:46 - core.resource_manager - DEBUG - Создана директория ресурсов: data
2025-08-29 01:49:46 - core.resource_manager - DEBUG - Загрузчик Panda3D инициализирован
2025-08-29 01:49:46 - core.resource_manager - WARNING - Не удалось инициализировать аудио менеджер: cannot init abstract class
2025-08-29 01:49:46 - core.resource_manager - DEBUG - Создана базовая текстура
2025-08-29 01:49:46 - core.resource_manager - DEBUG - Создана базовая модель куба
2025-08-29 01:49:46 - core.resource_manager - DEBUG - Базовые ресурсы предзагружены
2025-08-29 01:49:46 - core.resource_manager - INFO - Менеджер ресурсов Panda3D успешно инициализирован
2025-08-29 01:49:46 - core.system_manager - INFO - Система resource инициализирована
2025-08-29 01:49:46 - core.performance_manager - INFO - Инициализация менеджера производительности...
2025-08-29 01:49:46 - core.performance_manager - INFO - Поток мониторинга производительности запущен
2025-08-29 01:49:46 - core.performance_manager - INFO - Менеджер производительности успешно инициализирован
2025-08-29 01:49:46 - core.system_manager - INFO - Система performance инициализирована
2025-08-29 01:49:46 - core.scene_manager - INFO - Инициализация менеджера сцен...
2025-08-29 01:49:46 - core.scene_manager - INFO - Менеджер сцен успешно инициализирован
2025-08-29 01:49:46 - core.system_manager - INFO - Система scene инициализирована
2025-08-29 01:49:46 - core.system_manager - INFO - Менеджер систем успешно инициализирован
2025-08-29 01:49:46 - core.game_engine - INFO - Все менеджеры успешно инициализированы
2025-08-29 01:49:46 - core.game_engine - WARNING - Не удалось импортировать MenuScene: attempted relative import beyond top-level package
2025-08-29 01:49:46 - core.game_engine - WARNING - Не удалось импортировать GameScene: attempted relative import beyond top-level package
2025-08-29 01:49:46 - core.game_engine - WARNING - Не удалось импортировать PauseScene: attempted relative import beyond top-level package
2025-08-29 01:49:46 - core.game_engine - WARNING - Не удалось импортировать SettingsScene: attempted relative import beyond top-level package
2025-08-29 01:49:46 - core.game_engine - WARNING - Не удалось импортировать LoadScene: attempted relative import beyond top-level package
2025-08-29 01:49:46 - core.game_engine - WARNING - Не удалось импортировать CreatorScene: attempted relative import beyond top-level package
2025-08-29 01:49:46 - core.game_engine - ERROR - Нет доступных сцен для инициализации
2025-08-29 01:49:46 - core.game_engine - ERROR - Не удалось инициализировать игровой движок
