2025-08-26 10:54:30 - core.config_manager - INFO - Загрузка конфигурации...
2025-08-26 10:54:30 - core.config_manager - DEBUG - Конфигурация сохранена
2025-08-26 10:54:30 - core.config_manager - INFO - Конфигурация успешно загружена
2025-08-26 10:54:30 - core.game_engine - INFO - Игровой движок Panda3D инициализирован
2025-08-26 10:54:30 - core.game_engine - INFO - Начало инициализации игрового движка Panda3D...
2025-08-26 10:54:30 - core.game_engine - INFO - Panda3D успешно инициализирован
2025-08-26 10:54:30 - core.config_manager - INFO - Загрузка конфигурации...
2025-08-26 10:54:30 - core.config_manager - DEBUG - Конфигурация сохранена
2025-08-26 10:54:30 - core.config_manager - INFO - Конфигурация успешно загружена
2025-08-26 10:54:30 - core.event_system - INFO - Система событий инициализирована
2025-08-26 10:54:30 - core.event_system - INFO - Система событий успешно инициализирована
2025-08-26 10:54:30 - core.system_manager - INFO - Менеджер систем инициализирован
2025-08-26 10:54:30 - core.system_factory - INFO - Фабрика систем инициализирована
2025-08-26 10:54:30 - core.system_manager - INFO - Менеджер систем инициализирован
2025-08-26 10:54:30 - core.system_factory - INFO - Инициализация всех систем...
2025-08-26 10:54:30 - core.system_manager - INFO - Инициализация менеджера систем...
2025-08-26 10:54:30 - core.event_system - DEBUG - Подписка на событие system_ready от system_manager
2025-08-26 10:54:30 - core.event_system - DEBUG - Подписка на событие system_error от system_manager
2025-08-26 10:54:30 - core.system_manager - DEBUG - Порядок инициализации систем: []
2025-08-26 10:54:30 - core.system_manager - INFO - Менеджер систем успешно инициализирован
2025-08-26 10:54:30 - core.system_factory - INFO - Все системы успешно инициализированы
2025-08-26 10:54:30 - core.game_engine - INFO - Существующие системы добавлены в менеджер систем
2025-08-26 10:54:30 - core.system_manager - INFO - Инициализация менеджера систем...
2025-08-26 10:54:30 - core.event_system - DEBUG - Подписка на событие system_ready от system_manager
2025-08-26 10:54:30 - core.event_system - DEBUG - Подписка на событие system_error от system_manager
2025-08-26 10:54:30 - core.system_manager - DEBUG - Порядок инициализации систем: []
2025-08-26 10:54:30 - core.system_manager - INFO - Менеджер систем успешно инициализирован
2025-08-26 10:54:30 - core.resource_manager - INFO - Менеджер ресурсов Panda3D инициализирован
2025-08-26 10:54:30 - core.resource_manager - INFO - Инициализация менеджера ресурсов Panda3D...
2025-08-26 10:54:30 - core.resource_manager - DEBUG - Создана директория ресурсов: textures
2025-08-26 10:54:30 - core.resource_manager - DEBUG - Создана директория ресурсов: models
2025-08-26 10:54:30 - core.resource_manager - DEBUG - Создана директория ресурсов: audio
2025-08-26 10:54:30 - core.resource_manager - DEBUG - Создана директория ресурсов: shaders
2025-08-26 10:54:30 - core.resource_manager - DEBUG - Создана директория ресурсов: data
2025-08-26 10:54:30 - core.resource_manager - DEBUG - Загрузчик Panda3D инициализирован
2025-08-26 10:54:30 - core.resource_manager - WARNING - Не удалось инициализировать аудио менеджер: cannot init abstract class
2025-08-26 10:54:30 - core.resource_manager - DEBUG - Создана базовая текстура
2025-08-26 10:54:30 - core.resource_manager - DEBUG - Создана базовая модель куба
2025-08-26 10:54:30 - core.resource_manager - DEBUG - Базовые ресурсы предзагружены
2025-08-26 10:54:30 - core.resource_manager - INFO - Менеджер ресурсов Panda3D успешно инициализирован
2025-08-26 10:54:30 - core.performance_manager - INFO - Инициализация менеджера производительности...
2025-08-26 10:54:30 - core.performance_manager - INFO - Поток мониторинга производительности запущен
2025-08-26 10:54:30 - core.performance_manager - INFO - Менеджер производительности успешно инициализирован
2025-08-26 10:54:30 - core.scene_manager - INFO - Инициализация менеджера сцен...
2025-08-26 10:54:30 - core.scene_manager - INFO - Менеджер сцен успешно инициализирован
2025-08-26 10:54:30 - core.game_engine - INFO - Все менеджеры успешно инициализированы
