2025-08-31 20:00:44 - src.core.constants_extended - INFO - Расширенный модуль констант загружен
2025-08-31 20:00:44 - src.systems.content.content_system - INFO - Система контента загружена
2025-08-31 20:00:45 - src.systems.visualization.isometric_visualization_system - INFO - Система изометрической визуализации загружена
2025-08-31 20:00:45 - src.core.state_manager - INFO - StateManager инициализирован
2025-08-31 20:00:45 - src.core.master_integrator - INFO - Master Integrator инициализирован
2025-08-31 20:00:45 - src.core.master_integrator - INFO - Архитектурные компоненты установлены в MasterIntegrator
2025-08-31 20:00:45 - src.core.master_integrator - INFO - Инициализация MasterIntegrator...
2025-08-31 20:00:45 - src.systems.content.content_system - INFO - База данных контента инициализирована: content.db
2025-08-31 20:00:45 - src.systems.content.content_system - INFO - Генератор контента инициализирован
2025-08-31 20:00:45 - src.systems.content.content_system - INFO - Система контента инициализирована
2025-08-31 20:00:45 - src.systems.visualization.isometric_visualization_system - INFO - Генератор изометрических фигур инициализирован
2025-08-31 20:00:45 - src.systems.visualization.isometric_visualization_system - INFO - Визуализатор изометрических эмоций инициализирован
2025-08-31 20:00:45 - src.systems.visualization.isometric_visualization_system - INFO - Изометрическая камера инициализирована
2025-08-31 20:00:45 - src.systems.visualization.isometric_visualization_system - INFO - Система изометрической визуализации инициализирована
2025-08-31 20:00:45 - src.systems.rendering.render_system - INFO - Система рендеринга инициализирована
2025-08-31 20:00:45 - src.systems.combat.combat_system - INFO - Система боя инициализирована
2025-08-31 20:00:45 - src.systems.skills.skill_system - INFO - Система навыков инициализирована
2025-08-31 20:00:45 - src.core.master_integrator - INFO - Создана система: attribute_system
2025-08-31 20:00:45 - src.core.master_integrator - INFO - Создана система: content_system
2025-08-31 20:00:45 - src.core.master_integrator - INFO - Создана система: isometric_visualization_system
2025-08-31 20:00:45 - src.core.master_integrator - INFO - Создана система: rendering_system
2025-08-31 20:00:45 - src.core.master_integrator - INFO - Создана система: combat_system
2025-08-31 20:00:45 - src.core.master_integrator - INFO - Создана система: skill_system
2025-08-31 20:00:45 - src.core.master_integrator - INFO - Зависимости систем определены
2025-08-31 20:00:45 - src.core.master_integrator - INFO - Порядок инициализации: ['attribute_system', 'content_system', 'combat_system', 'isometric_visualization_system', 'skill_system', 'rendering_system']
2025-08-31 20:00:45 - src.systems.attributes.attribute_system - INFO - Инициализация AttributeSystem...
2025-08-31 20:00:45 - src.systems.attributes.attribute_system - INFO - AttributeSystem инициализирован успешно
2025-08-31 20:00:45 - src.core.master_integrator - INFO - Система attribute_system инициализирована
2025-08-31 20:00:45 - src.core.architecture.content_system - INFO - Инициализация компонента content_system
2025-08-31 20:00:45 - src.systems.content.content_system - INFO - Загружено 0 сессий
2025-08-31 20:00:45 - src.core.architecture.content_system - INFO - Компонент content_system успешно инициализирован
2025-08-31 20:00:45 - src.core.master_integrator - INFO - Система content_system инициализирована
2025-08-31 20:00:45 - src.systems.combat.combat_system - INFO - Архитектурные компоненты установлены в CombatSystem
2025-08-31 20:00:45 - src.systems.combat.combat_system - INFO - Инициализация CombatSystem...
2025-08-31 20:00:45 - src.systems.combat.combat_system - INFO - CombatSystem инициализирован успешно
2025-08-31 20:00:45 - src.core.master_integrator - INFO - Система combat_system инициализирована
2025-08-31 20:00:45 - src.core.architecture.isometric_visualization_system - INFO - Инициализация компонента isometric_visualization_system
2025-08-31 20:00:45 - src.systems.visualization.isometric_visualization_system - INFO - Изометрическая камера настроена
2025-08-31 20:00:45 - src.systems.visualization.isometric_visualization_system - INFO - Система изометрической визуализации инициализирована
2025-08-31 20:00:45 - src.core.architecture.isometric_visualization_system - INFO - Компонент isometric_visualization_system успешно инициализирован
2025-08-31 20:00:45 - src.core.master_integrator - INFO - Система isometric_visualization_system инициализирована
2025-08-31 20:00:45 - src.systems.skills.skill_system - INFO - Архитектурные компоненты установлены в SkillSystem
2025-08-31 20:00:45 - src.systems.skills.skill_system - INFO - Инициализация SkillSystem...
2025-08-31 20:00:45 - src.systems.skills.skill_system - INFO - Создано 2 деревьев навыков
2025-08-31 20:00:45 - src.systems.skills.skill_system - INFO - SkillSystem инициализирован успешно
2025-08-31 20:00:45 - src.core.master_integrator - INFO - Система skill_system инициализирована
2025-08-31 20:00:45 - src.systems.rendering.render_system - INFO - Инициализация RenderSystem...
2025-08-31 20:00:45 - src.systems.rendering.render_system - WARNING - setVerticalSync не поддерживается в данной версии Panda3D
2025-08-31 20:00:45 - src.systems.rendering.render_system - INFO - Окно Panda3D создано успешно
2025-08-31 20:00:45 - src.systems.rendering.render_system - INFO - Создано 3 камер
2025-08-31 20:00:45 - src.systems.rendering.render_system - INFO - Настроено 2 источников света
2025-08-31 20:00:45 - src.systems.rendering.render_system - INFO - Загружено 4 материалов
2025-08-31 20:00:45 - src.systems.rendering.render_system - WARNING - LODManager недоступен в данной версии Panda3D - оптимизация отключена
2025-08-31 20:00:45 - src.systems.rendering.render_system - ERROR - Ошибка применения настроек качества: 'panda3d.core.GraphicsWindow' object has no attribute 'setAntialias'
2025-08-31 20:00:45 - src.systems.rendering.render_system - ERROR - Ошибка создания демонстрационной сцены: 'panda3d.core.GeomNode' object has no attribute 'setPos'
2025-08-31 20:00:45 - src.systems.rendering.render_system - INFO - RenderSystem инициализирован успешно
2025-08-31 20:00:45 - src.core.master_integrator - INFO - Система rendering_system инициализирована
2025-08-31 20:00:45 - src.core.master_integrator - INFO - Интегрировано 2 систем с AttributeSystem
2025-08-31 20:00:45 - src.core.master_integrator - INFO - MasterIntegrator инициализирован успешно
2025-08-31 20:00:45 - src.core.master_integrator - INFO - Запуск MasterIntegrator...
2025-08-31 20:00:45 - src.systems.attributes.attribute_system - INFO - Запуск AttributeSystem...
2025-08-31 20:00:45 - src.systems.attributes.attribute_system - INFO - AttributeSystem запущен успешно
2025-08-31 20:00:45 - src.core.master_integrator - INFO - Система attribute_system запущена
2025-08-31 20:00:45 - src.core.architecture.content_system - INFO - Запуск компонента content_system
2025-08-31 20:00:45 - src.systems.content.content_system - INFO - Система контента запущена
2025-08-31 20:00:45 - src.core.architecture.content_system - INFO - Компонент content_system успешно запущен
2025-08-31 20:00:45 - src.core.master_integrator - INFO - Система content_system запущена
2025-08-31 20:00:45 - src.core.architecture.isometric_visualization_system - INFO - Запуск компонента isometric_visualization_system
2025-08-31 20:00:45 - src.systems.visualization.isometric_visualization_system - INFO - Система изометрической визуализации запущена
2025-08-31 20:00:45 - src.core.architecture.isometric_visualization_system - INFO - Компонент isometric_visualization_system успешно запущен
2025-08-31 20:00:45 - src.core.master_integrator - INFO - Система isometric_visualization_system запущена
2025-08-31 20:00:45 - src.systems.rendering.render_system - INFO - Запуск RenderSystem...
2025-08-31 20:00:45 - src.systems.rendering.render_system - INFO - Цикл рендеринга запущен
2025-08-31 20:00:45 - src.systems.rendering.render_system - INFO - RenderSystem запущен успешно
2025-08-31 20:00:45 - src.core.master_integrator - INFO - Система rendering_system запущена
2025-08-31 20:00:45 - src.systems.combat.combat_system - INFO - Запуск CombatSystem...
2025-08-31 20:00:45 - src.systems.combat.combat_system - INFO - CombatSystem запущен успешно
2025-08-31 20:00:45 - src.core.master_integrator - INFO - Система combat_system запущена
2025-08-31 20:00:45 - src.systems.skills.skill_system - INFO - Запуск SkillSystem...
2025-08-31 20:00:45 - src.systems.skills.skill_system - ERROR - SkillSystem не готов к запуску
2025-08-31 20:00:45 - src.core.master_integrator - ERROR - Ошибка запуска системы skill_system
