2025-08-24 21:59:49 - core.config_manager - INFO - Загрузка конфигурации...
2025-08-24 21:59:49 - core.config_manager - INFO - Конфигурация успешно загружена
2025-08-24 21:59:49 - core.game_engine - INFO - Игровой движок Panda3D инициализирован
2025-08-24 21:59:49 - core.game_engine - INFO - Начало инициализации игрового движка Panda3D...
2025-08-24 21:59:49 - core.game_engine - INFO - Panda3D успешно инициализирован
2025-08-24 21:59:49 - core.config_manager - INFO - Загрузка конфигурации...
2025-08-24 21:59:49 - core.config_manager - INFO - Конфигурация успешно загружена
2025-08-24 21:59:49 - core.event_system - INFO - Система событий инициализирована
2025-08-24 21:59:49 - core.event_system - INFO - Система событий успешно инициализирована
2025-08-24 21:59:49 - core.system_manager - INFO - Менеджер систем инициализирован
2025-08-24 21:59:49 - core.system_factory - INFO - Фабрика систем инициализирована
2025-08-24 21:59:49 - core.system_manager - INFO - Менеджер систем инициализирован
2025-08-24 21:59:49 - core.system_factory - INFO - Инициализация всех систем...
2025-08-24 21:59:49 - core.system_manager - INFO - Инициализация менеджера систем...
2025-08-24 21:59:49 - core.event_system - DEBUG - Подписка на событие system_ready от system_manager
2025-08-24 21:59:49 - core.event_system - DEBUG - Подписка на событие system_error от system_manager
2025-08-24 21:59:49 - core.system_manager - DEBUG - Порядок инициализации систем: []
2025-08-24 21:59:49 - core.system_manager - INFO - Менеджер систем успешно инициализирован
2025-08-24 21:59:49 - core.system_factory - INFO - Все системы успешно инициализированы
2025-08-24 21:59:49 - core.game_engine - INFO - Существующие системы добавлены в менеджер систем
2025-08-24 21:59:49 - core.system_manager - INFO - Инициализация менеджера систем...
2025-08-24 21:59:49 - core.event_system - DEBUG - Подписка на событие system_ready от system_manager
2025-08-24 21:59:49 - core.event_system - DEBUG - Подписка на событие system_error от system_manager
2025-08-24 21:59:49 - core.system_manager - DEBUG - Порядок инициализации систем: []
2025-08-24 21:59:49 - core.system_manager - INFO - Менеджер систем успешно инициализирован
2025-08-24 21:59:49 - core.resource_manager - INFO - Менеджер ресурсов Panda3D инициализирован
2025-08-24 21:59:49 - core.resource_manager - INFO - Инициализация менеджера ресурсов Panda3D...
2025-08-24 21:59:49 - core.resource_manager - DEBUG - Создана директория ресурсов: textures
2025-08-24 21:59:49 - core.resource_manager - DEBUG - Создана директория ресурсов: models
2025-08-24 21:59:49 - core.resource_manager - DEBUG - Создана директория ресурсов: audio
2025-08-24 21:59:49 - core.resource_manager - DEBUG - Создана директория ресурсов: shaders
2025-08-24 21:59:49 - core.resource_manager - DEBUG - Создана директория ресурсов: data
2025-08-24 21:59:49 - core.resource_manager - DEBUG - Загрузчик Panda3D инициализирован
2025-08-24 21:59:49 - core.resource_manager - WARNING - Не удалось инициализировать аудио менеджер: cannot init abstract class
2025-08-24 21:59:49 - core.resource_manager - DEBUG - Создана базовая текстура
2025-08-24 21:59:49 - core.resource_manager - DEBUG - Создана базовая модель куба
2025-08-24 21:59:49 - core.resource_manager - DEBUG - Базовые ресурсы предзагружены
2025-08-24 21:59:49 - core.resource_manager - INFO - Менеджер ресурсов Panda3D успешно инициализирован
2025-08-24 21:59:49 - core.performance_manager - INFO - Инициализация менеджера производительности...
2025-08-24 21:59:49 - core.performance_manager - INFO - Поток мониторинга производительности запущен
2025-08-24 21:59:49 - core.performance_manager - INFO - Менеджер производительности успешно инициализирован
2025-08-24 21:59:49 - core.scene_manager - INFO - Инициализация менеджера сцен...
2025-08-24 21:59:49 - core.scene_manager - INFO - Менеджер сцен успешно инициализирован
2025-08-24 21:59:49 - core.game_engine - INFO - Все менеджеры успешно инициализированы
2025-08-24 21:59:51 - core.performance_manager - WARNING - Высокое использование CPU: 95.9% (источник: system)
2025-08-24 21:59:51 - src.scenes.menu_scene - INFO - Сцена меню Panda3D создана
2025-08-24 21:59:51 - src.scenes.menu_scene - INFO - Инициализация сцены меню Panda3D...
2025-08-24 21:59:51 - src.scenes.menu_scene - DEBUG - UI элементы меню созданы
2025-08-24 21:59:51 - src.scenes.menu_scene - INFO - Сцена меню Panda3D успешно инициализирована
2025-08-24 21:59:51 - core.scene_manager - INFO - Сцена menu зарегистрирована и инициализирована
2025-08-24 21:59:51 - core.game_engine - ERROR - Ошибка инициализации сцен: Can't instantiate abstract class AISystemManager without an implementation for abstract methods 'dependencies', 'get_system_info', 'handle_event', 'pause', 'resume', 'system_name', 'system_priority', 'system_state'
2025-08-24 21:59:51 - core.game_engine - ERROR - Не удалось инициализировать игровой движок
