2025-09-04 11:44:42 - src.core.constants_extended - INFO - Расширенный модуль констант загружен
2025-09-04 11:44:42 - src.systems.content.content_system - INFO - Система контента загружена
2025-09-04 11:44:42 - src.core.state_manager - INFO - StateManager инициализирован
2025-09-04 11:44:42 - src.core.master_integrator - INFO - Master Integrator инициализирован
2025-09-04 11:44:42 - src.core.master_integrator - INFO - Архитектурные компоненты установлены в MasterIntegrator
2025-09-04 11:44:42 - src.core.master_integrator - INFO - Инициализация MasterIntegrator...
2025-09-04 11:44:42 - src.systems.content.content_system - INFO - База данных контента инициализирована: content.db
2025-09-04 11:44:42 - src.systems.content.content_system - INFO - Генератор контента инициализирован
2025-09-04 11:44:42 - src.systems.content.content_system - INFO - Система контента инициализирована
2025-09-04 11:44:42 - src.systems.visualization.unified_visualization_system - INFO - Объединенная система визуализации создана
2025-09-04 11:44:42 - src.systems.rendering.render_system - INFO - Система рендеринга инициализирована
2025-09-04 11:44:42 - src.systems.combat.combat_system - INFO - Система боя инициализирована
2025-09-04 11:44:42 - src.systems.skills.skill_system - INFO - Система навыков инициализирована
2025-09-04 11:44:42 - src.ui.unified_ui_system - INFO - Объединенная система UI создана
2025-09-04 11:44:42 - src.systems.items.item_system - INFO - Система предметов инициализирована
2025-09-04 11:44:42 - src.systems.memory.memory_system - INFO - Система памяти инициализирована
2025-09-04 11:44:42 - src.systems.crafting.crafting_system - INFO - Система крафтинга инициализирована
2025-09-04 11:44:42 - src.systems.effects.effect_system - INFO - Система эффектов инициализирована
2025-09-04 11:44:42 - src.systems.world.unified_building_system - INFO - Объединенная система зданий создана
2025-09-04 11:44:42 - src.core.master_integrator - INFO - Создана система: attribute_system
2025-09-04 11:44:42 - src.core.master_integrator - INFO - Создана система: content_system
2025-09-04 11:44:42 - src.core.master_integrator - INFO - Создана система: unified_visualization_system
2025-09-04 11:44:42 - src.core.master_integrator - INFO - Создана система: rendering_system
2025-09-04 11:44:42 - src.core.master_integrator - INFO - Создана система: combat_system
2025-09-04 11:44:42 - src.core.master_integrator - INFO - Создана система: skill_system
2025-09-04 11:44:42 - src.core.master_integrator - INFO - Создана система: unified_ui_system
2025-09-04 11:44:42 - src.core.master_integrator - INFO - Создана система: item_system
2025-09-04 11:44:42 - src.core.master_integrator - INFO - Создана система: ai_system
2025-09-04 11:44:42 - src.core.master_integrator - INFO - Создана система: evolution_system
2025-09-04 11:44:42 - src.core.master_integrator - INFO - Создана система: dialogue_system
2025-09-04 11:44:42 - src.core.master_integrator - INFO - Создана система: quest_system
2025-09-04 11:44:42 - src.core.master_integrator - INFO - Создана система: memory_system
2025-09-04 11:44:42 - src.core.master_integrator - INFO - Создана система: crafting_system
2025-09-04 11:44:42 - src.core.master_integrator - INFO - Создана система: trading_system
2025-09-04 11:44:42 - src.core.master_integrator - INFO - Создана система: social_system
2025-09-04 11:44:42 - src.core.master_integrator - INFO - Создана система: world_manager
2025-09-04 11:44:42 - src.core.master_integrator - INFO - Создана система: navigation_system
2025-09-04 11:44:42 - src.core.master_integrator - INFO - Создана система: weather_system
2025-09-04 11:44:42 - src.core.master_integrator - INFO - Создана система: day_night_cycle
2025-09-04 11:44:42 - src.core.master_integrator - INFO - Создана система: season_system
2025-09-04 11:44:42 - src.core.master_integrator - INFO - Создана система: environmental_effects
2025-09-04 11:44:42 - src.core.master_integrator - INFO - Создана система: effect_system
2025-09-04 11:44:42 - src.core.master_integrator - INFO - Создана система: unified_building_system
2025-09-04 11:44:42 - src.core.master_integrator - INFO - Зависимости систем определены
2025-09-04 11:44:42 - src.core.master_integrator - INFO - Порядок инициализации: ['attribute_system', 'content_system', 'memory_system', 'combat_system', 'item_system', 'effect_system', 'unified_visualization_system', 'world_manager', 'evolution_system', 'ai_system', 'dialogue_system', 'skill_system', 'rendering_system', 'navigation_system', 'weather_system', 'day_night_cycle', 'unified_building_system', 'social_system', 'quest_system', 'crafting_system', 'unified_ui_system', 'season_system', 'trading_system', 'environmental_effects']
2025-09-04 11:44:42 - src.systems.attributes.attribute_system - INFO - Инициализация AttributeSystem...
2025-09-04 11:44:42 - src.systems.attributes.attribute_system - INFO - AttributeSystem инициализирован успешно
2025-09-04 11:44:42 - src.core.master_integrator - INFO - Система attribute_system инициализирована
2025-09-04 11:44:42 - src.core.architecture.content_system - INFO - Инициализация компонента content_system
2025-09-04 11:44:42 - src.systems.content.content_system - INFO - Загружено 0 сессий
2025-09-04 11:44:42 - src.core.architecture.content_system - INFO - Компонент content_system успешно инициализирован
2025-09-04 11:44:42 - src.core.master_integrator - INFO - Система content_system инициализирована
2025-09-04 11:44:42 - src.systems.memory.memory_system - INFO - Инициализация системы памяти...
2025-09-04 11:44:42 - src.systems.memory.memory_system - INFO - Создано 4 паттернов памяти
2025-09-04 11:44:42 - src.systems.memory.memory_system - INFO - Процессы памяти запущены
2025-09-04 11:44:42 - src.systems.memory.memory_system - INFO - Система памяти успешно инициализирована
2025-09-04 11:44:42 - src.core.master_integrator - INFO - Система memory_system инициализирована
2025-09-04 11:44:42 - src.systems.combat.combat_system - INFO - Архитектурные компоненты установлены в CombatSystem
2025-09-04 11:44:42 - src.systems.combat.combat_system - INFO - Инициализация CombatSystem...
2025-09-04 11:44:42 - src.systems.combat.combat_system - INFO - CombatSystem инициализирован успешно
2025-09-04 11:44:42 - src.core.master_integrator - INFO - Система combat_system инициализирована
2025-09-04 11:44:42 - src.systems.items.item_system - INFO - Архитектурные компоненты установлены в ItemSystem
2025-09-04 11:44:42 - src.systems.items.item_system - INFO - Инициализация ItemSystem...
2025-09-04 11:44:42 - src.systems.items.item_system - INFO - Создано 4 шаблонов предметов
2025-09-04 11:44:42 - src.systems.items.item_system - INFO - Создано 1 наборов экипировки
2025-09-04 11:44:42 - src.systems.items.item_system - INFO - ItemSystem инициализирован успешно
2025-09-04 11:44:42 - src.core.master_integrator - INFO - Система item_system инициализирована
2025-09-04 11:44:42 - src.systems.effects.effect_system - INFO - Инициализация системы эффектов...
2025-09-04 11:44:42 - src.systems.effects.effect_system - INFO - Загружено 6 шаблонов эффектов
2025-09-04 11:44:42 - src.systems.effects.effect_system - INFO - Базовые эффекты созданы
2025-09-04 11:44:42 - src.systems.effects.effect_system - INFO - Система эффектов успешно инициализирована
2025-09-04 11:44:42 - src.core.master_integrator - INFO - Система effect_system инициализирована
2025-09-04 11:44:42 - src.systems.visualization.unified_visualization_system - INFO - Архитектурные компоненты установлены в UnifiedVisualizationSystem
2025-09-04 11:44:42 - src.systems.visualization.unified_visualization_system - INFO - Инициализация объединенной системы визуализации...
2025-09-04 11:44:42 - src.systems.visualization.unified_visualization_system - INFO - Визуализация эмоций инициализирована
2025-09-04 11:44:42 - src.systems.visualization.unified_visualization_system - INFO - Изометрический режим настроен
2025-09-04 11:44:42 - src.systems.visualization.unified_visualization_system - INFO - Объединенная система визуализации инициализирована
2025-09-04 11:44:42 - src.core.master_integrator - INFO - Система unified_visualization_system инициализирована
2025-09-04 11:44:42 - src.core.architecture.WorldManager - INFO - Инициализация компонента WorldManager
2025-09-04 11:44:42 - src.core.architecture.StructureGenerator - INFO - Инициализировано 5 шаблонов структур
2025-09-04 11:44:42 - src.core.architecture.HeightMapGenerator - INFO - Инициализация компонента HeightMapGenerator
2025-09-04 11:44:42 - src.core.architecture.HeightMapGenerator - INFO - Генератор высот инициализирован с seed: 1756971882
2025-09-04 11:44:42 - src.core.architecture.HeightMapGenerator - INFO - Компонент HeightMapGenerator успешно инициализирован
2025-09-04 11:44:42 - src.core.architecture.StructureGenerator - INFO - Инициализация компонента StructureGenerator
2025-09-04 11:44:42 - src.core.architecture.StructureGenerator - INFO - Генератор структур инициализирован
2025-09-04 11:44:42 - src.core.architecture.StructureGenerator - INFO - Компонент StructureGenerator успешно инициализирован
2025-09-04 11:44:42 - src.core.architecture.WorldManager - INFO - Менеджер мира инициализирован с seed: 1756971882
2025-09-04 11:44:42 - src.core.architecture.WorldManager - INFO - Компонент WorldManager успешно инициализирован
2025-09-04 11:44:42 - src.core.master_integrator - INFO - Система world_manager инициализирована
2025-09-04 11:44:42 - src.core.architecture.EvolutionSystem - INFO - Инициализация компонента EvolutionSystem
2025-09-04 11:44:42 - src.core.architecture.EvolutionSystem - INFO - Создано 6 базовых генов
2025-09-04 11:44:42 - src.core.architecture.EvolutionSystem - INFO - Создано 2 эволюционных деревьев
2025-09-04 11:44:42 - src.core.architecture.EvolutionSystem - INFO - Создано 2 генетических комбинаций
2025-09-04 11:44:42 - src.core.architecture.EvolutionSystem - INFO - Система эволюции инициализирована
2025-09-04 11:44:42 - src.core.architecture.EvolutionSystem - INFO - Компонент EvolutionSystem успешно инициализирован
2025-09-04 11:44:42 - src.core.master_integrator - INFO - Система evolution_system инициализирована
2025-09-04 11:44:42 - src.core.architecture.AISystem - INFO - Инициализация компонента AISystem
2025-09-04 11:44:43 - src.systems.ai.ai_system - INFO - Машинное обучение инициализировано
2025-09-04 11:44:43 - src.systems.ai.ai_system - INFO - AISystem инициализирован
2025-09-04 11:44:43 - src.core.architecture.AISystem - INFO - Компонент AISystem успешно инициализирован
2025-09-04 11:44:43 - src.core.master_integrator - INFO - Система ai_system инициализирована
2025-09-04 11:44:43 - src.core.architecture.DialogueSystem - INFO - Инициализация компонента DialogueSystem
2025-09-04 11:44:43 - src.systems.dialogue.dialogue_system - INFO - Шаблоны диалогов загружены
2025-09-04 11:44:43 - src.systems.dialogue.dialogue_system - INFO - DialogueSystem инициализирован
2025-09-04 11:44:43 - src.core.architecture.DialogueSystem - INFO - Компонент DialogueSystem успешно инициализирован
2025-09-04 11:44:43 - src.core.master_integrator - INFO - Система dialogue_system инициализирована
2025-09-04 11:44:43 - src.systems.skills.skill_system - INFO - Архитектурные компоненты установлены в SkillSystem
2025-09-04 11:44:43 - src.systems.skills.skill_system - INFO - Инициализация SkillSystem...
2025-09-04 11:44:43 - src.core.architecture.skill_system - INFO - Инициализация компонента skill_system
2025-09-04 11:44:43 - src.core.architecture.skill_system - INFO - Компонент skill_system успешно инициализирован
2025-09-04 11:44:43 - src.systems.skills.skill_system - INFO - Создано 2 деревьев навыков
2025-09-04 11:44:43 - src.systems.skills.skill_system - INFO - SkillSystem инициализирован успешно
2025-09-04 11:44:43 - src.core.master_integrator - INFO - Система skill_system инициализирована
2025-09-04 11:44:43 - src.systems.rendering.render_system - INFO - Инициализация RenderSystem...
2025-09-04 11:44:44 - src.systems.rendering.render_system - INFO - Окно Panda3D создано успешно
2025-09-04 11:44:44 - src.systems.rendering.render_system - INFO - Создано 3 камер
2025-09-04 11:44:44 - src.systems.rendering.render_system - INFO - Настроено 2 источников света
2025-09-04 11:44:44 - src.systems.rendering.render_system - INFO - Загружено 4 материалов
2025-09-04 11:44:44 - src.systems.rendering.render_system - INFO - Применены настройки качества: medium
2025-09-04 11:44:44 - src.systems.rendering.render_system - INFO - Демонстрационная сцена создана
2025-09-04 11:44:44 - src.systems.rendering.render_system - INFO - RenderSystem инициализирован успешно
2025-09-04 11:44:44 - src.core.master_integrator - INFO - Система rendering_system инициализирована
2025-09-04 11:44:44 - src.core.architecture.NavigationSystem - INFO - Инициализация компонента NavigationSystem
2025-09-04 11:44:44 - src.core.architecture.NavigationSystem - INFO - Система навигации инициализирована
2025-09-04 11:44:44 - src.core.architecture.NavigationSystem - INFO - Компонент NavigationSystem успешно инициализирован
2025-09-04 11:44:44 - src.core.master_integrator - INFO - Система navigation_system инициализирована
2025-09-04 11:44:44 - src.core.architecture.WeatherSystem - INFO - Инициализация компонента WeatherSystem
2025-09-04 11:44:44 - src.systems.world.weather_system - INFO - WeatherSystem инициализирован
2025-09-04 11:44:44 - src.core.architecture.WeatherSystem - INFO - Компонент WeatherSystem успешно инициализирован
2025-09-04 11:44:44 - src.core.master_integrator - INFO - Система weather_system инициализирована
2025-09-04 11:44:44 - src.core.architecture.DayNightCycle - INFO - Инициализация компонента DayNightCycle
2025-09-04 11:44:44 - src.systems.world.day_night_cycle - INFO - DayNightCycle инициализирован
2025-09-04 11:44:44 - src.core.architecture.DayNightCycle - INFO - Компонент DayNightCycle успешно инициализирован
2025-09-04 11:44:44 - src.core.master_integrator - INFO - Система day_night_cycle инициализирована
2025-09-04 11:44:44 - src.systems.world.unified_building_system - INFO - Архитектурные компоненты установлены в UnifiedBuildingSystem
2025-09-04 11:44:44 - src.systems.world.unified_building_system - INFO - Инициализация объединенной системы зданий...
2025-09-04 11:44:44 - src.systems.world.unified_building_system - INFO - Загружено 3 шаблонов зданий
2025-09-04 11:44:44 - src.systems.world.unified_building_system - INFO - Генератор зданий инициализирован
2025-09-04 11:44:44 - src.systems.world.unified_building_system - INFO - Объединенная система зданий инициализирована
2025-09-04 11:44:44 - src.core.master_integrator - INFO - Система unified_building_system инициализирована
2025-09-04 11:44:44 - src.core.architecture.SocialSystem - INFO - Инициализация компонента SocialSystem
2025-09-04 11:44:44 - src.systems.social.social_system - INFO - Инициализация системы социального взаимодействия
2025-09-04 11:44:44 - src.systems.social.social_system - INFO - Система социального взаимодействия инициализирована
2025-09-04 11:44:44 - src.core.architecture.SocialSystem - INFO - Компонент SocialSystem успешно инициализирован
2025-09-04 11:44:44 - src.core.master_integrator - INFO - Система social_system инициализирована
2025-09-04 11:44:44 - src.core.architecture.DynamicQuestSystem - INFO - Инициализация компонента DynamicQuestSystem
2025-09-04 11:44:44 - src.systems.quest.dynamic_quest_system - ERROR - Ошибка загрузки шаблонов квестов: type object 'QuestType' has no attribute 'GATHERING'
2025-09-04 11:44:44 - src.systems.quest.dynamic_quest_system - INFO - DynamicQuestSystem инициализирован
2025-09-04 11:44:44 - src.core.architecture.DynamicQuestSystem - INFO - Компонент DynamicQuestSystem успешно инициализирован
2025-09-04 11:44:44 - src.core.master_integrator - INFO - Система quest_system инициализирована
2025-09-04 11:44:44 - src.systems.crafting.crafting_system - INFO - Инициализация системы крафтинга...
2025-09-04 11:44:44 - src.systems.crafting.crafting_system - INFO - Загружено 3 рецептов
2025-09-04 11:44:44 - src.systems.crafting.crafting_system - ERROR - Ошибка инициализации системы крафтинга: type object 'CraftingType' has no attribute 'WEAPON'
2025-09-04 11:44:44 - src.core.master_integrator - ERROR - Ошибка инициализации систем: property 'state' of 'CraftingSystem' object has no setter
