2025-08-31 21:14:32 - src.core.constants_extended - INFO - Расширенный модуль констант загружен
2025-08-31 21:14:32 - src.systems.content.content_system - INFO - Система контента загружена
2025-08-31 21:14:32 - src.systems.visualization.isometric_visualization_system - INFO - Система изометрической визуализации загружена
2025-08-31 21:14:32 - src.core.state_manager - INFO - StateManager инициализирован
2025-08-31 21:14:32 - src.core.master_integrator - INFO - Master Integrator инициализирован
2025-08-31 21:14:32 - src.core.master_integrator - INFO - Архитектурные компоненты установлены в MasterIntegrator
2025-08-31 21:14:32 - src.core.master_integrator - INFO - Инициализация MasterIntegrator...
2025-08-31 21:14:32 - src.systems.content.content_system - INFO - База данных контента инициализирована: content.db
2025-08-31 21:14:32 - src.systems.content.content_system - INFO - Генератор контента инициализирован
2025-08-31 21:14:32 - src.systems.content.content_system - INFO - Система контента инициализирована
2025-08-31 21:14:32 - src.systems.visualization.isometric_visualization_system - INFO - Генератор изометрических фигур инициализирован
2025-08-31 21:14:32 - src.systems.visualization.isometric_visualization_system - INFO - Визуализатор изометрических эмоций инициализирован
2025-08-31 21:14:32 - src.systems.visualization.isometric_visualization_system - INFO - Изометрическая камера инициализирована
2025-08-31 21:14:32 - src.systems.visualization.isometric_visualization_system - INFO - Система изометрической визуализации инициализирована
2025-08-31 21:14:32 - src.systems.rendering.render_system - INFO - Система рендеринга инициализирована
2025-08-31 21:14:32 - src.systems.combat.combat_system - INFO - Система боя инициализирована
2025-08-31 21:14:32 - src.systems.skills.skill_system - INFO - Система навыков инициализирована
2025-08-31 21:14:32 - src.ui.ui_manager - INFO - UI менеджер инициализирован
2025-08-31 21:14:32 - src.core.master_integrator - INFO - Создана система: attribute_system
2025-08-31 21:14:32 - src.core.master_integrator - INFO - Создана система: content_system
2025-08-31 21:14:32 - src.core.master_integrator - INFO - Создана система: isometric_visualization_system
2025-08-31 21:14:32 - src.core.master_integrator - INFO - Создана система: rendering_system
2025-08-31 21:14:32 - src.core.master_integrator - INFO - Создана система: combat_system
2025-08-31 21:14:32 - src.core.master_integrator - INFO - Создана система: skill_system
2025-08-31 21:14:32 - src.core.master_integrator - INFO - Создана система: ui_manager
2025-08-31 21:14:32 - src.core.master_integrator - INFO - Зависимости систем определены
2025-08-31 21:14:32 - src.core.master_integrator - INFO - Порядок инициализации: ['attribute_system', 'content_system', 'combat_system', 'isometric_visualization_system', 'skill_system', 'rendering_system', 'ui_manager']
2025-08-31 21:14:32 - src.systems.attributes.attribute_system - INFO - Инициализация AttributeSystem...
2025-08-31 21:14:32 - src.systems.attributes.attribute_system - INFO - AttributeSystem инициализирован успешно
2025-08-31 21:14:32 - src.core.master_integrator - INFO - Система attribute_system инициализирована
2025-08-31 21:14:32 - src.core.architecture.content_system - INFO - Инициализация компонента content_system
2025-08-31 21:14:32 - src.systems.content.content_system - INFO - Загружено 0 сессий
2025-08-31 21:14:32 - src.core.architecture.content_system - INFO - Компонент content_system успешно инициализирован
2025-08-31 21:14:32 - src.core.master_integrator - INFO - Система content_system инициализирована
2025-08-31 21:14:32 - src.systems.combat.combat_system - INFO - Архитектурные компоненты установлены в CombatSystem
2025-08-31 21:14:32 - src.systems.combat.combat_system - INFO - Инициализация CombatSystem...
2025-08-31 21:14:32 - src.systems.combat.combat_system - INFO - CombatSystem инициализирован успешно
2025-08-31 21:14:32 - src.core.master_integrator - INFO - Система combat_system инициализирована
2025-08-31 21:14:32 - src.core.architecture.isometric_visualization_system - INFO - Инициализация компонента isometric_visualization_system
2025-08-31 21:14:32 - src.systems.visualization.isometric_visualization_system - INFO - Изометрическая камера настроена
2025-08-31 21:14:32 - src.systems.visualization.isometric_visualization_system - INFO - Система изометрической визуализации инициализирована
2025-08-31 21:14:32 - src.core.architecture.isometric_visualization_system - INFO - Компонент isometric_visualization_system успешно инициализирован
2025-08-31 21:14:32 - src.core.master_integrator - INFO - Система isometric_visualization_system инициализирована
2025-08-31 21:14:32 - src.systems.skills.skill_system - INFO - Архитектурные компоненты установлены в SkillSystem
2025-08-31 21:14:32 - src.systems.skills.skill_system - INFO - Инициализация SkillSystem...
2025-08-31 21:14:32 - src.core.architecture.skill_system - INFO - Инициализация компонента skill_system
2025-08-31 21:14:32 - src.core.architecture.skill_system - INFO - Компонент skill_system успешно инициализирован
2025-08-31 21:14:32 - src.systems.skills.skill_system - INFO - Создано 2 деревьев навыков
2025-08-31 21:14:32 - src.systems.skills.skill_system - INFO - SkillSystem инициализирован успешно
2025-08-31 21:14:32 - src.core.master_integrator - INFO - Система skill_system инициализирована
2025-08-31 21:14:32 - src.systems.rendering.render_system - INFO - Инициализация RenderSystem...
2025-08-31 21:14:32 - src.systems.rendering.render_system - WARNING - setVerticalSync не поддерживается в данной версии Panda3D
2025-08-31 21:14:32 - src.systems.rendering.render_system - INFO - Окно Panda3D создано успешно
2025-08-31 21:14:32 - src.systems.rendering.render_system - INFO - Создано 3 камер
2025-08-31 21:14:32 - src.systems.rendering.render_system - INFO - Настроено 2 источников света
2025-08-31 21:14:32 - src.systems.rendering.render_system - INFO - Загружено 4 материалов
2025-08-31 21:14:32 - src.systems.rendering.render_system - WARNING - LODManager недоступен в данной версии Panda3D - оптимизация отключена
2025-08-31 21:14:32 - src.systems.rendering.render_system - WARNING - setAntialias не поддерживается в данной версии Panda3D
2025-08-31 21:14:32 - src.systems.rendering.render_system - INFO - Применены настройки качества: medium
2025-08-31 21:14:32 - src.systems.rendering.render_system - INFO - Демонстрационная сцена создана
2025-08-31 21:14:32 - src.systems.rendering.render_system - INFO - RenderSystem инициализирован успешно
2025-08-31 21:14:32 - src.core.master_integrator - INFO - Система rendering_system инициализирована
2025-08-31 21:14:32 - src.ui.ui_manager - INFO - Архитектурные компоненты установлены в UIManager
2025-08-31 21:14:32 - src.ui.ui_manager - INFO - Инициализация UIManager...
2025-08-31 21:14:32 - src.ui.ui_manager - INFO - Создано 2 тем UI
2025-08-31 21:14:32 - src.ui.ui_manager - INFO - Создано 2 базовых UI элементов
2025-08-31 21:14:32 - src.ui.ui_manager - ERROR - Ошибка инициализации UIManager: property 'state' of 'UIManager' object has no setter
2025-08-31 21:14:32 - src.core.master_integrator - ERROR - Ошибка инициализации систем: property 'state' of 'UIManager' object has no setter
