2025-08-29 18:42:03 - core.config_manager - INFO - Загрузка конфигурации...
2025-08-29 18:42:03 - core.config_manager - DEBUG - Конфигурация сохранена
2025-08-29 18:42:03 - core.config_manager - INFO - Конфигурация успешно загружена
2025-08-29 18:42:04 - core.game_engine - INFO - Игровой движок Panda3D с улучшенной архитектурой инициализирован
2025-08-29 18:42:04 - core.game_engine - INFO - Начало инициализации игрового движка Panda3D...
2025-08-29 18:42:04 - core.game_engine - INFO - Panda3D успешно инициализирован
2025-08-29 18:42:04 - core.game_engine - INFO - Менеджеры новой архитектуры созданы
2025-08-29 18:42:04 - ComponentManager.component_manager - INFO - Компонент event_bus зарегистрирован
2025-08-29 18:42:04 - ComponentManager.component_manager - INFO - Компонент state_manager зарегистрирован
2025-08-29 18:42:04 - ComponentManager.component_manager - INFO - Компонент repository_manager зарегистрирован
2025-08-29 18:42:04 - ComponentManager.component_manager - INFO - Компонент component_manager зарегистрирован
2025-08-29 18:42:04 - ComponentManager.component_manager - INFO - Начало инициализации всех компонентов
2025-08-29 18:42:04 - ComponentManager.component_manager - INFO - Инициализация компонента event_bus
2025-08-29 18:42:04 - EventBus.event_bus - INFO - Начало инициализации
2025-08-29 18:42:04 - EventBus.event_bus - INFO - Инициализация завершена успешно
2025-08-29 18:42:04 - ComponentManager.component_manager - INFO - Инициализация компонента state_manager
2025-08-29 18:42:04 - StateManager.state_manager - INFO - Начало инициализации
2025-08-29 18:42:04 - core.state_manager - INFO - Состояние game_time зарегистрировано
2025-08-29 18:42:04 - core.state_manager - INFO - Состояние game_paused зарегистрировано
2025-08-29 18:42:04 - core.state_manager - INFO - Состояние game_speed зарегистрировано
2025-08-29 18:42:04 - core.state_manager - INFO - Состояние current_scene зарегистрировано
2025-08-29 18:42:04 - core.state_manager - INFO - Состояние fps зарегистрировано
2025-08-29 18:42:04 - core.state_manager - INFO - Состояние memory_usage зарегистрировано
2025-08-29 18:42:04 - core.state_manager - INFO - Состояние active_entities зарегистрировано
2025-08-29 18:42:04 - core.state_manager - INFO - Состояние ui_visible зарегистрировано
2025-08-29 18:42:04 - core.state_manager - INFO - Состояние ui_scale зарегистрировано
2025-08-29 18:42:04 - core.state_manager - INFO - Состояние ui_theme зарегистрировано
2025-08-29 18:42:04 - core.state_manager - INFO - Базовые состояния созданы
2025-08-29 18:42:04 - StateManager.state_manager - INFO - Инициализация завершена успешно
2025-08-29 18:42:04 - ComponentManager.component_manager - INFO - Инициализация компонента repository_manager
2025-08-29 18:42:04 - RepositoryManager.repository_manager - INFO - Начало инициализации
2025-08-29 18:42:04 - core.repository - INFO - Создан репозиторий entities для типа entity
2025-08-29 18:42:04 - core.repository - INFO - Создан репозиторий items для типа item
2025-08-29 18:42:04 - core.repository - INFO - Создан репозиторий skills для типа skill
2025-08-29 18:42:04 - core.repository - INFO - Создан репозиторий effects для типа effect
2025-08-29 18:42:04 - core.repository - INFO - Создан репозиторий templates для типа template
2025-08-29 18:42:04 - core.repository - INFO - Создан репозиторий statistics для типа statistics
2025-08-29 18:42:04 - core.repository - INFO - Создан репозиторий configs для типа config
2025-08-29 18:42:04 - core.repository - INFO - Создан репозиторий saves для типа save
2025-08-29 18:42:04 - core.repository - INFO - Базовые репозитории созданы
2025-08-29 18:42:04 - RepositoryManager.repository_manager - INFO - Инициализация завершена успешно
2025-08-29 18:42:04 - ComponentManager.component_manager - INFO - Инициализация компонента component_manager
2025-08-29 18:42:04 - ComponentManager.component_manager - INFO - Начало инициализации
2025-08-29 18:42:04 - ComponentManager.component_manager - INFO - Инициализация завершена успешно
2025-08-29 18:42:04 - ComponentManager.component_manager - INFO - Все компоненты инициализированы
2025-08-29 18:42:04 - ComponentManager.component_manager - INFO - Начало запуска всех компонентов
2025-08-29 18:42:04 - ComponentManager.component_manager - INFO - Запуск компонента event_bus
2025-08-29 18:42:04 - EventBus.event_bus - INFO - Запуск компонента
2025-08-29 18:42:04 - EventBus.event_bus - INFO - Компонент запущен
2025-08-29 18:42:04 - ComponentManager.component_manager - INFO - Запуск компонента state_manager
2025-08-29 18:42:04 - StateManager.state_manager - INFO - Запуск компонента
2025-08-29 18:42:04 - StateManager.state_manager - INFO - Компонент запущен
2025-08-29 18:42:04 - ComponentManager.component_manager - INFO - Запуск компонента repository_manager
2025-08-29 18:42:04 - RepositoryManager.repository_manager - INFO - Запуск компонента
2025-08-29 18:42:04 - RepositoryManager.repository_manager - INFO - Компонент запущен
2025-08-29 18:42:04 - ComponentManager.component_manager - INFO - Запуск компонента component_manager
2025-08-29 18:42:04 - ComponentManager.component_manager - INFO - Запуск компонента
2025-08-29 18:42:04 - ComponentManager.component_manager - INFO - Компонент запущен
2025-08-29 18:42:04 - ComponentManager.component_manager - INFO - Все компоненты запущены
2025-08-29 18:42:04 - core.game_engine - INFO - Новая архитектура успешно инициализирована
2025-08-29 18:42:04 - core.config_manager - INFO - Загрузка конфигурации...
2025-08-29 18:42:04 - core.config_manager - DEBUG - Конфигурация сохранена
2025-08-29 18:42:04 - core.config_manager - INFO - Конфигурация успешно загружена
2025-08-29 18:42:04 - core.event_system - INFO - Система событий инициализирована
2025-08-29 18:42:04 - core.event_system - INFO - Система событий успешно инициализирована
2025-08-29 18:42:04 - core.resource_manager - INFO - Менеджер ресурсов Panda3D инициализирован
2025-08-29 18:42:04 - core.resource_manager - INFO - Инициализация менеджера ресурсов Panda3D...
2025-08-29 18:42:04 - core.resource_manager - DEBUG - Создана директория ресурсов: textures
2025-08-29 18:42:04 - core.resource_manager - DEBUG - Создана директория ресурсов: models
2025-08-29 18:42:04 - core.resource_manager - DEBUG - Создана директория ресурсов: audio
2025-08-29 18:42:04 - core.resource_manager - DEBUG - Создана директория ресурсов: shaders
2025-08-29 18:42:04 - core.resource_manager - DEBUG - Создана директория ресурсов: data
2025-08-29 18:42:04 - core.resource_manager - DEBUG - Загрузчик Panda3D инициализирован
2025-08-29 18:42:04 - core.resource_manager - WARNING - Не удалось инициализировать аудио менеджер: cannot init abstract class
2025-08-29 18:42:04 - core.resource_manager - DEBUG - Создана базовая текстура
2025-08-29 18:42:04 - core.resource_manager - DEBUG - Создана базовая модель куба
2025-08-29 18:42:04 - core.resource_manager - DEBUG - Базовые ресурсы предзагружены
2025-08-29 18:42:04 - core.resource_manager - INFO - Менеджер ресурсов Panda3D успешно инициализирован
2025-08-29 18:42:04 - core.performance_manager - INFO - Инициализация менеджера производительности...
2025-08-29 18:42:04 - core.performance_manager - INFO - Поток мониторинга производительности запущен
2025-08-29 18:42:04 - core.performance_manager - INFO - Менеджер производительности успешно инициализирован
2025-08-29 18:42:04 - core.scene_manager - INFO - Инициализация менеджера сцен...
2025-08-29 18:42:04 - core.scene_manager - INFO - Менеджер сцен успешно инициализирован
2025-08-29 18:42:04 - core.system_manager - INFO - Менеджер систем инициализирован
2025-08-29 18:42:05 - core.system_factory - DEBUG - Система unified_ai_system зарегистрирована в фабрике
2025-08-29 18:42:05 - core.system_factory - DEBUG - Система combat_system зарегистрирована в фабрике
2025-08-29 18:42:05 - core.system_factory - DEBUG - Система effect_system зарегистрирована в фабрике
2025-08-29 18:42:05 - core.system_factory - DEBUG - Система skill_system зарегистрирована в фабрике
2025-08-29 18:42:05 - core.system_factory - DEBUG - Система damage_system зарегистрирована в фабрике
2025-08-29 18:42:05 - core.system_factory - DEBUG - Система inventory_system зарегистрирована в фабрике
2025-08-29 18:42:05 - core.system_factory - DEBUG - Система item_system зарегистрирована в фабрике
2025-08-29 18:42:05 - core.system_factory - DEBUG - Система social_system зарегистрирована в фабрике
2025-08-29 18:42:05 - core.system_factory - DEBUG - Система emotion_system зарегистрирована в фабрике
2025-08-29 18:42:05 - core.system_factory - DEBUG - Система evolution_system зарегистрирована в фабрике
2025-08-29 18:42:05 - core.system_factory - DEBUG - Система ui_system зарегистрирована в фабрике
2025-08-29 18:42:05 - core.system_factory - DEBUG - Система render_system зарегистрирована в фабрике
2025-08-29 18:42:05 - core.system_factory - DEBUG - Система content_generator зарегистрирована в фабрике
2025-08-29 18:42:05 - core.system_factory - INFO - Системы по умолчанию зарегистрированы
2025-08-29 18:42:05 - core.system_factory - INFO - Фабрика систем инициализирована
2025-08-29 18:42:05 - core.system_manager - INFO - Менеджер систем инициализирован
2025-08-29 18:42:05 - core.game_engine - INFO - Плагины обнаружены: ['example_plugin'], отложенная загрузка: ['example_plugin']
2025-08-29 18:42:05 - core.system_manager - INFO - Инициализация менеджера систем...
2025-08-29 18:42:05 - core.event_system - DEBUG - Подписка на событие system_ready от system_manager
2025-08-29 18:42:05 - core.event_system - DEBUG - Подписка на событие system_error от system_manager
2025-08-29 18:42:05 - core.system_manager - DEBUG - Порядок инициализации систем: []
2025-08-29 18:42:05 - core.system_manager - INFO - Менеджер систем успешно инициализирован
2025-08-29 18:42:05 - core.game_engine - INFO - Существующие менеджеры успешно инициализированы
2025-08-29 18:42:05 - core.state_manager - INFO - Состояние engine_running зарегистрировано
2025-08-29 18:42:05 - core.state_manager - INFO - Состояние engine_paused зарегистрировано
2025-08-29 18:42:05 - core.state_manager - INFO - Состояние frame_count зарегистрировано
2025-08-29 18:42:05 - core.repository - INFO - Создан репозиторий legacy_entities для типа entity
2025-08-29 18:42:05 - core.repository - INFO - Создан репозиторий legacy_items для типа item
2025-08-29 18:42:05 - core.repository - INFO - Создан репозиторий legacy_skills для типа skill
2025-08-29 18:42:05 - core.repository - INFO - Создан репозиторий legacy_effects для типа effect
2025-08-29 18:42:05 - core.game_engine - INFO - Репозитории для существующих данных зарегистрированы
2025-08-29 18:42:05 - core.game_engine - INFO - Архитектуры успешно интегрированы
2025-08-29 18:42:05 - core.game_engine - INFO - Все менеджеры успешно инициализированы
2025-08-29 18:42:05 - scenes.menu_scene - INFO - Сцена меню Panda3D создана
2025-08-29 18:42:05 - scenes.menu_scene - INFO - Инициализация сцены меню Panda3D...
2025-08-29 18:42:05 - scenes.menu_scene - DEBUG - UI элементы меню созданы
2025-08-29 18:42:05 - scenes.menu_scene - INFO - Сцена меню Panda3D успешно инициализирована
2025-08-29 18:42:05 - core.scene_manager - INFO - Сцена menu зарегистрирована и инициализирована
2025-08-29 18:42:05 - core.game_engine - INFO - Сцена menu зарегистрирована
2025-08-29 18:42:05 - scenes.game_scene - INFO - Игровая сцена Panda3D создана
2025-08-29 18:42:05 - scenes.game_scene - INFO - Начало инициализации игровой сцены Panda3D...
2025-08-29 18:42:05 - scenes.game_scene - WARNING - Не удалось получить основную камеру: 'panda3d.core.ModelNode' object has no attribute 'setLens'
2025-08-29 18:42:05 - systems.evolution.evolution_system - INFO - Система эволюции инициализирована с новой архитектурой
2025-08-29 18:42:05 - systems.combat.combat_system - INFO - Система боя инициализирована с новой архитектурой
2025-08-29 18:42:05 - scenes.game_scene - WARNING - Не удалось инициализировать некоторые системы: 'base_crafting_success'
2025-08-29 18:42:05 - systems.skills.skill_system - DEBUG - Создано дерево навыков для сущности player_1
2025-08-29 18:42:05 - entities.base_entity - INFO - Создана базовая сущность: player_player_1 (player)
2025-08-29 18:42:05 - systems.ai.ai_entity - DEBUG - Файл памяти не найден: saves/ai_memory/default/player_1_memory.json
2025-08-29 18:42:05 - systems.ai.ai_entity - INFO - AI Entity создана: player_1 (player)
2025-08-29 18:42:05 - systems.content.content_generator - DEBUG - Загружено 4 шаблонов оружия
2025-08-29 18:42:05 - systems.content.content_generator - DEBUG - Загружено 3 шаблонов брони
2025-08-29 18:42:05 - systems.content.content_generator - DEBUG - Загружено 3 шаблонов аксессуаров
2025-08-29 18:42:05 - systems.content.content_generator - DEBUG - Загружено 4 шаблонов генов
2025-08-29 18:42:05 - systems.content.content_generator - DEBUG - Загружено 3 шаблонов навыков
2025-08-29 18:42:05 - systems.content.content_generator - DEBUG - Загружено 3 шаблонов эффектов
2025-08-29 18:42:05 - systems.content.content_generator - DEBUG - Загружено 3 шаблонов предметов
2025-08-29 18:42:05 - systems.content.content_generator - DEBUG - Загружено 3 шаблонов генерации навыков
2025-08-29 18:42:05 - systems.content.content_generator - DEBUG - Загружено 3 шаблонов генерации предметов
2025-08-29 18:42:05 - systems.content.content_generator - DEBUG - Загружено 3 шаблонов уникальных эффектов
2025-08-29 18:42:05 - systems.content.content_generator - INFO - Система генерации контента инициализирована
2025-08-29 18:42:05 - scenes.game_scene - WARNING - Не удалось создать некоторые объекты: 'ContentGenerator' object has no attribute 'generate_unique_skill'
2025-08-29 18:42:05 - scenes.game_scene - INFO - Зарегистрировано 0 сущностей в AI системе
2025-08-29 18:42:05 - scenes.game_scene - DEBUG - Освещение игровой сцены настроено
2025-08-29 18:42:05 - scenes.game_scene - DEBUG - UI элементы Panda3D созданы
2025-08-29 18:42:05 - scenes.game_scene - INFO - Игровая сцена Panda3D успешно инициализирована
2025-08-29 18:42:05 - core.scene_manager - INFO - Сцена game зарегистрирована и инициализирована
2025-08-29 18:42:05 - core.game_engine - INFO - Сцена game зарегистрирована
2025-08-29 18:42:05 - scenes.pause_scene - INFO - Сцена паузы Panda3D создана
2025-08-29 18:42:05 - scenes.pause_scene - INFO - Инициализация сцены паузы Panda3D...
2025-08-29 18:42:05 - scenes.pause_scene - DEBUG - UI элементы паузы созданы
2025-08-29 18:42:05 - scenes.pause_scene - INFO - Сцена паузы Panda3D успешно инициализирована
2025-08-29 18:42:05 - core.scene_manager - INFO - Сцена pause зарегистрирована и инициализирована
2025-08-29 18:42:05 - core.game_engine - INFO - Сцена pause зарегистрирована
2025-08-29 18:42:05 - scenes.settings_scene - INFO - Сцена настроек Panda3D создана
2025-08-29 18:42:05 - scenes.settings_scene - INFO - Инициализация сцены настроек Panda3D...
2025-08-29 18:42:05 - scenes.settings_scene - ERROR - Ошибка инициализации сцены настроек: 'Unknown options "trough_relief, trough_frameColor" for DirectSlider'
2025-08-29 18:42:05 - core.scene_manager - ERROR - Не удалось инициализировать сцену settings
2025-08-29 18:42:05 - core.game_engine - INFO - Сцена settings зарегистрирована
2025-08-29 18:42:05 - scenes.load_scene - INFO - Сцена загрузки Panda3D создана
2025-08-29 18:42:05 - scenes.load_scene - INFO - Инициализация сцены загрузки Panda3D...
2025-08-29 18:42:05 - scenes.load_scene - DEBUG - Загружено 3 сохранений
2025-08-29 18:42:05 - scenes.load_scene - DEBUG - Список сохранений создан
2025-08-29 18:42:05 - scenes.load_scene - DEBUG - UI элементы загрузки созданы
2025-08-29 18:42:05 - scenes.load_scene - INFO - Сцена загрузки Panda3D успешно инициализирована
2025-08-29 18:42:05 - core.scene_manager - INFO - Сцена load_game зарегистрирована и инициализирована
2025-08-29 18:42:05 - core.game_engine - INFO - Сцена load_game зарегистрирована
2025-08-29 18:42:05 - scenes.creator_scene - INFO - Сцена творца мира Panda3D создана
2025-08-29 18:42:05 - scenes.creator_scene - INFO - Начало инициализации сцены творца мира Panda3D...
2025-08-29 18:42:05 - systems.world.world_manager - INFO - Менеджер игрового мира инициализирован
2025-08-29 18:42:05 - systems.world.world_manager - INFO - Инициализация менеджера игрового мира...
2025-08-29 18:42:05 - systems.world.world_manager - DEBUG - Panda3D узлы мира настроены
2025-08-29 18:42:05 - systems.world.world_manager - DEBUG - Сетка мира инициализирована
2025-08-29 18:42:05 - systems.world.world_manager - INFO - Менеджер игрового мира успешно инициализирован
2025-08-29 18:42:05 - systems.ui.ui_system - INFO - Система UI творца мира инициализирована
2025-08-29 18:42:05 - systems.ui.ui_system - INFO - Инициализация системы UI...
2025-08-29 18:42:05 - systems.ui.ui_system - DEBUG - Система UI настроена
2025-08-29 18:42:05 - systems.ui.ui_system - INFO - Создано 10 шаблонов объектов
2025-08-29 18:42:05 - systems.ui.ui_system - INFO - Создан UI элемент start_panel
2025-08-29 18:42:05 - systems.ui.ui_system - INFO - Создан UI элемент start_title
2025-08-29 18:42:05 - systems.ui.ui_system - INFO - Создан UI элемент start_btn_0
2025-08-29 18:42:05 - systems.ui.ui_system - INFO - Создан UI элемент start_btn_1
2025-08-29 18:42:05 - systems.ui.ui_system - INFO - Создан UI элемент start_btn_2
2025-08-29 18:42:05 - systems.ui.ui_system - INFO - Создан UI элемент pause_panel
2025-08-29 18:42:05 - systems.ui.ui_system - INFO - Создан UI элемент pause_title
2025-08-29 18:42:05 - systems.ui.ui_system - INFO - Создан UI элемент pause_btn_0
2025-08-29 18:42:05 - systems.ui.ui_system - INFO - Создан UI элемент pause_btn_1
2025-08-29 18:42:05 - systems.ui.ui_system - INFO - Создан UI элемент pause_btn_2
2025-08-29 18:42:05 - systems.ui.ui_system - INFO - Создан UI элемент settings_panel
2025-08-29 18:42:05 - systems.ui.ui_system - INFO - Создан UI элемент settings_title
2025-08-29 18:42:05 - systems.ui.ui_system - INFO - Создан UI элемент settings_btn_0
2025-08-29 18:42:05 - systems.ui.ui_system - INFO - Создан UI элемент settings_btn_1
2025-08-29 18:42:05 - systems.ui.ui_system - INFO - Создан UI элемент settings_btn_2
2025-08-29 18:42:05 - systems.ui.ui_system - INFO - Создан UI элемент inventory_panel
2025-08-29 18:42:05 - systems.ui.ui_system - INFO - Создан UI элемент inventory_title
2025-08-29 18:42:05 - systems.ui.ui_system - INFO - Создан UI элемент genes_panel
2025-08-29 18:42:05 - systems.ui.ui_system - INFO - Создан UI элемент genes_title
2025-08-29 18:42:05 - systems.ui.ui_system - INFO - Создан UI элемент trade_panel
2025-08-29 18:42:05 - systems.ui.ui_system - INFO - Создан UI элемент trade_title
2025-08-29 18:42:05 - systems.ui.ui_system - INFO - Создан UI элемент crafting_panel
2025-08-29 18:42:05 - systems.ui.ui_system - INFO - Создан UI элемент crafting_title
2025-08-29 18:42:05 - systems.ui.ui_system - INFO - Созданы базовые экраны UI
2025-08-29 18:42:05 - systems.ui.ui_system - INFO - Система UI успешно инициализирована
2025-08-29 18:42:05 - scenes.creator_scene - DEBUG - Системы сцены творца мира инициализированы
2025-08-29 18:42:06 - scenes.creator_scene - DEBUG - UI элементы сцены творца мира созданы
2025-08-29 18:42:06 - scenes.creator_scene - DEBUG - Освещение сцены творца мира настроено
2025-08-29 18:42:06 - scenes.creator_scene - DEBUG - Сетка размещения создана
2025-08-29 18:42:06 - scenes.creator_scene - INFO - Сцена творца мира Panda3D успешно инициализирована
2025-08-29 18:42:06 - core.scene_manager - INFO - Сцена creator зарегистрирована и инициализирована
2025-08-29 18:42:06 - core.game_engine - INFO - Сцена creator зарегистрирована
2025-08-29 18:42:06 - core.scene_manager - INFO - Активная сцена изменена на menu
2025-08-29 18:42:06 - core.game_engine - INFO - Установлена начальная сцена: menu
2025-08-29 18:42:06 - core.game_engine - INFO - Сцены успешно инициализированы
2025-08-29 18:42:06 - core.game_engine - DEBUG - Задачи Panda3D настроены
2025-08-29 18:42:06 - core.game_engine - INFO - Игровой движок Panda3D успешно инициализирован
2025-08-29 18:42:06 - core.game_engine - INFO - Запуск игрового цикла Panda3D
2025-08-29 18:42:06 - core.game_engine - ERROR - Исключение в update_task: 'panda3d.core.PandaNode' object has no attribute 'setWtext'
2025-08-29 18:42:06 - core.game_engine - CRITICAL - Критическая ошибка: 'panda3d.core.PandaNode' object has no attribute 'setWtext'
2025-08-29 18:42:10 - core.scene_manager - INFO - Переключение на сцену game с переходом fade
2025-08-29 18:42:10 - scenes.menu_scene - INFO - Переключение на игровую сцену
2025-08-29 18:42:13 - core.scene_manager - WARNING - Переход уже выполняется
2025-08-29 18:42:13 - core.scene_manager - WARNING - Переход уже выполняется
2025-08-29 18:42:13 - core.scene_manager - WARNING - Переход уже выполняется
2025-08-29 18:42:16 - core.game_engine - INFO - Очистка ресурсов игрового движка...
2025-08-29 18:42:16 - core.game_engine - INFO - Остановка компонентов новой архитектуры...
2025-08-29 18:42:16 - ComponentManager.component_manager - INFO - Начало остановки всех компонентов
2025-08-29 18:42:16 - ComponentManager.component_manager - INFO - Остановка компонента component_manager
2025-08-29 18:42:16 - ComponentManager.component_manager - INFO - Остановка компонента
2025-08-29 18:42:16 - ComponentManager.component_manager - INFO - Компонент остановлен
2025-08-29 18:42:16 - ComponentManager.component_manager - INFO - Остановка компонента repository_manager
2025-08-29 18:42:16 - RepositoryManager.repository_manager - INFO - Остановка компонента
2025-08-29 18:42:16 - RepositoryManager.repository_manager - INFO - Компонент остановлен
2025-08-29 18:42:16 - ComponentManager.component_manager - INFO - Остановка компонента state_manager
2025-08-29 18:42:16 - StateManager.state_manager - INFO - Остановка компонента
2025-08-29 18:42:16 - StateManager.state_manager - INFO - Компонент остановлен
2025-08-29 18:42:16 - ComponentManager.component_manager - INFO - Остановка компонента event_bus
2025-08-29 18:42:16 - EventBus.event_bus - INFO - Остановка компонента
2025-08-29 18:42:16 - EventBus.event_bus - INFO - Компонент остановлен
2025-08-29 18:42:16 - ComponentManager.component_manager - INFO - Все компоненты остановлены
2025-08-29 18:42:16 - core.system_manager - INFO - Очистка менеджера систем...
2025-08-29 18:42:16 - core.system_manager - INFO - Менеджер систем очищен
2025-08-29 18:42:16 - core.system_factory - INFO - Очистка всех систем...
2025-08-29 18:42:16 - core.system_manager - INFO - Очистка менеджера систем...
2025-08-29 18:42:16 - core.system_manager - INFO - Менеджер систем очищен
2025-08-29 18:42:16 - core.system_factory - INFO - Все системы очищены
2025-08-29 18:42:16 - core.event_system - INFO - Очистка системы событий...
2025-08-29 18:42:16 - core.event_system - INFO - Система событий очищена
2025-08-29 18:42:16 - core.scene_manager - INFO - Очистка менеджера сцен...
2025-08-29 18:42:16 - scenes.menu_scene - INFO - Очистка сцены меню Panda3D...
2025-08-29 18:42:16 - scenes.menu_scene - INFO - Сцена меню Panda3D очищена
2025-08-29 18:42:16 - scenes.game_scene - INFO - Очистка игровой сцены Panda3D...
2025-08-29 18:42:16 - scenes.game_scene - INFO - Игровая сцена Panda3D очищена
2025-08-29 18:42:16 - scenes.pause_scene - INFO - Очистка сцены паузы Panda3D...
2025-08-29 18:42:16 - scenes.pause_scene - INFO - Сцена паузы Panda3D очищена
2025-08-29 18:42:16 - scenes.settings_scene - INFO - Очистка сцены настроек Panda3D...
2025-08-29 18:42:16 - scenes.settings_scene - INFO - Сцена настроек Panda3D очищена
2025-08-29 18:42:16 - scenes.load_scene - INFO - Очистка сцены загрузки Panda3D...
2025-08-29 18:42:16 - scenes.load_scene - INFO - Сцена загрузки Panda3D очищена
2025-08-29 18:42:16 - scenes.creator_scene - INFO - Очистка сцены творца мира Panda3D...
2025-08-29 18:42:16 - systems.world.world_manager - INFO - Очистка менеджера игрового мира...
2025-08-29 18:42:16 - systems.world.world_manager - INFO - Менеджер игрового мира очищен
2025-08-29 18:42:16 - systems.ui.ui_system - INFO - Очистка системы UI...
2025-08-29 18:42:16 - systems.ui.ui_system - INFO - Система UI очищена
2025-08-29 18:42:16 - scenes.creator_scene - INFO - Сцена творца мира Panda3D очищена
2025-08-29 18:42:16 - core.scene_manager - INFO - Менеджер сцен очищен
2025-08-29 18:42:16 - core.resource_manager - INFO - Очистка менеджера ресурсов Panda3D...
2025-08-29 18:42:16 - core.resource_manager - INFO - Менеджер ресурсов Panda3D очищен
2025-08-29 18:42:16 - core.performance_manager - INFO - Очистка менеджера производительности...
2025-08-29 18:42:16 - core.performance_manager - INFO - Поток мониторинга производительности остановлен
2025-08-29 18:42:16 - core.performance_manager - INFO - Менеджер производительности очищен
2025-08-29 18:42:16 - core.game_engine - INFO - Ресурсы успешно очищены
