2025-09-04 01:25:34 - game.audio_system - WARNING - Аудио файл не найден: assets\audio\ui\click.wav
2025-09-04 01:25:34 - game.audio_system - WARNING - Аудио файл не найден: assets\audio\ui\hover.wav
2025-09-04 01:25:34 - game.audio_system - WARNING - Аудио файл не найден: assets\audio\ui\error.wav
2025-09-04 01:25:34 - game.audio_system - WARNING - Аудио файл не найден: assets\audio\sfx\hit.wav
2025-09-04 01:25:34 - game.audio_system - WARNING - Аудио файл не найден: assets\audio\sfx\miss.wav
2025-09-04 01:25:34 - game.audio_system - WARNING - Аудио файл не найден: assets\audio\sfx\critical.wav
2025-09-04 01:25:34 - game.audio_system - WARNING - Аудио файл не найден: assets\audio\sfx\levelup.wav
2025-09-04 01:25:34 - game.audio_system - WARNING - Аудио файл не найден: assets\audio\sfx\death.wav
2025-09-04 01:25:34 - game.audio_system - WARNING - Аудио файл не найден: assets\audio\ambient\forest.wav
2025-09-04 01:25:34 - game.audio_system - WARNING - Аудио файл не найден: assets\audio\ambient\cave.wav
2025-09-04 01:25:34 - game.audio_system - WARNING - Аудио файл не найден: assets\audio\music\main_theme.wav
2025-09-04 01:25:34 - game.audio_system - WARNING - Аудио файл не найден: assets\audio\music\combat.wav
2025-09-04 01:25:34 - game.audio_system - WARNING - Аудио файл не найден: assets\audio\voice\npc.wav
2025-09-04 01:25:34 - game.audio_system - INFO - SYSTEM_EVENT: initialized
2025-09-04 01:26:03 - game.audio_system - WARNING - Аудио файл не найден: assets\audio\ui\click.wav
2025-09-04 01:26:03 - game.audio_system - WARNING - Аудио файл не найден: assets\audio\ui\hover.wav
2025-09-04 01:26:03 - game.audio_system - WARNING - Аудио файл не найден: assets\audio\ui\error.wav
2025-09-04 01:26:03 - game.audio_system - WARNING - Аудио файл не найден: assets\audio\sfx\hit.wav
2025-09-04 01:26:03 - game.audio_system - WARNING - Аудио файл не найден: assets\audio\sfx\miss.wav
2025-09-04 01:26:03 - game.audio_system - WARNING - Аудио файл не найден: assets\audio\sfx\critical.wav
2025-09-04 01:26:03 - game.audio_system - WARNING - Аудио файл не найден: assets\audio\sfx\levelup.wav
2025-09-04 01:26:03 - game.audio_system - WARNING - Аудио файл не найден: assets\audio\sfx\death.wav
2025-09-04 01:26:03 - game.audio_system - WARNING - Аудио файл не найден: assets\audio\ambient\forest.wav
2025-09-04 01:26:03 - game.audio_system - WARNING - Аудио файл не найден: assets\audio\ambient\cave.wav
2025-09-04 01:26:03 - game.audio_system - WARNING - Аудио файл не найден: assets\audio\music\main_theme.wav
2025-09-04 01:26:03 - game.audio_system - WARNING - Аудио файл не найден: assets\audio\music\combat.wav
2025-09-04 01:26:03 - game.audio_system - WARNING - Аудио файл не найден: assets\audio\voice\npc.wav
2025-09-04 01:26:03 - game.audio_system - INFO - SYSTEM_EVENT: initialized
2025-09-04 01:27:05 - game.audio_system - WARNING - Аудио файл не найден: assets\audio\ui\click.wav
2025-09-04 01:27:05 - game.audio_system - WARNING - Аудио файл не найден: assets\audio\ui\hover.wav
2025-09-04 01:27:05 - game.audio_system - WARNING - Аудио файл не найден: assets\audio\ui\error.wav
2025-09-04 01:27:05 - game.audio_system - WARNING - Аудио файл не найден: assets\audio\sfx\hit.wav
2025-09-04 01:27:05 - game.audio_system - WARNING - Аудио файл не найден: assets\audio\sfx\miss.wav
2025-09-04 01:27:05 - game.audio_system - WARNING - Аудио файл не найден: assets\audio\sfx\critical.wav
2025-09-04 01:27:05 - game.audio_system - WARNING - Аудио файл не найден: assets\audio\sfx\levelup.wav
2025-09-04 01:27:05 - game.audio_system - WARNING - Аудио файл не найден: assets\audio\sfx\death.wav
2025-09-04 01:27:05 - game.audio_system - WARNING - Аудио файл не найден: assets\audio\ambient\forest.wav
2025-09-04 01:27:05 - game.audio_system - WARNING - Аудио файл не найден: assets\audio\ambient\cave.wav
2025-09-04 01:27:05 - game.audio_system - WARNING - Аудио файл не найден: assets\audio\music\main_theme.wav
2025-09-04 01:27:05 - game.audio_system - WARNING - Аудио файл не найден: assets\audio\music\combat.wav
2025-09-04 01:27:05 - game.audio_system - WARNING - Аудио файл не найден: assets\audio\voice\npc.wav
2025-09-04 01:27:05 - game.audio_system - INFO - SYSTEM_EVENT: initialized
2025-09-04 11:11:38 - game.audio_system - WARNING - Аудио файл не найден: assets\audio\ui\click.wav
2025-09-04 11:11:38 - game.audio_system - WARNING - Аудио файл не найден: assets\audio\ui\hover.wav
2025-09-04 11:11:38 - game.audio_system - WARNING - Аудио файл не найден: assets\audio\ui\error.wav
2025-09-04 11:11:38 - game.audio_system - WARNING - Аудио файл не найден: assets\audio\sfx\hit.wav
2025-09-04 11:11:38 - game.audio_system - WARNING - Аудио файл не найден: assets\audio\sfx\miss.wav
2025-09-04 11:11:38 - game.audio_system - WARNING - Аудио файл не найден: assets\audio\sfx\critical.wav
2025-09-04 11:11:38 - game.audio_system - WARNING - Аудио файл не найден: assets\audio\sfx\levelup.wav
2025-09-04 11:11:38 - game.audio_system - WARNING - Аудио файл не найден: assets\audio\sfx\death.wav
2025-09-04 11:11:38 - game.audio_system - WARNING - Аудио файл не найден: assets\audio\ambient\forest.wav
2025-09-04 11:11:38 - game.audio_system - WARNING - Аудио файл не найден: assets\audio\ambient\cave.wav
2025-09-04 11:11:38 - game.audio_system - WARNING - Аудио файл не найден: assets\audio\music\main_theme.wav
2025-09-04 11:11:38 - game.audio_system - WARNING - Аудио файл не найден: assets\audio\music\combat.wav
2025-09-04 11:11:38 - game.audio_system - WARNING - Аудио файл не найден: assets\audio\voice\npc.wav
2025-09-04 11:11:38 - game.audio_system - INFO - SYSTEM_EVENT: initialized
2025-09-04 11:14:26 - game.audio_system - WARNING - Аудио файл не найден: assets\audio\ui\click.wav
2025-09-04 11:14:26 - game.audio_system - WARNING - Аудио файл не найден: assets\audio\ui\hover.wav
2025-09-04 11:14:26 - game.audio_system - WARNING - Аудио файл не найден: assets\audio\ui\error.wav
2025-09-04 11:14:26 - game.audio_system - WARNING - Аудио файл не найден: assets\audio\sfx\hit.wav
2025-09-04 11:14:26 - game.audio_system - WARNING - Аудио файл не найден: assets\audio\sfx\miss.wav
2025-09-04 11:14:26 - game.audio_system - WARNING - Аудио файл не найден: assets\audio\sfx\critical.wav
2025-09-04 11:14:26 - game.audio_system - WARNING - Аудио файл не найден: assets\audio\sfx\levelup.wav
2025-09-04 11:14:26 - game.audio_system - WARNING - Аудио файл не найден: assets\audio\sfx\death.wav
2025-09-04 11:14:26 - game.audio_system - WARNING - Аудио файл не найден: assets\audio\ambient\forest.wav
2025-09-04 11:14:26 - game.audio_system - WARNING - Аудио файл не найден: assets\audio\ambient\cave.wav
2025-09-04 11:14:26 - game.audio_system - WARNING - Аудио файл не найден: assets\audio\music\main_theme.wav
2025-09-04 11:14:26 - game.audio_system - WARNING - Аудио файл не найден: assets\audio\music\combat.wav
2025-09-04 11:14:26 - game.audio_system - WARNING - Аудио файл не найден: assets\audio\voice\npc.wav
2025-09-04 11:14:26 - game.audio_system - INFO - SYSTEM_EVENT: initialized
2025-09-04 11:15:31 - game.audio_system - WARNING - Аудио файл не найден: assets\audio\ui\click.wav
2025-09-04 11:15:31 - game.audio_system - WARNING - Аудио файл не найден: assets\audio\ui\hover.wav
2025-09-04 11:15:31 - game.audio_system - WARNING - Аудио файл не найден: assets\audio\ui\error.wav
2025-09-04 11:15:31 - game.audio_system - WARNING - Аудио файл не найден: assets\audio\sfx\hit.wav
2025-09-04 11:15:31 - game.audio_system - WARNING - Аудио файл не найден: assets\audio\sfx\miss.wav
2025-09-04 11:15:31 - game.audio_system - WARNING - Аудио файл не найден: assets\audio\sfx\critical.wav
2025-09-04 11:15:31 - game.audio_system - WARNING - Аудио файл не найден: assets\audio\sfx\levelup.wav
2025-09-04 11:15:31 - game.audio_system - WARNING - Аудио файл не найден: assets\audio\sfx\death.wav
2025-09-04 11:15:31 - game.audio_system - WARNING - Аудио файл не найден: assets\audio\ambient\forest.wav
2025-09-04 11:15:31 - game.audio_system - WARNING - Аудио файл не найден: assets\audio\ambient\cave.wav
2025-09-04 11:15:31 - game.audio_system - WARNING - Аудио файл не найден: assets\audio\music\main_theme.wav
2025-09-04 11:15:31 - game.audio_system - WARNING - Аудио файл не найден: assets\audio\music\combat.wav
2025-09-04 11:15:31 - game.audio_system - WARNING - Аудио файл не найден: assets\audio\voice\npc.wav
2025-09-04 11:15:31 - game.audio_system - INFO - SYSTEM_EVENT: initialized
2025-09-04 11:16:34 - game.audio_system - WARNING - Аудио файл не найден: assets\audio\ui\click.wav
2025-09-04 11:16:34 - game.audio_system - WARNING - Аудио файл не найден: assets\audio\ui\hover.wav
2025-09-04 11:16:34 - game.audio_system - WARNING - Аудио файл не найден: assets\audio\ui\error.wav
2025-09-04 11:16:34 - game.audio_system - WARNING - Аудио файл не найден: assets\audio\sfx\hit.wav
2025-09-04 11:16:34 - game.audio_system - WARNING - Аудио файл не найден: assets\audio\sfx\miss.wav
2025-09-04 11:16:34 - game.audio_system - WARNING - Аудио файл не найден: assets\audio\sfx\critical.wav
2025-09-04 11:16:34 - game.audio_system - WARNING - Аудио файл не найден: assets\audio\sfx\levelup.wav
2025-09-04 11:16:34 - game.audio_system - WARNING - Аудио файл не найден: assets\audio\sfx\death.wav
2025-09-04 11:16:34 - game.audio_system - WARNING - Аудио файл не найден: assets\audio\ambient\forest.wav
2025-09-04 11:16:34 - game.audio_system - WARNING - Аудио файл не найден: assets\audio\ambient\cave.wav
2025-09-04 11:16:34 - game.audio_system - WARNING - Аудио файл не найден: assets\audio\music\main_theme.wav
2025-09-04 11:16:34 - game.audio_system - WARNING - Аудио файл не найден: assets\audio\music\combat.wav
2025-09-04 11:16:34 - game.audio_system - WARNING - Аудио файл не найден: assets\audio\voice\npc.wav
2025-09-04 11:16:34 - game.audio_system - INFO - SYSTEM_EVENT: initialized
2025-09-04 11:17:26 - game.audio_system - WARNING - Аудио файл не найден: assets\audio\ui\click.wav
2025-09-04 11:17:26 - game.audio_system - WARNING - Аудио файл не найден: assets\audio\ui\hover.wav
2025-09-04 11:17:26 - game.audio_system - WARNING - Аудио файл не найден: assets\audio\ui\error.wav
2025-09-04 11:17:26 - game.audio_system - WARNING - Аудио файл не найден: assets\audio\sfx\hit.wav
2025-09-04 11:17:26 - game.audio_system - WARNING - Аудио файл не найден: assets\audio\sfx\miss.wav
2025-09-04 11:17:26 - game.audio_system - WARNING - Аудио файл не найден: assets\audio\sfx\critical.wav
2025-09-04 11:17:26 - game.audio_system - WARNING - Аудио файл не найден: assets\audio\sfx\levelup.wav
2025-09-04 11:17:26 - game.audio_system - WARNING - Аудио файл не найден: assets\audio\sfx\death.wav
2025-09-04 11:17:26 - game.audio_system - WARNING - Аудио файл не найден: assets\audio\ambient\forest.wav
2025-09-04 11:17:26 - game.audio_system - WARNING - Аудио файл не найден: assets\audio\ambient\cave.wav
2025-09-04 11:17:26 - game.audio_system - WARNING - Аудио файл не найден: assets\audio\music\main_theme.wav
2025-09-04 11:17:26 - game.audio_system - WARNING - Аудио файл не найден: assets\audio\music\combat.wav
2025-09-04 11:17:26 - game.audio_system - WARNING - Аудио файл не найден: assets\audio\voice\npc.wav
2025-09-04 11:17:26 - game.audio_system - INFO - SYSTEM_EVENT: initialized
2025-09-04 11:18:19 - game.audio_system - WARNING - Аудио файл не найден: assets\audio\ui\click.wav
2025-09-04 11:18:19 - game.audio_system - WARNING - Аудио файл не найден: assets\audio\ui\hover.wav
2025-09-04 11:18:19 - game.audio_system - WARNING - Аудио файл не найден: assets\audio\ui\error.wav
2025-09-04 11:18:19 - game.audio_system - WARNING - Аудио файл не найден: assets\audio\sfx\hit.wav
2025-09-04 11:18:19 - game.audio_system - WARNING - Аудио файл не найден: assets\audio\sfx\miss.wav
2025-09-04 11:18:19 - game.audio_system - WARNING - Аудио файл не найден: assets\audio\sfx\critical.wav
2025-09-04 11:18:19 - game.audio_system - WARNING - Аудио файл не найден: assets\audio\sfx\levelup.wav
2025-09-04 11:18:19 - game.audio_system - WARNING - Аудио файл не найден: assets\audio\sfx\death.wav
2025-09-04 11:18:19 - game.audio_system - WARNING - Аудио файл не найден: assets\audio\ambient\forest.wav
2025-09-04 11:18:19 - game.audio_system - WARNING - Аудио файл не найден: assets\audio\ambient\cave.wav
2025-09-04 11:18:19 - game.audio_system - WARNING - Аудио файл не найден: assets\audio\music\main_theme.wav
2025-09-04 11:18:19 - game.audio_system - WARNING - Аудио файл не найден: assets\audio\music\combat.wav
2025-09-04 11:18:19 - game.audio_system - WARNING - Аудио файл не найден: assets\audio\voice\npc.wav
2025-09-04 11:18:19 - game.audio_system - INFO - SYSTEM_EVENT: initialized
