2025-09-04 01:25:34 - game.character_manager - INFO - SYSTEM_EVENT: initialized
2025-09-04 01:26:03 - game.character_manager - INFO - SYSTEM_EVENT: initialized
2025-09-04 01:27:05 - game.character_manager - INFO - SYSTEM_EVENT: initialized
2025-09-04 11:11:38 - game.character_manager - INFO - SYSTEM_EVENT: initialized
2025-09-04 11:14:26 - game.character_manager - INFO - SYSTEM_EVENT: initialized
2025-09-04 11:14:32 - game.character_manager - INFO - SYSTEM_EVENT: character_added
2025-09-04 11:14:32 - game.character_manager - INFO - SYSTEM_EVENT: player_created
2025-09-04 11:15:31 - game.character_manager - INFO - SYSTEM_EVENT: initialized
2025-09-04 11:15:32 - game.character_manager - INFO - SYSTEM_EVENT: character_added
2025-09-04 11:15:32 - game.character_manager - INFO - SYSTEM_EVENT: player_created
2025-09-04 11:16:34 - game.character_manager - INFO - SYSTEM_EVENT: initialized
2025-09-04 11:16:35 - game.character_manager - INFO - SYSTEM_EVENT: character_added
2025-09-04 11:16:35 - game.character_manager - INFO - SYSTEM_EVENT: player_created
2025-09-04 11:17:26 - game.character_manager - INFO - SYSTEM_EVENT: initialized
2025-09-04 11:17:27 - game.character_manager - INFO - SYSTEM_EVENT: character_added
2025-09-04 11:17:27 - game.character_manager - INFO - SYSTEM_EVENT: player_created
2025-09-04 11:18:19 - game.character_manager - INFO - SYSTEM_EVENT: initialized
2025-09-04 11:18:20 - game.character_manager - INFO - SYSTEM_EVENT: character_added
2025-09-04 11:18:20 - game.character_manager - INFO - SYSTEM_EVENT: player_created
2025-09-04 11:19:01 - game.character_manager - INFO - SYSTEM_EVENT: character_removed
2025-09-04 11:19:01 - game.character_manager - INFO - SYSTEM_EVENT: character_added
2025-09-04 11:19:01 - game.character_manager - INFO - SYSTEM_EVENT: player_created
2025-09-04 11:19:26 - game.character_manager - INFO - SYSTEM_EVENT: character_removed
2025-09-04 11:19:26 - game.character_manager - INFO - SYSTEM_EVENT: cleanup_completed
