2025-09-04 01:21:04 - game.core.enhanced_item_system - INFO - Created inventory for test_player with 50 slots
2025-09-04 01:21:04 - game.core.enhanced_item_system - INFO - Added 1 Iron Sword to new slot in test_player's inventory
2025-09-04 01:21:04 - game.core.enhanced_item_system - INFO - Added 5 Health Potion to new slot in test_player's inventory
2025-09-04 01:21:04 - game.core.enhanced_item_system - INFO - Added 1 Ancient Key to new slot in test_player's inventory
2025-09-04 01:21:04 - game.core.enhanced_item_system - INFO - Added 1 Lighthouse Map to new slot in test_player's inventory
2025-09-04 01:21:04 - game.core.enhanced_item_system - ERROR - Error equipping item: unhashable type: 'EquipmentSlot'
2025-09-04 11:14:32 - game.core.enhanced_item_system - INFO - Created inventory for character_1617517401424 with 50 slots
2025-09-04 11:15:32 - game.core.enhanced_item_system - INFO - Created inventory for character_2343301322064 with 50 slots
2025-09-04 11:16:35 - game.core.enhanced_item_system - INFO - Created inventory for character_1396561483088 with 50 slots
2025-09-04 11:16:36 - game.core.enhanced_item_system - INFO - Created inventory for character_1396561642896 with 50 slots
2025-09-04 11:16:36 - game.core.enhanced_item_system - INFO - Created inventory for enemy_1396561642896 with 20 slots
2025-09-04 11:17:27 - game.core.enhanced_item_system - INFO - Created inventory for character_2284917085856 with 50 slots
2025-09-04 11:17:28 - game.core.enhanced_item_system - INFO - Created inventory for character_2284917262048 with 50 slots
2025-09-04 11:17:28 - game.core.enhanced_item_system - INFO - Created inventory for enemy_2284917262048 with 20 slots
2025-09-04 11:18:20 - game.core.enhanced_item_system - INFO - Created inventory for character_2401918310048 with 50 slots
2025-09-04 11:18:21 - game.core.enhanced_item_system - INFO - Created inventory for character_2401918486240 with 50 slots
2025-09-04 11:18:21 - game.core.enhanced_item_system - INFO - Created inventory for enemy_2401918486240 with 20 slots
2025-09-04 11:18:23 - game.core.enhanced_item_system - INFO - Created inventory for character_2401918668624 with 50 slots
2025-09-04 11:18:23 - game.core.enhanced_item_system - INFO - Created inventory for enemy_2401918668624 with 20 slots
2025-09-04 11:18:24 - game.core.enhanced_item_system - INFO - Created inventory for character_2401918673744 with 50 slots
2025-09-04 11:18:24 - game.core.enhanced_item_system - INFO - Created inventory for enemy_2401918673744 with 20 slots
2025-09-04 11:18:25 - game.core.enhanced_item_system - INFO - Created inventory for character_2401918674384 with 50 slots
2025-09-04 11:18:25 - game.core.enhanced_item_system - INFO - Created inventory for enemy_2401918674384 with 20 slots
2025-09-04 11:18:26 - game.core.enhanced_item_system - INFO - Created inventory for character_2401918674704 with 50 slots
2025-09-04 11:18:26 - game.core.enhanced_item_system - INFO - Created inventory for enemy_2401918674704 with 20 slots
2025-09-04 11:18:28 - game.core.enhanced_item_system - INFO - Created inventory for character_2401918675344 with 50 slots
2025-09-04 11:18:28 - game.core.enhanced_item_system - INFO - Created inventory for enemy_2401918675344 with 20 slots
2025-09-04 11:18:29 - game.core.enhanced_item_system - INFO - Created inventory for character_2401918675664 with 50 slots
2025-09-04 11:18:29 - game.core.enhanced_item_system - INFO - Created inventory for enemy_2401918675664 with 20 slots
2025-09-04 11:18:30 - game.core.enhanced_item_system - INFO - Created inventory for character_2401918676624 with 50 slots
2025-09-04 11:18:30 - game.core.enhanced_item_system - INFO - Created inventory for enemy_2401918676624 with 20 slots
2025-09-04 11:18:32 - game.core.enhanced_item_system - INFO - Created inventory for character_2401918676304 with 50 slots
2025-09-04 11:18:32 - game.core.enhanced_item_system - INFO - Created inventory for enemy_2401918676304 with 20 slots
2025-09-04 11:18:33 - game.core.enhanced_item_system - INFO - Created inventory for character_2401918676944 with 50 slots
2025-09-04 11:18:33 - game.core.enhanced_item_system - INFO - Created inventory for enemy_2401918676944 with 20 slots
2025-09-04 11:19:01 - game.core.enhanced_item_system - INFO - Created inventory for character_2401918677264 with 50 slots
2025-09-04 11:19:02 - game.core.enhanced_item_system - INFO - Created inventory for character_2401918678224 with 50 slots
2025-09-04 11:19:02 - game.core.enhanced_item_system - INFO - Created inventory for enemy_2401918678224 with 20 slots
2025-09-04 11:19:03 - game.core.enhanced_item_system - INFO - Created inventory for character_2401918678544 with 50 slots
2025-09-04 11:19:03 - game.core.enhanced_item_system - INFO - Created inventory for enemy_2401918678544 with 20 slots
2025-09-04 11:19:05 - game.core.enhanced_item_system - INFO - Created inventory for character_2401918678864 with 50 slots
2025-09-04 11:19:05 - game.core.enhanced_item_system - INFO - Created inventory for enemy_2401918678864 with 20 slots
2025-09-04 11:19:06 - game.core.enhanced_item_system - INFO - Created inventory for character_2401918679184 with 50 slots
2025-09-04 11:19:06 - game.core.enhanced_item_system - INFO - Created inventory for enemy_2401918679184 with 20 slots
2025-09-04 11:19:08 - game.core.enhanced_item_system - INFO - Created inventory for character_2401918679504 with 50 slots
2025-09-04 11:19:08 - game.core.enhanced_item_system - INFO - Created inventory for enemy_2401918679504 with 20 slots
2025-09-04 11:19:09 - game.core.enhanced_item_system - INFO - Created inventory for character_2401918679824 with 50 slots
2025-09-04 11:19:09 - game.core.enhanced_item_system - INFO - Created inventory for enemy_2401918679824 with 20 slots
2025-09-04 11:19:11 - game.core.enhanced_item_system - INFO - Created inventory for character_2401918680144 with 50 slots
2025-09-04 11:19:11 - game.core.enhanced_item_system - INFO - Created inventory for enemy_2401918680144 with 20 slots
2025-09-04 11:19:12 - game.core.enhanced_item_system - INFO - Created inventory for character_2401918680464 with 50 slots
2025-09-04 11:19:12 - game.core.enhanced_item_system - INFO - Created inventory for enemy_2401918680464 with 20 slots
2025-09-04 11:19:14 - game.core.enhanced_item_system - INFO - Created inventory for character_2401918680784 with 50 slots
2025-09-04 11:19:14 - game.core.enhanced_item_system - INFO - Created inventory for enemy_2401918680784 with 20 slots
2025-09-04 11:19:15 - game.core.enhanced_item_system - INFO - Created inventory for character_2402057551952 with 50 slots
2025-09-04 11:19:15 - game.core.enhanced_item_system - INFO - Created inventory for enemy_2402057551952 with 20 slots
