2025-09-04 01:21:04 - game.core.enhanced_ai_memory - INFO - Initialized memory for player entity player_001
2025-09-04 01:21:04 - game.core.enhanced_ai_memory - INFO - Initialized memory for basic_enemy entity enemy_001
2025-09-04 01:21:04 - game.core.enhanced_ai_memory - INFO - Initialized memory for boss entity boss_001
2025-09-04 01:21:04 - game.core.enhanced_ai_memory - INFO - Initialized memory for chimera entity chimera_001
2025-09-04 11:16:36 - game.core.enhanced_ai_memory - INFO - Initialized memory for basic_enemy entity basic_1756970196543
2025-09-04 11:17:28 - game.core.enhanced_ai_memory - INFO - Initialized memory for basic_enemy entity basic_1756970248442
2025-09-04 11:18:21 - game.core.enhanced_ai_memory - INFO - Initialized memory for basic_enemy entity basic_1756970301863
2025-09-04 11:18:23 - game.core.enhanced_ai_memory - INFO - Initialized memory for basic_enemy entity basic_1756970303086
2025-09-04 11:18:24 - game.core.enhanced_ai_memory - INFO - Initialized memory for basic_enemy entity basic_1756970304303
2025-09-04 11:18:25 - game.core.enhanced_ai_memory - INFO - Initialized memory for basic_enemy entity basic_1756970305522
2025-09-04 11:18:26 - game.core.enhanced_ai_memory - INFO - Initialized memory for basic_enemy entity basic_1756970306753
2025-09-04 11:18:28 - game.core.enhanced_ai_memory - INFO - Initialized memory for basic_enemy entity basic_1756970308069
2025-09-04 11:18:29 - game.core.enhanced_ai_memory - INFO - Initialized memory for basic_enemy entity basic_1756970309414
2025-09-04 11:18:30 - game.core.enhanced_ai_memory - INFO - Initialized memory for basic_enemy entity basic_1756970310802
2025-09-04 11:18:32 - game.core.enhanced_ai_memory - INFO - Initialized memory for basic_enemy entity basic_1756970312198
2025-09-04 11:18:33 - game.core.enhanced_ai_memory - INFO - Initialized memory for basic_enemy entity basic_1756970313555
2025-09-04 11:19:02 - game.core.enhanced_ai_memory - INFO - Initialized memory for basic_enemy entity basic_1756970342311
2025-09-04 11:19:03 - game.core.enhanced_ai_memory - INFO - Initialized memory for basic_enemy entity basic_1756970343669
2025-09-04 11:19:05 - game.core.enhanced_ai_memory - INFO - Initialized memory for basic_enemy entity basic_1756970345044
2025-09-04 11:19:06 - game.core.enhanced_ai_memory - INFO - Initialized memory for basic_enemy entity basic_1756970346568
2025-09-04 11:19:08 - game.core.enhanced_ai_memory - INFO - Initialized memory for basic_enemy entity basic_1756970348047
2025-09-04 11:19:09 - game.core.enhanced_ai_memory - INFO - Initialized memory for basic_enemy entity basic_1756970349600
2025-09-04 11:19:11 - game.core.enhanced_ai_memory - INFO - Initialized memory for basic_enemy entity basic_1756970351094
2025-09-04 11:19:12 - game.core.enhanced_ai_memory - INFO - Initialized memory for basic_enemy entity basic_1756970352629
2025-09-04 11:19:14 - game.core.enhanced_ai_memory - INFO - Initialized memory for basic_enemy entity basic_1756970354191
2025-09-04 11:19:15 - game.core.enhanced_ai_memory - INFO - Initialized memory for basic_enemy entity basic_1756970355659
