2025-09-04 00:08:33 - game - INFO - GameLogger initialized successfully
2025-09-04 00:08:33 - game.main - INFO - SYSTEM_EVENT: game_started
2025-09-04 00:09:09 - game - INFO - GameLogger initialized successfully
2025-09-04 00:09:09 - game.main - INFO - SYSTEM_EVENT: game_started
2025-09-04 00:11:44 - game - INFO - GameLogger initialized successfully
2025-09-04 00:11:44 - game.main - INFO - SYSTEM_EVENT: game_started
2025-09-04 00:14:14 - game - INFO - GameLogger initialized successfully
2025-09-04 00:14:14 - game.main - INFO - SYSTEM_EVENT: game_started
2025-09-04 00:14:16 - game.character - INFO - SYSTEM_EVENT: character_created
2025-09-04 00:15:17 - game - INFO - GameLogger initialized successfully
2025-09-04 00:15:17 - game.main - INFO - SYSTEM_EVENT: game_started
2025-09-04 00:15:18 - game.character - INFO - SYSTEM_EVENT: character_created
2025-09-04 00:16:10 - game - INFO - GameLogger initialized successfully
2025-09-04 00:16:10 - game.main - INFO - SYSTEM_EVENT: game_started
2025-09-04 00:16:11 - game.character - INFO - SYSTEM_EVENT: character_created
2025-09-04 00:16:37 - game - INFO - GameLogger initialized successfully
2025-09-04 00:16:37 - game.main - INFO - SYSTEM_EVENT: game_started
2025-09-04 00:16:38 - game.character - INFO - SYSTEM_EVENT: character_created
2025-09-04 00:17:24 - game - INFO - GameLogger initialized successfully
2025-09-04 00:17:24 - game.main - INFO - SYSTEM_EVENT: game_started
2025-09-04 00:18:01 - game.character - INFO - SYSTEM_EVENT: character_created
2025-09-04 00:18:05 - game.character - INFO - SYSTEM_EVENT: character_created
2025-09-04 00:18:06 - game.character - INFO - SYSTEM_EVENT: character_created
2025-09-04 00:18:07 - game.character - INFO - SYSTEM_EVENT: character_created
2025-09-04 00:39:59 - game - INFO - GameLogger initialized successfully
2025-09-04 00:39:59 - game.main - INFO - SYSTEM_EVENT: game_started
2025-09-04 00:42:22 - game.character - INFO - SYSTEM_EVENT: character_created
2025-09-04 01:21:04 - game - INFO - GameLogger initialized successfully
2025-09-04 01:21:04 - game.core.lighthouse_system - INFO - Generated lighthouse lighthouse_test_session_001_1756934464 at (-250.1, 157.2) for session test_session_001
2025-09-04 01:21:04 - game.lighthouse_system - INFO - SYSTEM_EVENT: initialized
2025-09-04 01:21:04 - game.core.enemy_behavior_system - INFO - Initialized behavior for enemy enemy_001: aggressive
2025-09-04 01:21:04 - game.core.enemy_behavior_system - INFO - Initialized behavior for enemy enemy_002: tactical
2025-09-04 01:21:04 - game.enemy_behavior_system - INFO - SYSTEM_EVENT: initialized
2025-09-04 01:21:04 - game.core.enemy_behavior_system - INFO - Initialized behavior for enemy enemy_003: persistent
2025-09-04 01:21:04 - game.core.enhanced_ai_memory - INFO - Initialized memory for player entity player_001
2025-09-04 01:21:04 - game.core.enhanced_ai_memory - INFO - Initialized memory for basic_enemy entity enemy_001
2025-09-04 01:21:04 - game.enhanced_ai_memory - INFO - SYSTEM_EVENT: initialized
2025-09-04 01:21:04 - game.core.enhanced_ai_memory - INFO - Initialized memory for boss entity boss_001
2025-09-04 01:21:04 - game.core.enhanced_ai_memory - INFO - Initialized memory for chimera entity chimera_001
2025-09-04 01:21:04 - game.core.enhanced_item_system - INFO - Created inventory for test_player with 50 slots
2025-09-04 01:21:04 - game.core.enhanced_item_system - INFO - Added 1 Iron Sword to new slot in test_player's inventory
2025-09-04 01:21:04 - game.enhanced_item_system - INFO - SYSTEM_EVENT: initialized
2025-09-04 01:21:04 - game.core.enhanced_item_system - INFO - Added 5 Health Potion to new slot in test_player's inventory
2025-09-04 01:21:04 - game.core.enhanced_item_system - INFO - Added 1 Ancient Key to new slot in test_player's inventory
2025-09-04 01:21:04 - game.core.enhanced_item_system - INFO - Added 1 Lighthouse Map to new slot in test_player's inventory
2025-09-04 01:21:04 - game.core.enhanced_item_system - ERROR - Error equipping item: unhashable type: 'EquipmentSlot'
2025-09-04 01:21:04 - game.core.roguelike_content_generator - INFO - Generating content for session test_session_002
2025-09-04 01:21:04 - game.roguelike_content_generator - INFO - SYSTEM_EVENT: initialized
2025-09-04 01:21:04 - game.core.roguelike_content_generator - INFO - Saved session content to content\generated\test_session_002_content.json
2025-09-04 01:21:04 - game.roguelike_content_generator - INFO - SYSTEM_EVENT: session_content_generated
2025-09-04 01:25:34 - game - INFO - GameLogger initialized successfully
2025-09-04 01:25:34 - game.main - INFO - SYSTEM_EVENT: game_started
2025-09-04 01:25:34 - game.config_manager - INFO - SYSTEM_EVENT: all_configs_loaded
2025-09-04 01:25:34 - game.config_manager - INFO - SYSTEM_EVENT: initialized
2025-09-04 01:25:34 - game.game_state_manager - INFO - SYSTEM_EVENT: initialized
2025-09-04 01:25:34 - game.character_manager - INFO - SYSTEM_EVENT: initialized
2025-09-04 01:25:34 - game.save_system - INFO - SYSTEM_EVENT: initialized
2025-09-04 01:25:34 - game.audio_system - WARNING - Аудио файл не найден: assets\audio\ui\click.wav
2025-09-04 01:25:34 - game.audio_system - WARNING - Аудио файл не найден: assets\audio\ui\hover.wav
2025-09-04 01:25:34 - game.audio_system - WARNING - Аудио файл не найден: assets\audio\ui\error.wav
2025-09-04 01:25:34 - game.audio_system - WARNING - Аудио файл не найден: assets\audio\sfx\hit.wav
2025-09-04 01:25:34 - game.audio_system - WARNING - Аудио файл не найден: assets\audio\sfx\miss.wav
2025-09-04 01:25:34 - game.audio_system - WARNING - Аудио файл не найден: assets\audio\sfx\critical.wav
2025-09-04 01:25:34 - game.audio_system - WARNING - Аудио файл не найден: assets\audio\sfx\levelup.wav
2025-09-04 01:25:34 - game.audio_system - WARNING - Аудио файл не найден: assets\audio\sfx\death.wav
2025-09-04 01:25:34 - game.audio_system - WARNING - Аудио файл не найден: assets\audio\ambient\forest.wav
2025-09-04 01:25:34 - game.audio_system - WARNING - Аудио файл не найден: assets\audio\ambient\cave.wav
2025-09-04 01:25:34 - game.audio_system - WARNING - Аудио файл не найден: assets\audio\music\main_theme.wav
2025-09-04 01:25:34 - game.audio_system - WARNING - Аудио файл не найден: assets\audio\music\combat.wav
2025-09-04 01:25:34 - game.audio_system - WARNING - Аудио файл не найден: assets\audio\voice\npc.wav
2025-09-04 01:25:34 - game.audio_system - INFO - SYSTEM_EVENT: initialized
2025-09-04 01:25:34 - game.achievement_system - INFO - SYSTEM_EVENT: initialized
2025-09-04 01:25:34 - game.event_system - INFO - SYSTEM_EVENT: handler_registered
2025-09-04 01:25:34 - game.event_system - INFO - SYSTEM_EVENT: handler_registered
2025-09-04 01:25:34 - game.event_system - INFO - SYSTEM_EVENT: initialized
2025-09-04 01:25:34 - game.resource_manager - INFO - SYSTEM_EVENT: resources_scanned
2025-09-04 01:25:34 - game.resource_manager - INFO - SYSTEM_EVENT: initialized
2025-09-04 01:25:34 - game.roguelike_content_generator - INFO - SYSTEM_EVENT: initialized
2025-09-04 01:25:34 - game.enhanced_ai_memory - INFO - SYSTEM_EVENT: initialized
2025-09-04 01:25:34 - game.enhanced_item_system - INFO - SYSTEM_EVENT: initialized
2025-09-04 01:25:34 - game.lighthouse_system - INFO - SYSTEM_EVENT: initialized
2025-09-04 01:25:34 - game.enemy_behavior_system - INFO - SYSTEM_EVENT: initialized
2025-09-04 01:26:03 - game - INFO - GameLogger initialized successfully
2025-09-04 01:26:03 - game.main - INFO - SYSTEM_EVENT: game_started
2025-09-04 01:26:03 - game.config_manager - INFO - SYSTEM_EVENT: all_configs_loaded
2025-09-04 01:26:03 - game.config_manager - INFO - SYSTEM_EVENT: initialized
2025-09-04 01:26:03 - game.game_state_manager - INFO - SYSTEM_EVENT: initialized
2025-09-04 01:26:03 - game.character_manager - INFO - SYSTEM_EVENT: initialized
2025-09-04 01:26:03 - game.save_system - INFO - SYSTEM_EVENT: initialized
2025-09-04 01:26:03 - game.audio_system - WARNING - Аудио файл не найден: assets\audio\ui\click.wav
2025-09-04 01:26:03 - game.audio_system - WARNING - Аудио файл не найден: assets\audio\ui\hover.wav
2025-09-04 01:26:03 - game.audio_system - WARNING - Аудио файл не найден: assets\audio\ui\error.wav
2025-09-04 01:26:03 - game.audio_system - WARNING - Аудио файл не найден: assets\audio\sfx\hit.wav
2025-09-04 01:26:03 - game.audio_system - WARNING - Аудио файл не найден: assets\audio\sfx\miss.wav
2025-09-04 01:26:03 - game.audio_system - WARNING - Аудио файл не найден: assets\audio\sfx\critical.wav
2025-09-04 01:26:03 - game.audio_system - WARNING - Аудио файл не найден: assets\audio\sfx\levelup.wav
2025-09-04 01:26:03 - game.audio_system - WARNING - Аудио файл не найден: assets\audio\sfx\death.wav
2025-09-04 01:26:03 - game.audio_system - WARNING - Аудио файл не найден: assets\audio\ambient\forest.wav
2025-09-04 01:26:03 - game.audio_system - WARNING - Аудио файл не найден: assets\audio\ambient\cave.wav
2025-09-04 01:26:03 - game.audio_system - WARNING - Аудио файл не найден: assets\audio\music\main_theme.wav
2025-09-04 01:26:03 - game.audio_system - WARNING - Аудио файл не найден: assets\audio\music\combat.wav
2025-09-04 01:26:03 - game.audio_system - WARNING - Аудио файл не найден: assets\audio\voice\npc.wav
2025-09-04 01:26:03 - game.audio_system - INFO - SYSTEM_EVENT: initialized
2025-09-04 01:26:03 - game.achievement_system - INFO - SYSTEM_EVENT: initialized
2025-09-04 01:26:03 - game.event_system - INFO - SYSTEM_EVENT: handler_registered
2025-09-04 01:26:03 - game.event_system - INFO - SYSTEM_EVENT: handler_registered
2025-09-04 01:26:03 - game.event_system - INFO - SYSTEM_EVENT: initialized
2025-09-04 01:26:03 - game.resource_manager - INFO - SYSTEM_EVENT: resources_scanned
2025-09-04 01:26:03 - game.resource_manager - INFO - SYSTEM_EVENT: initialized
2025-09-04 01:26:03 - game.roguelike_content_generator - INFO - SYSTEM_EVENT: initialized
2025-09-04 01:26:03 - game.enhanced_ai_memory - INFO - SYSTEM_EVENT: initialized
2025-09-04 01:26:03 - game.enhanced_item_system - INFO - SYSTEM_EVENT: initialized
2025-09-04 01:26:03 - game.lighthouse_system - INFO - SYSTEM_EVENT: initialized
2025-09-04 01:26:03 - game.enemy_behavior_system - INFO - SYSTEM_EVENT: initialized
2025-09-04 01:27:05 - game - INFO - GameLogger initialized successfully
2025-09-04 01:27:05 - game.main - INFO - SYSTEM_EVENT: game_started
2025-09-04 01:27:05 - game.config_manager - INFO - SYSTEM_EVENT: all_configs_loaded
2025-09-04 01:27:05 - game.config_manager - INFO - SYSTEM_EVENT: initialized
2025-09-04 01:27:05 - game.game_state_manager - INFO - SYSTEM_EVENT: initialized
2025-09-04 01:27:05 - game.character_manager - INFO - SYSTEM_EVENT: initialized
2025-09-04 01:27:05 - game.save_system - INFO - SYSTEM_EVENT: initialized
2025-09-04 01:27:05 - game.audio_system - WARNING - Аудио файл не найден: assets\audio\ui\click.wav
2025-09-04 01:27:05 - game.audio_system - WARNING - Аудио файл не найден: assets\audio\ui\hover.wav
2025-09-04 01:27:05 - game.audio_system - WARNING - Аудио файл не найден: assets\audio\ui\error.wav
2025-09-04 01:27:05 - game.audio_system - WARNING - Аудио файл не найден: assets\audio\sfx\hit.wav
2025-09-04 01:27:05 - game.audio_system - WARNING - Аудио файл не найден: assets\audio\sfx\miss.wav
2025-09-04 01:27:05 - game.audio_system - WARNING - Аудио файл не найден: assets\audio\sfx\critical.wav
2025-09-04 01:27:05 - game.audio_system - WARNING - Аудио файл не найден: assets\audio\sfx\levelup.wav
2025-09-04 01:27:05 - game.audio_system - WARNING - Аудио файл не найден: assets\audio\sfx\death.wav
2025-09-04 01:27:05 - game.audio_system - WARNING - Аудио файл не найден: assets\audio\ambient\forest.wav
2025-09-04 01:27:05 - game.audio_system - WARNING - Аудио файл не найден: assets\audio\ambient\cave.wav
2025-09-04 01:27:05 - game.audio_system - WARNING - Аудио файл не найден: assets\audio\music\main_theme.wav
2025-09-04 01:27:05 - game.audio_system - WARNING - Аудио файл не найден: assets\audio\music\combat.wav
2025-09-04 01:27:05 - game.audio_system - WARNING - Аудио файл не найден: assets\audio\voice\npc.wav
2025-09-04 01:27:05 - game.audio_system - INFO - SYSTEM_EVENT: initialized
2025-09-04 01:27:05 - game.achievement_system - INFO - SYSTEM_EVENT: initialized
2025-09-04 01:27:05 - game.event_system - INFO - SYSTEM_EVENT: handler_registered
2025-09-04 01:27:05 - game.event_system - INFO - SYSTEM_EVENT: handler_registered
2025-09-04 01:27:05 - game.event_system - INFO - SYSTEM_EVENT: initialized
2025-09-04 01:27:05 - game.resource_manager - INFO - SYSTEM_EVENT: resources_scanned
2025-09-04 01:27:05 - game.resource_manager - INFO - SYSTEM_EVENT: initialized
2025-09-04 01:27:05 - game.roguelike_content_generator - INFO - SYSTEM_EVENT: initialized
2025-09-04 01:27:05 - game.enhanced_ai_memory - INFO - SYSTEM_EVENT: initialized
2025-09-04 01:27:05 - game.enhanced_item_system - INFO - SYSTEM_EVENT: initialized
2025-09-04 01:27:05 - game.lighthouse_system - INFO - SYSTEM_EVENT: initialized
2025-09-04 01:27:05 - game.enemy_behavior_system - INFO - SYSTEM_EVENT: initialized
2025-09-04 11:11:38 - game - INFO - GameLogger initialized successfully
2025-09-04 11:11:38 - game.main - INFO - SYSTEM_EVENT: game_started
2025-09-04 11:11:38 - game.config_manager - INFO - SYSTEM_EVENT: all_configs_loaded
2025-09-04 11:11:38 - game.config_manager - INFO - SYSTEM_EVENT: initialized
2025-09-04 11:11:38 - game.game_state_manager - INFO - SYSTEM_EVENT: initialized
2025-09-04 11:11:38 - game.character_manager - INFO - SYSTEM_EVENT: initialized
2025-09-04 11:11:38 - game.save_system - INFO - SYSTEM_EVENT: initialized
2025-09-04 11:11:38 - game.audio_system - WARNING - Аудио файл не найден: assets\audio\ui\click.wav
2025-09-04 11:11:38 - game.audio_system - WARNING - Аудио файл не найден: assets\audio\ui\hover.wav
2025-09-04 11:11:38 - game.audio_system - WARNING - Аудио файл не найден: assets\audio\ui\error.wav
2025-09-04 11:11:38 - game.audio_system - WARNING - Аудио файл не найден: assets\audio\sfx\hit.wav
2025-09-04 11:11:38 - game.audio_system - WARNING - Аудио файл не найден: assets\audio\sfx\miss.wav
2025-09-04 11:11:38 - game.audio_system - WARNING - Аудио файл не найден: assets\audio\sfx\critical.wav
2025-09-04 11:11:38 - game.audio_system - WARNING - Аудио файл не найден: assets\audio\sfx\levelup.wav
2025-09-04 11:11:38 - game.audio_system - WARNING - Аудио файл не найден: assets\audio\sfx\death.wav
2025-09-04 11:11:38 - game.audio_system - WARNING - Аудио файл не найден: assets\audio\ambient\forest.wav
2025-09-04 11:11:38 - game.audio_system - WARNING - Аудио файл не найден: assets\audio\ambient\cave.wav
2025-09-04 11:11:38 - game.audio_system - WARNING - Аудио файл не найден: assets\audio\music\main_theme.wav
2025-09-04 11:11:38 - game.audio_system - WARNING - Аудио файл не найден: assets\audio\music\combat.wav
2025-09-04 11:11:38 - game.audio_system - WARNING - Аудио файл не найден: assets\audio\voice\npc.wav
2025-09-04 11:11:38 - game.audio_system - INFO - SYSTEM_EVENT: initialized
2025-09-04 11:11:38 - game.achievement_system - INFO - SYSTEM_EVENT: initialized
2025-09-04 11:11:38 - game.event_system - INFO - SYSTEM_EVENT: handler_registered
2025-09-04 11:11:38 - game.event_system - INFO - SYSTEM_EVENT: handler_registered
2025-09-04 11:11:38 - game.event_system - INFO - SYSTEM_EVENT: initialized
2025-09-04 11:11:38 - game.resource_manager - INFO - SYSTEM_EVENT: resources_scanned
2025-09-04 11:11:38 - game.resource_manager - INFO - SYSTEM_EVENT: initialized
2025-09-04 11:11:38 - game.roguelike_content_generator - INFO - SYSTEM_EVENT: initialized
2025-09-04 11:11:38 - game.enhanced_ai_memory - INFO - SYSTEM_EVENT: initialized
2025-09-04 11:11:38 - game - CRITICAL - UNCAUGHT EXCEPTION: AttributeError: 'panda3d.core.WindowProperties' object has no attribute 'setVerticalSync'
2025-09-04 11:11:38 - game.enhanced_item_system - INFO - SYSTEM_EVENT: initialized
2025-09-04 11:11:38 - game - CRITICAL - Traceback (most recent call last):
2025-09-04 11:11:38 - game - CRITICAL - File "C:\Users\lgbtb\Desktop\New folder\main.py", line 389, in <module>
    app = Game()
2025-09-04 11:11:38 - game.lighthouse_system - INFO - SYSTEM_EVENT: initialized
2025-09-04 11:11:38 - game - CRITICAL - File "C:\Users\lgbtb\Desktop\New folder\main.py", line 71, in __init__
    self._setup_window()
    ~~~~~~~~~~~~~~~~~~^^
2025-09-04 11:11:38 - game - CRITICAL - File "C:\Users\lgbtb\Desktop\New folder\main.py", line 127, in _setup_window
    props.setVerticalSync(True)
    ^^^^^^^^^^^^^^^^^^^^^
2025-09-04 11:11:38 - game - CRITICAL - AttributeError: 'panda3d.core.WindowProperties' object has no attribute 'setVerticalSync'
2025-09-04 11:11:38 - game.enemy_behavior_system - INFO - SYSTEM_EVENT: initialized
2025-09-04 11:11:38 - game - INFO - GameLogger cleanup started
2025-09-04 11:14:26 - game - INFO - GameLogger initialized successfully
2025-09-04 11:14:26 - game.main - INFO - SYSTEM_EVENT: game_started
2025-09-04 11:14:26 - game.config_manager - INFO - SYSTEM_EVENT: all_configs_loaded
2025-09-04 11:14:26 - game.config_manager - INFO - SYSTEM_EVENT: initialized
2025-09-04 11:14:26 - game.game_state_manager - INFO - SYSTEM_EVENT: initialized
2025-09-04 11:14:26 - game.character_manager - INFO - SYSTEM_EVENT: initialized
2025-09-04 11:14:26 - game.save_system - INFO - SYSTEM_EVENT: initialized
2025-09-04 11:14:26 - game.audio_system - WARNING - Аудио файл не найден: assets\audio\ui\click.wav
2025-09-04 11:14:26 - game.audio_system - WARNING - Аудио файл не найден: assets\audio\ui\hover.wav
2025-09-04 11:14:26 - game.audio_system - WARNING - Аудио файл не найден: assets\audio\ui\error.wav
2025-09-04 11:14:26 - game.audio_system - WARNING - Аудио файл не найден: assets\audio\sfx\hit.wav
2025-09-04 11:14:26 - game.audio_system - WARNING - Аудио файл не найден: assets\audio\sfx\miss.wav
2025-09-04 11:14:26 - game.audio_system - WARNING - Аудио файл не найден: assets\audio\sfx\critical.wav
2025-09-04 11:14:26 - game.audio_system - WARNING - Аудио файл не найден: assets\audio\sfx\levelup.wav
2025-09-04 11:14:26 - game.audio_system - WARNING - Аудио файл не найден: assets\audio\sfx\death.wav
2025-09-04 11:14:26 - game.audio_system - WARNING - Аудио файл не найден: assets\audio\ambient\forest.wav
2025-09-04 11:14:26 - game.audio_system - WARNING - Аудио файл не найден: assets\audio\ambient\cave.wav
2025-09-04 11:14:26 - game.audio_system - WARNING - Аудио файл не найден: assets\audio\music\main_theme.wav
2025-09-04 11:14:26 - game.audio_system - WARNING - Аудио файл не найден: assets\audio\music\combat.wav
2025-09-04 11:14:26 - game.audio_system - WARNING - Аудио файл не найден: assets\audio\voice\npc.wav
2025-09-04 11:14:26 - game.audio_system - INFO - SYSTEM_EVENT: initialized
2025-09-04 11:14:26 - game.achievement_system - INFO - SYSTEM_EVENT: initialized
2025-09-04 11:14:26 - game.event_system - INFO - SYSTEM_EVENT: handler_registered
2025-09-04 11:14:26 - game.event_system - INFO - SYSTEM_EVENT: handler_registered
2025-09-04 11:14:26 - game.event_system - INFO - SYSTEM_EVENT: initialized
2025-09-04 11:14:26 - game.resource_manager - INFO - SYSTEM_EVENT: resources_scanned
2025-09-04 11:14:26 - game.resource_manager - INFO - SYSTEM_EVENT: initialized
2025-09-04 11:14:26 - game.roguelike_content_generator - INFO - SYSTEM_EVENT: initialized
2025-09-04 11:14:26 - game.enhanced_ai_memory - INFO - SYSTEM_EVENT: initialized
2025-09-04 11:14:26 - game.enhanced_item_system - INFO - SYSTEM_EVENT: initialized
2025-09-04 11:14:26 - game.lighthouse_system - INFO - SYSTEM_EVENT: initialized
2025-09-04 11:14:26 - game.enemy_behavior_system - INFO - SYSTEM_EVENT: initialized
2025-09-04 11:14:32 - game.core.enhanced_item_system - INFO - Created inventory for character_1617517401424 with 50 slots
2025-09-04 11:14:32 - game - CRITICAL - UNCAUGHT EXCEPTION: AttributeError: type object 'OnscreenText' has no attribute 'ALeft'
2025-09-04 11:14:32 - game.character - INFO - SYSTEM_EVENT: character_created
2025-09-04 11:14:32 - game.character_manager - INFO - SYSTEM_EVENT: character_added
2025-09-04 11:14:32 - game.character_manager - INFO - SYSTEM_EVENT: player_created
2025-09-04 11:14:32 - game - CRITICAL - Traceback (most recent call last):
2025-09-04 11:14:32 - game - CRITICAL - File "C:\Users\lgbtb\AppData\Local\Programs\Python\Python313\Lib\site-packages\direct\showbase\EventManager.py", line 49, in eventLoopTask
    self.doEvents()
    ~~~~~~~~~~~~~^^
2025-09-04 11:14:32 - game - CRITICAL - File "C:\Users\lgbtb\AppData\Local\Programs\Python\Python313\Lib\site-packages\direct\showbase\EventManager.py", line 43, in doEvents
    processFunc(dequeueFunc())
    ~~~~~~~~~~~^^^^^^^^^^^^^^^
2025-09-04 11:14:32 - game - CRITICAL - File "C:\Users\lgbtb\AppData\Local\Programs\Python\Python313\Lib\site-packages\direct\showbase\EventManager.py", line 99, in processEvent
    messenger.send(eventName, paramList)
    ~~~~~~~~~~~~~~^^^^^^^^^^^^^^^^^^^^^^
2025-09-04 11:14:32 - game - CRITICAL - File "C:\Users\lgbtb\AppData\Local\Programs\Python\Python313\Lib\site-packages\direct\showbase\Messenger.py", line 337, in send
    self.__dispatch(acceptorDict, event, sentArgs, foundWatch)
    ~~~~~~~~~~~~~~~^^^^^^^^^^^^^^^^^^^^^^^^^^^^^^^^^^^^^^^^^^^
2025-09-04 11:14:32 - game - CRITICAL - File "C:\Users\lgbtb\AppData\Local\Programs\Python\Python313\Lib\site-packages\direct\showbase\Messenger.py", line 422, in __dispatch
    result = method (*(extraArgs + sentArgs))
2025-09-04 11:14:32 - game - CRITICAL - File "C:\Users\lgbtb\AppData\Local\Programs\Python\Python313\Lib\site-packages\direct\gui\DirectButton.py", line 107, in commandFunc
    self['command'](*self['extraArgs'])
    ~~~~~~~~~~~~~~~^^^^^^^^^^^^^^^^^^^^
2025-09-04 11:14:32 - game - CRITICAL - File "C:\Users\lgbtb\Desktop\New folder\screens\start_screen_new.py", line 26, in start_new_game
    self.game.state_manager.change_state("game")
    ~~~~~~~~~~~~~~~~~~~~~~~~~~~~~~~~~~~~^^^^^^^^
2025-09-04 11:14:32 - game - CRITICAL - File "C:\Users\lgbtb\Desktop\New folder\game_states.py", line 34, in change_state
    self.states[name].enter()
    ~~~~~~~~~~~~~~~~~~~~~~~^^
2025-09-04 11:14:32 - game - CRITICAL - File "C:\Users\lgbtb\Desktop\New folder\game_scene_new.py", line 53, in enter
    self.hud.create_hud()
    ~~~~~~~~~~~~~~~~~~~^^
2025-09-04 11:14:32 - game - CRITICAL - File "C:\Users\lgbtb\Desktop\New folder\enhanced_hud.py", line 31, in create_hud
    self._create_attributes_panel()
    ~~~~~~~~~~~~~~~~~~~~~~~~~~~~~^^
2025-09-04 11:14:32 - game - CRITICAL - File "C:\Users\lgbtb\Desktop\New folder\enhanced_hud.py", line 198, in _create_attributes_panel
    align=OnscreenText.ALeft,
          ^^^^^^^^^^^^^^^^^^
2025-09-04 11:14:32 - game - CRITICAL - AttributeError: type object 'OnscreenText' has no attribute 'ALeft'
2025-09-04 11:14:32 - game - CRITICAL - UNCAUGHT EXCEPTION: AttributeError: type object 'OnscreenText' has no attribute 'ALeft'
2025-09-04 11:14:32 - game - CRITICAL - Traceback (most recent call last):
2025-09-04 11:14:32 - game - CRITICAL - File "C:\Users\lgbtb\Desktop\New folder\main.py", line 396, in <module>
    app.run()
    ~~~~~~~^^
2025-09-04 11:14:32 - game - CRITICAL - File "C:\Users\lgbtb\AppData\Local\Programs\Python\Python313\Lib\site-packages\direct\showbase\ShowBase.py", line 3331, in run
    self.taskMgr.run()
    ~~~~~~~~~~~~~~~~^^
2025-09-04 11:14:32 - game - CRITICAL - File "C:\Users\lgbtb\AppData\Local\Programs\Python\Python313\Lib\site-packages\direct\task\Task.py", line 553, in run
    self.step()
    ~~~~~~~~~^^
2025-09-04 11:14:32 - game - CRITICAL - File "C:\Users\lgbtb\AppData\Local\Programs\Python\Python313\Lib\site-packages\direct\task\Task.py", line 504, in step
    self.mgr.poll()
    ~~~~~~~~~~~~~^^
2025-09-04 11:14:32 - game - CRITICAL - File "C:\Users\lgbtb\AppData\Local\Programs\Python\Python313\Lib\site-packages\direct\showbase\EventManager.py", line 49, in eventLoopTask
    self.doEvents()
    ~~~~~~~~~~~~~^^
2025-09-04 11:14:32 - game - CRITICAL - File "C:\Users\lgbtb\AppData\Local\Programs\Python\Python313\Lib\site-packages\direct\showbase\EventManager.py", line 43, in doEvents
    processFunc(dequeueFunc())
    ~~~~~~~~~~~^^^^^^^^^^^^^^^
2025-09-04 11:14:32 - game - CRITICAL - File "C:\Users\lgbtb\AppData\Local\Programs\Python\Python313\Lib\site-packages\direct\showbase\EventManager.py", line 99, in processEvent
    messenger.send(eventName, paramList)
    ~~~~~~~~~~~~~~^^^^^^^^^^^^^^^^^^^^^^
2025-09-04 11:14:32 - game - CRITICAL - File "C:\Users\lgbtb\AppData\Local\Programs\Python\Python313\Lib\site-packages\direct\showbase\Messenger.py", line 337, in send
    self.__dispatch(acceptorDict, event, sentArgs, foundWatch)
    ~~~~~~~~~~~~~~~^^^^^^^^^^^^^^^^^^^^^^^^^^^^^^^^^^^^^^^^^^^
2025-09-04 11:14:32 - game - CRITICAL - File "C:\Users\lgbtb\AppData\Local\Programs\Python\Python313\Lib\site-packages\direct\showbase\Messenger.py", line 422, in __dispatch
    result = method (*(extraArgs + sentArgs))
2025-09-04 11:14:32 - game - CRITICAL - File "C:\Users\lgbtb\AppData\Local\Programs\Python\Python313\Lib\site-packages\direct\gui\DirectButton.py", line 107, in commandFunc
    self['command'](*self['extraArgs'])
    ~~~~~~~~~~~~~~~^^^^^^^^^^^^^^^^^^^^
2025-09-04 11:14:32 - game - CRITICAL - File "C:\Users\lgbtb\Desktop\New folder\screens\start_screen_new.py", line 26, in start_new_game
    self.game.state_manager.change_state("game")
    ~~~~~~~~~~~~~~~~~~~~~~~~~~~~~~~~~~~~^^^^^^^^
2025-09-04 11:14:32 - game - CRITICAL - File "C:\Users\lgbtb\Desktop\New folder\game_states.py", line 34, in change_state
    self.states[name].enter()
    ~~~~~~~~~~~~~~~~~~~~~~~^^
2025-09-04 11:14:32 - game - CRITICAL - File "C:\Users\lgbtb\Desktop\New folder\game_scene_new.py", line 53, in enter
    self.hud.create_hud()
    ~~~~~~~~~~~~~~~~~~~^^
2025-09-04 11:14:32 - game - CRITICAL - File "C:\Users\lgbtb\Desktop\New folder\enhanced_hud.py", line 31, in create_hud
    self._create_attributes_panel()
    ~~~~~~~~~~~~~~~~~~~~~~~~~~~~~^^
2025-09-04 11:14:32 - game - CRITICAL - File "C:\Users\lgbtb\Desktop\New folder\enhanced_hud.py", line 198, in _create_attributes_panel
    align=OnscreenText.ALeft,
          ^^^^^^^^^^^^^^^^^^
2025-09-04 11:14:32 - game - CRITICAL - AttributeError: type object 'OnscreenText' has no attribute 'ALeft'
2025-09-04 11:14:32 - game - INFO - GameLogger cleanup started
2025-09-04 11:15:31 - game - INFO - GameLogger initialized successfully
2025-09-04 11:15:31 - game.main - INFO - SYSTEM_EVENT: game_started
2025-09-04 11:15:31 - game.config_manager - INFO - SYSTEM_EVENT: all_configs_loaded
2025-09-04 11:15:31 - game.config_manager - INFO - SYSTEM_EVENT: initialized
2025-09-04 11:15:31 - game.game_state_manager - INFO - SYSTEM_EVENT: initialized
2025-09-04 11:15:31 - game.character_manager - INFO - SYSTEM_EVENT: initialized
2025-09-04 11:15:31 - game.save_system - INFO - SYSTEM_EVENT: initialized
2025-09-04 11:15:31 - game.audio_system - WARNING - Аудио файл не найден: assets\audio\ui\click.wav
2025-09-04 11:15:31 - game.audio_system - WARNING - Аудио файл не найден: assets\audio\ui\hover.wav
2025-09-04 11:15:31 - game.audio_system - WARNING - Аудио файл не найден: assets\audio\ui\error.wav
2025-09-04 11:15:31 - game.audio_system - WARNING - Аудио файл не найден: assets\audio\sfx\hit.wav
2025-09-04 11:15:31 - game.audio_system - WARNING - Аудио файл не найден: assets\audio\sfx\miss.wav
2025-09-04 11:15:31 - game.audio_system - WARNING - Аудио файл не найден: assets\audio\sfx\critical.wav
2025-09-04 11:15:31 - game.audio_system - WARNING - Аудио файл не найден: assets\audio\sfx\levelup.wav
2025-09-04 11:15:31 - game.audio_system - WARNING - Аудио файл не найден: assets\audio\sfx\death.wav
2025-09-04 11:15:31 - game.audio_system - WARNING - Аудио файл не найден: assets\audio\ambient\forest.wav
2025-09-04 11:15:31 - game.audio_system - WARNING - Аудио файл не найден: assets\audio\ambient\cave.wav
2025-09-04 11:15:31 - game.audio_system - WARNING - Аудио файл не найден: assets\audio\music\main_theme.wav
2025-09-04 11:15:31 - game.audio_system - WARNING - Аудио файл не найден: assets\audio\music\combat.wav
2025-09-04 11:15:31 - game.audio_system - WARNING - Аудио файл не найден: assets\audio\voice\npc.wav
2025-09-04 11:15:31 - game.audio_system - INFO - SYSTEM_EVENT: initialized
2025-09-04 11:15:31 - game.achievement_system - INFO - SYSTEM_EVENT: initialized
2025-09-04 11:15:31 - game.event_system - INFO - SYSTEM_EVENT: handler_registered
2025-09-04 11:15:31 - game.event_system - INFO - SYSTEM_EVENT: handler_registered
2025-09-04 11:15:31 - game.event_system - INFO - SYSTEM_EVENT: initialized
2025-09-04 11:15:31 - game.resource_manager - INFO - SYSTEM_EVENT: resources_scanned
2025-09-04 11:15:31 - game.resource_manager - INFO - SYSTEM_EVENT: initialized
2025-09-04 11:15:31 - game.roguelike_content_generator - INFO - SYSTEM_EVENT: initialized
2025-09-04 11:15:31 - game.enhanced_ai_memory - INFO - SYSTEM_EVENT: initialized
2025-09-04 11:15:31 - game.enhanced_item_system - INFO - SYSTEM_EVENT: initialized
2025-09-04 11:15:31 - game.lighthouse_system - INFO - SYSTEM_EVENT: initialized
2025-09-04 11:15:31 - game.enemy_behavior_system - INFO - SYSTEM_EVENT: initialized
2025-09-04 11:15:32 - game.core.enhanced_item_system - INFO - Created inventory for character_2343301322064 with 50 slots
2025-09-04 11:15:32 - game.character - INFO - SYSTEM_EVENT: character_created
2025-09-04 11:15:32 - game.character_manager - INFO - SYSTEM_EVENT: character_added
2025-09-04 11:15:32 - game.character_manager - INFO - SYSTEM_EVENT: player_created
2025-09-04 11:15:32 - game - CRITICAL - UNCAUGHT EXCEPTION: KeyError: 'resources_low'
2025-09-04 11:15:32 - game - CRITICAL - Traceback (most recent call last):
2025-09-04 11:15:32 - game - CRITICAL - File "C:\Users\lgbtb\Desktop\New folder\game_scene_new.py", line 235, in game_loop
    self.game_manager.update(dt)
    ~~~~~~~~~~~~~~~~~~~~~~~~^^^^
2025-09-04 11:15:32 - game - CRITICAL - File "C:\Users\lgbtb\Desktop\New folder\game_systems\game_manager.py", line 64, in update
    self.player.update_cooldown(dt)
    ~~~~~~~~~~~~~~~~~~~~~~~~~~~^^^^
2025-09-04 11:15:32 - game - CRITICAL - File "C:\Users\lgbtb\Desktop\New folder\character.py", line 520, in update_cooldown
    self._update_ai_systems(dt)
    ~~~~~~~~~~~~~~~~~~~~~~~^^^^
2025-09-04 11:15:32 - game - CRITICAL - File "C:\Users\lgbtb\Desktop\New folder\character.py", line 755, in _update_ai_systems
    self.ai_agent.update(dt)
    ~~~~~~~~~~~~~~~~~~~~^^^^
2025-09-04 11:15:32 - game - CRITICAL - File "C:\Users\lgbtb\Desktop\New folder\systems\ai_agent.py", line 380, in update
    decision = self.make_decision()
2025-09-04 11:15:32 - game - CRITICAL - File "C:\Users\lgbtb\Desktop\New folder\systems\ai_agent.py", line 189, in make_decision
    decisions = self._generate_decisions(situation)
2025-09-04 11:15:32 - game - CRITICAL - File "C:\Users\lgbtb\Desktop\New folder\systems\ai_agent.py", line 219, in _generate_decisions
    if situation['resources_low'] > 0.5:
       ~~~~~~~~~^^^^^^^^^^^^^^^^^
2025-09-04 11:15:32 - game - CRITICAL - KeyError: 'resources_low'
2025-09-04 11:15:32 - game - CRITICAL - UNCAUGHT EXCEPTION: KeyError: 'resources_low'
2025-09-04 11:15:32 - game - CRITICAL - Traceback (most recent call last):
2025-09-04 11:15:32 - game - CRITICAL - File "C:\Users\lgbtb\Desktop\New folder\main.py", line 396, in <module>
    app.run()
    ~~~~~~~^^
2025-09-04 11:15:32 - game - CRITICAL - File "C:\Users\lgbtb\AppData\Local\Programs\Python\Python313\Lib\site-packages\direct\showbase\ShowBase.py", line 3331, in run
    self.taskMgr.run()
    ~~~~~~~~~~~~~~~~^^
2025-09-04 11:15:32 - game - CRITICAL - File "C:\Users\lgbtb\AppData\Local\Programs\Python\Python313\Lib\site-packages\direct\task\Task.py", line 553, in run
    self.step()
    ~~~~~~~~~^^
2025-09-04 11:15:32 - game - CRITICAL - File "C:\Users\lgbtb\AppData\Local\Programs\Python\Python313\Lib\site-packages\direct\task\Task.py", line 504, in step
    self.mgr.poll()
    ~~~~~~~~~~~~~^^
2025-09-04 11:15:32 - game - CRITICAL - File "C:\Users\lgbtb\Desktop\New folder\game_scene_new.py", line 235, in game_loop
    self.game_manager.update(dt)
    ~~~~~~~~~~~~~~~~~~~~~~~~^^^^
2025-09-04 11:15:32 - game - CRITICAL - File "C:\Users\lgbtb\Desktop\New folder\game_systems\game_manager.py", line 64, in update
    self.player.update_cooldown(dt)
    ~~~~~~~~~~~~~~~~~~~~~~~~~~~^^^^
2025-09-04 11:15:32 - game - CRITICAL - File "C:\Users\lgbtb\Desktop\New folder\character.py", line 520, in update_cooldown
    self._update_ai_systems(dt)
    ~~~~~~~~~~~~~~~~~~~~~~~^^^^
2025-09-04 11:15:32 - game - CRITICAL - File "C:\Users\lgbtb\Desktop\New folder\character.py", line 755, in _update_ai_systems
    self.ai_agent.update(dt)
    ~~~~~~~~~~~~~~~~~~~~^^^^
2025-09-04 11:15:32 - game - CRITICAL - File "C:\Users\lgbtb\Desktop\New folder\systems\ai_agent.py", line 380, in update
    decision = self.make_decision()
2025-09-04 11:15:32 - game - CRITICAL - File "C:\Users\lgbtb\Desktop\New folder\systems\ai_agent.py", line 189, in make_decision
    decisions = self._generate_decisions(situation)
2025-09-04 11:15:32 - game - CRITICAL - File "C:\Users\lgbtb\Desktop\New folder\systems\ai_agent.py", line 219, in _generate_decisions
    if situation['resources_low'] > 0.5:
       ~~~~~~~~~^^^^^^^^^^^^^^^^^
2025-09-04 11:15:32 - game - CRITICAL - KeyError: 'resources_low'
2025-09-04 11:15:32 - game - INFO - GameLogger cleanup started
2025-09-04 11:16:34 - game - INFO - GameLogger initialized successfully
2025-09-04 11:16:34 - game.main - INFO - SYSTEM_EVENT: game_started
2025-09-04 11:16:34 - game.config_manager - INFO - SYSTEM_EVENT: all_configs_loaded
2025-09-04 11:16:34 - game.config_manager - INFO - SYSTEM_EVENT: initialized
2025-09-04 11:16:34 - game.game_state_manager - INFO - SYSTEM_EVENT: initialized
2025-09-04 11:16:34 - game.character_manager - INFO - SYSTEM_EVENT: initialized
2025-09-04 11:16:34 - game.save_system - INFO - SYSTEM_EVENT: initialized
2025-09-04 11:16:34 - game.audio_system - WARNING - Аудио файл не найден: assets\audio\ui\click.wav
2025-09-04 11:16:34 - game.audio_system - WARNING - Аудио файл не найден: assets\audio\ui\hover.wav
2025-09-04 11:16:34 - game.audio_system - WARNING - Аудио файл не найден: assets\audio\ui\error.wav
2025-09-04 11:16:34 - game.audio_system - WARNING - Аудио файл не найден: assets\audio\sfx\hit.wav
2025-09-04 11:16:34 - game.audio_system - WARNING - Аудио файл не найден: assets\audio\sfx\miss.wav
2025-09-04 11:16:34 - game.audio_system - WARNING - Аудио файл не найден: assets\audio\sfx\critical.wav
2025-09-04 11:16:34 - game.audio_system - WARNING - Аудио файл не найден: assets\audio\sfx\levelup.wav
2025-09-04 11:16:34 - game.audio_system - WARNING - Аудио файл не найден: assets\audio\sfx\death.wav
2025-09-04 11:16:34 - game.audio_system - WARNING - Аудио файл не найден: assets\audio\ambient\forest.wav
2025-09-04 11:16:34 - game.audio_system - WARNING - Аудио файл не найден: assets\audio\ambient\cave.wav
2025-09-04 11:16:34 - game.audio_system - WARNING - Аудио файл не найден: assets\audio\music\main_theme.wav
2025-09-04 11:16:34 - game.audio_system - WARNING - Аудио файл не найден: assets\audio\music\combat.wav
2025-09-04 11:16:34 - game.audio_system - WARNING - Аудио файл не найден: assets\audio\voice\npc.wav
2025-09-04 11:16:34 - game.audio_system - INFO - SYSTEM_EVENT: initialized
2025-09-04 11:16:34 - game.achievement_system - INFO - SYSTEM_EVENT: initialized
2025-09-04 11:16:34 - game.event_system - INFO - SYSTEM_EVENT: handler_registered
2025-09-04 11:16:34 - game.event_system - INFO - SYSTEM_EVENT: handler_registered
2025-09-04 11:16:34 - game.event_system - INFO - SYSTEM_EVENT: initialized
2025-09-04 11:16:34 - game.resource_manager - INFO - SYSTEM_EVENT: resources_scanned
2025-09-04 11:16:34 - game.resource_manager - INFO - SYSTEM_EVENT: initialized
2025-09-04 11:16:34 - game.roguelike_content_generator - INFO - SYSTEM_EVENT: initialized
2025-09-04 11:16:34 - game.enhanced_ai_memory - INFO - SYSTEM_EVENT: initialized
2025-09-04 11:16:34 - game.enhanced_item_system - INFO - SYSTEM_EVENT: initialized
2025-09-04 11:16:34 - game.lighthouse_system - INFO - SYSTEM_EVENT: initialized
2025-09-04 11:16:34 - game.enemy_behavior_system - INFO - SYSTEM_EVENT: initialized
2025-09-04 11:16:35 - game.core.enhanced_item_system - INFO - Created inventory for character_1396561483088 with 50 slots
2025-09-04 11:16:35 - game.character - INFO - SYSTEM_EVENT: character_created
2025-09-04 11:16:35 - game.character_manager - INFO - SYSTEM_EVENT: character_added
2025-09-04 11:16:35 - game.character_manager - INFO - SYSTEM_EVENT: player_created
2025-09-04 11:16:36 - game.core.enhanced_item_system - INFO - Created inventory for character_1396561642896 with 50 slots
2025-09-04 11:16:36 - game.core.enhanced_ai_memory - INFO - Initialized memory for basic_enemy entity basic_1756970196543
2025-09-04 11:16:36 - game.character - INFO - SYSTEM_EVENT: character_created
2025-09-04 11:16:36 - game.core.enhanced_item_system - INFO - Created inventory for enemy_1396561642896 with 20 slots
2025-09-04 11:16:36 - game - CRITICAL - UNCAUGHT EXCEPTION: AttributeError: 'Enemy' object has no attribute 'create_visual'
2025-09-04 11:16:36 - game - CRITICAL - Traceback (most recent call last):
2025-09-04 11:16:36 - game - CRITICAL - File "C:\Users\lgbtb\Desktop\New folder\game_scene_new.py", line 235, in game_loop
    self.game_manager.update(dt)
    ~~~~~~~~~~~~~~~~~~~~~~~~^^^^
2025-09-04 11:16:36 - game - CRITICAL - File "C:\Users\lgbtb\Desktop\New folder\game_systems\game_manager.py", line 52, in update
    self.spawn_enemy()
    ~~~~~~~~~~~~~~~~^^
2025-09-04 11:16:36 - game - CRITICAL - File "C:\Users\lgbtb\Desktop\New folder\game_systems\game_manager.py", line 39, in spawn_enemy
    enemy.create_visual()
    ^^^^^^^^^^^^^^^^^^^
2025-09-04 11:16:36 - game - CRITICAL - AttributeError: 'Enemy' object has no attribute 'create_visual'
2025-09-04 11:16:36 - game - CRITICAL - UNCAUGHT EXCEPTION: AttributeError: 'Enemy' object has no attribute 'create_visual'
2025-09-04 11:16:36 - game - CRITICAL - Traceback (most recent call last):
2025-09-04 11:16:36 - game - CRITICAL - File "C:\Users\lgbtb\Desktop\New folder\main.py", line 396, in <module>
    app.run()
    ~~~~~~~^^
2025-09-04 11:16:36 - game - CRITICAL - File "C:\Users\lgbtb\AppData\Local\Programs\Python\Python313\Lib\site-packages\direct\showbase\ShowBase.py", line 3331, in run
    self.taskMgr.run()
    ~~~~~~~~~~~~~~~~^^
2025-09-04 11:16:36 - game - CRITICAL - File "C:\Users\lgbtb\AppData\Local\Programs\Python\Python313\Lib\site-packages\direct\task\Task.py", line 553, in run
    self.step()
    ~~~~~~~~~^^
2025-09-04 11:16:36 - game - CRITICAL - File "C:\Users\lgbtb\AppData\Local\Programs\Python\Python313\Lib\site-packages\direct\task\Task.py", line 504, in step
    self.mgr.poll()
    ~~~~~~~~~~~~~^^
2025-09-04 11:16:36 - game - CRITICAL - File "C:\Users\lgbtb\Desktop\New folder\game_scene_new.py", line 235, in game_loop
    self.game_manager.update(dt)
    ~~~~~~~~~~~~~~~~~~~~~~~~^^^^
2025-09-04 11:16:36 - game - CRITICAL - File "C:\Users\lgbtb\Desktop\New folder\game_systems\game_manager.py", line 52, in update
    self.spawn_enemy()
    ~~~~~~~~~~~~~~~~^^
2025-09-04 11:16:36 - game - CRITICAL - File "C:\Users\lgbtb\Desktop\New folder\game_systems\game_manager.py", line 39, in spawn_enemy
    enemy.create_visual()
    ^^^^^^^^^^^^^^^^^^^
2025-09-04 11:16:36 - game - CRITICAL - AttributeError: 'Enemy' object has no attribute 'create_visual'
2025-09-04 11:16:36 - game - INFO - GameLogger cleanup started
2025-09-04 11:17:26 - game - INFO - GameLogger initialized successfully
2025-09-04 11:17:26 - game.main - INFO - SYSTEM_EVENT: game_started
2025-09-04 11:17:26 - game.config_manager - INFO - SYSTEM_EVENT: all_configs_loaded
2025-09-04 11:17:26 - game.config_manager - INFO - SYSTEM_EVENT: initialized
2025-09-04 11:17:26 - game.game_state_manager - INFO - SYSTEM_EVENT: initialized
2025-09-04 11:17:26 - game.character_manager - INFO - SYSTEM_EVENT: initialized
2025-09-04 11:17:26 - game.save_system - INFO - SYSTEM_EVENT: initialized
2025-09-04 11:17:26 - game.audio_system - WARNING - Аудио файл не найден: assets\audio\ui\click.wav
2025-09-04 11:17:26 - game.audio_system - WARNING - Аудио файл не найден: assets\audio\ui\hover.wav
2025-09-04 11:17:26 - game.audio_system - WARNING - Аудио файл не найден: assets\audio\ui\error.wav
2025-09-04 11:17:26 - game.audio_system - WARNING - Аудио файл не найден: assets\audio\sfx\hit.wav
2025-09-04 11:17:26 - game.audio_system - WARNING - Аудио файл не найден: assets\audio\sfx\miss.wav
2025-09-04 11:17:26 - game.audio_system - WARNING - Аудио файл не найден: assets\audio\sfx\critical.wav
2025-09-04 11:17:26 - game.audio_system - WARNING - Аудио файл не найден: assets\audio\sfx\levelup.wav
2025-09-04 11:17:26 - game.audio_system - WARNING - Аудио файл не найден: assets\audio\sfx\death.wav
2025-09-04 11:17:26 - game.audio_system - WARNING - Аудио файл не найден: assets\audio\ambient\forest.wav
2025-09-04 11:17:26 - game.audio_system - WARNING - Аудио файл не найден: assets\audio\ambient\cave.wav
2025-09-04 11:17:26 - game.audio_system - WARNING - Аудио файл не найден: assets\audio\music\main_theme.wav
2025-09-04 11:17:26 - game.audio_system - WARNING - Аудио файл не найден: assets\audio\music\combat.wav
2025-09-04 11:17:26 - game.audio_system - WARNING - Аудио файл не найден: assets\audio\voice\npc.wav
2025-09-04 11:17:26 - game.audio_system - INFO - SYSTEM_EVENT: initialized
2025-09-04 11:17:26 - game.achievement_system - INFO - SYSTEM_EVENT: initialized
2025-09-04 11:17:26 - game.event_system - INFO - SYSTEM_EVENT: handler_registered
2025-09-04 11:17:26 - game.event_system - INFO - SYSTEM_EVENT: handler_registered
2025-09-04 11:17:26 - game.event_system - INFO - SYSTEM_EVENT: initialized
2025-09-04 11:17:26 - game.resource_manager - INFO - SYSTEM_EVENT: resources_scanned
2025-09-04 11:17:26 - game.resource_manager - INFO - SYSTEM_EVENT: initialized
2025-09-04 11:17:26 - game.roguelike_content_generator - INFO - SYSTEM_EVENT: initialized
2025-09-04 11:17:26 - game.enhanced_ai_memory - INFO - SYSTEM_EVENT: initialized
2025-09-04 11:17:26 - game.enhanced_item_system - INFO - SYSTEM_EVENT: initialized
2025-09-04 11:17:26 - game.lighthouse_system - INFO - SYSTEM_EVENT: initialized
2025-09-04 11:17:26 - game.enemy_behavior_system - INFO - SYSTEM_EVENT: initialized
2025-09-04 11:17:27 - game.core.enhanced_item_system - INFO - Created inventory for character_2284917085856 with 50 slots
2025-09-04 11:17:27 - game.character - INFO - SYSTEM_EVENT: character_created
2025-09-04 11:17:27 - game.character_manager - INFO - SYSTEM_EVENT: character_added
2025-09-04 11:17:27 - game.character_manager - INFO - SYSTEM_EVENT: player_created
2025-09-04 11:17:28 - game.core.enhanced_item_system - INFO - Created inventory for character_2284917262048 with 50 slots
2025-09-04 11:17:28 - game.character - INFO - SYSTEM_EVENT: character_created
2025-09-04 11:17:28 - game.core.enhanced_ai_memory - INFO - Initialized memory for basic_enemy entity basic_1756970248442
2025-09-04 11:17:28 - game.core.enhanced_item_system - INFO - Created inventory for enemy_2284917262048 with 20 slots
2025-09-04 11:17:28 - game - CRITICAL - UNCAUGHT EXCEPTION: AttributeError: 'Enemy' object has no attribute 'update_ai'
2025-09-04 11:17:28 - game - CRITICAL - Traceback (most recent call last):
2025-09-04 11:17:28 - game - CRITICAL - File "C:\Users\lgbtb\Desktop\New folder\game_scene_new.py", line 235, in game_loop
    self.game_manager.update(dt)
    ~~~~~~~~~~~~~~~~~~~~~~~~^^^^
2025-09-04 11:17:28 - game - CRITICAL - File "C:\Users\lgbtb\Desktop\New folder\game_systems\game_manager.py", line 58, in update
    enemy.update_ai(self.player, dt)
    ^^^^^^^^^^^^^^^
2025-09-04 11:17:28 - game - CRITICAL - AttributeError: 'Enemy' object has no attribute 'update_ai'
2025-09-04 11:17:28 - game - CRITICAL - UNCAUGHT EXCEPTION: AttributeError: 'Enemy' object has no attribute 'update_ai'
2025-09-04 11:17:28 - game - CRITICAL - Traceback (most recent call last):
2025-09-04 11:17:28 - game - CRITICAL - File "C:\Users\lgbtb\Desktop\New folder\main.py", line 396, in <module>
    app.run()
    ~~~~~~~^^
2025-09-04 11:17:28 - game - CRITICAL - File "C:\Users\lgbtb\AppData\Local\Programs\Python\Python313\Lib\site-packages\direct\showbase\ShowBase.py", line 3331, in run
    self.taskMgr.run()
    ~~~~~~~~~~~~~~~~^^
2025-09-04 11:17:28 - game - CRITICAL - File "C:\Users\lgbtb\AppData\Local\Programs\Python\Python313\Lib\site-packages\direct\task\Task.py", line 553, in run
    self.step()
    ~~~~~~~~~^^
2025-09-04 11:17:28 - game - CRITICAL - File "C:\Users\lgbtb\AppData\Local\Programs\Python\Python313\Lib\site-packages\direct\task\Task.py", line 504, in step
    self.mgr.poll()
    ~~~~~~~~~~~~~^^
2025-09-04 11:17:28 - game - CRITICAL - File "C:\Users\lgbtb\Desktop\New folder\game_scene_new.py", line 235, in game_loop
    self.game_manager.update(dt)
    ~~~~~~~~~~~~~~~~~~~~~~~~^^^^
2025-09-04 11:17:28 - game - CRITICAL - File "C:\Users\lgbtb\Desktop\New folder\game_systems\game_manager.py", line 58, in update
    enemy.update_ai(self.player, dt)
    ^^^^^^^^^^^^^^^
2025-09-04 11:17:28 - game - CRITICAL - AttributeError: 'Enemy' object has no attribute 'update_ai'
2025-09-04 11:17:28 - game - INFO - GameLogger cleanup started
2025-09-04 11:18:19 - game - INFO - GameLogger initialized successfully
2025-09-04 11:18:19 - game.main - INFO - SYSTEM_EVENT: game_started
2025-09-04 11:18:19 - game.config_manager - INFO - SYSTEM_EVENT: all_configs_loaded
2025-09-04 11:18:19 - game.config_manager - INFO - SYSTEM_EVENT: initialized
2025-09-04 11:18:19 - game.game_state_manager - INFO - SYSTEM_EVENT: initialized
2025-09-04 11:18:19 - game.character_manager - INFO - SYSTEM_EVENT: initialized
2025-09-04 11:18:19 - game.save_system - INFO - SYSTEM_EVENT: initialized
2025-09-04 11:18:19 - game.audio_system - WARNING - Аудио файл не найден: assets\audio\ui\click.wav
2025-09-04 11:18:19 - game.audio_system - WARNING - Аудио файл не найден: assets\audio\ui\hover.wav
2025-09-04 11:18:19 - game.audio_system - WARNING - Аудио файл не найден: assets\audio\ui\error.wav
2025-09-04 11:18:19 - game.audio_system - WARNING - Аудио файл не найден: assets\audio\sfx\hit.wav
2025-09-04 11:18:19 - game.audio_system - WARNING - Аудио файл не найден: assets\audio\sfx\miss.wav
2025-09-04 11:18:19 - game.audio_system - WARNING - Аудио файл не найден: assets\audio\sfx\critical.wav
2025-09-04 11:18:19 - game.audio_system - WARNING - Аудио файл не найден: assets\audio\sfx\levelup.wav
2025-09-04 11:18:19 - game.audio_system - WARNING - Аудио файл не найден: assets\audio\sfx\death.wav
2025-09-04 11:18:19 - game.audio_system - WARNING - Аудио файл не найден: assets\audio\ambient\forest.wav
2025-09-04 11:18:19 - game.audio_system - WARNING - Аудио файл не найден: assets\audio\ambient\cave.wav
2025-09-04 11:18:19 - game.audio_system - WARNING - Аудио файл не найден: assets\audio\music\main_theme.wav
2025-09-04 11:18:19 - game.audio_system - WARNING - Аудио файл не найден: assets\audio\music\combat.wav
2025-09-04 11:18:19 - game.audio_system - WARNING - Аудио файл не найден: assets\audio\voice\npc.wav
2025-09-04 11:18:19 - game.audio_system - INFO - SYSTEM_EVENT: initialized
2025-09-04 11:18:19 - game.achievement_system - INFO - SYSTEM_EVENT: initialized
2025-09-04 11:18:19 - game.event_system - INFO - SYSTEM_EVENT: handler_registered
2025-09-04 11:18:19 - game.event_system - INFO - SYSTEM_EVENT: handler_registered
2025-09-04 11:18:19 - game.event_system - INFO - SYSTEM_EVENT: initialized
2025-09-04 11:18:19 - game.resource_manager - INFO - SYSTEM_EVENT: resources_scanned
2025-09-04 11:18:19 - game.resource_manager - INFO - SYSTEM_EVENT: initialized
2025-09-04 11:18:19 - game.roguelike_content_generator - INFO - SYSTEM_EVENT: initialized
2025-09-04 11:18:19 - game.enhanced_ai_memory - INFO - SYSTEM_EVENT: initialized
2025-09-04 11:18:19 - game.enhanced_item_system - INFO - SYSTEM_EVENT: initialized
2025-09-04 11:18:19 - game.lighthouse_system - INFO - SYSTEM_EVENT: initialized
2025-09-04 11:18:19 - game.enemy_behavior_system - INFO - SYSTEM_EVENT: initialized
2025-09-04 11:18:20 - game.core.enhanced_item_system - INFO - Created inventory for character_2401918310048 with 50 slots
2025-09-04 11:18:20 - game.character - INFO - SYSTEM_EVENT: character_created
2025-09-04 11:18:20 - game.character_manager - INFO - SYSTEM_EVENT: character_added
2025-09-04 11:18:20 - game.character_manager - INFO - SYSTEM_EVENT: player_created
2025-09-04 11:18:21 - game.core.enhanced_item_system - INFO - Created inventory for character_2401918486240 with 50 slots
2025-09-04 11:18:21 - game.core.enhanced_ai_memory - INFO - Initialized memory for basic_enemy entity basic_1756970301863
2025-09-04 11:18:21 - game.character - INFO - SYSTEM_EVENT: character_created
2025-09-04 11:18:21 - game.core.enhanced_item_system - INFO - Created inventory for enemy_2401918486240 with 20 slots
2025-09-04 11:18:23 - game.core.enhanced_item_system - INFO - Created inventory for character_2401918668624 with 50 slots
2025-09-04 11:18:23 - game.core.enhanced_ai_memory - INFO - Initialized memory for basic_enemy entity basic_1756970303086
2025-09-04 11:18:23 - game.character - INFO - SYSTEM_EVENT: character_created
2025-09-04 11:18:23 - game.core.enhanced_item_system - INFO - Created inventory for enemy_2401918668624 with 20 slots
2025-09-04 11:18:24 - game.core.enhanced_item_system - INFO - Created inventory for character_2401918673744 with 50 slots
2025-09-04 11:18:24 - game.core.enhanced_ai_memory - INFO - Initialized memory for basic_enemy entity basic_1756970304303
2025-09-04 11:18:24 - game.character - INFO - SYSTEM_EVENT: character_created
2025-09-04 11:18:24 - game.core.enhanced_item_system - INFO - Created inventory for enemy_2401918673744 with 20 slots
2025-09-04 11:18:25 - game.core.enhanced_item_system - INFO - Created inventory for character_2401918674384 with 50 slots
2025-09-04 11:18:25 - game.character - INFO - SYSTEM_EVENT: character_created
2025-09-04 11:18:25 - game.core.enhanced_ai_memory - INFO - Initialized memory for basic_enemy entity basic_1756970305522
2025-09-04 11:18:25 - game.core.enhanced_item_system - INFO - Created inventory for enemy_2401918674384 with 20 slots
2025-09-04 11:18:26 - game.core.enhanced_item_system - INFO - Created inventory for character_2401918674704 with 50 slots
2025-09-04 11:18:26 - game.core.enhanced_ai_memory - INFO - Initialized memory for basic_enemy entity basic_1756970306753
2025-09-04 11:18:26 - game.character - INFO - SYSTEM_EVENT: character_created
2025-09-04 11:18:26 - game.core.enhanced_item_system - INFO - Created inventory for enemy_2401918674704 with 20 slots
2025-09-04 11:18:28 - game.core.enhanced_item_system - INFO - Created inventory for character_2401918675344 with 50 slots
2025-09-04 11:18:28 - game.core.enhanced_ai_memory - INFO - Initialized memory for basic_enemy entity basic_1756970308069
2025-09-04 11:18:28 - game.character - INFO - SYSTEM_EVENT: character_created
2025-09-04 11:18:28 - game.core.enhanced_item_system - INFO - Created inventory for enemy_2401918675344 with 20 slots
2025-09-04 11:18:29 - game.core.enhanced_item_system - INFO - Created inventory for character_2401918675664 with 50 slots
2025-09-04 11:18:29 - game.core.enhanced_ai_memory - INFO - Initialized memory for basic_enemy entity basic_1756970309414
2025-09-04 11:18:29 - game.character - INFO - SYSTEM_EVENT: character_created
2025-09-04 11:18:29 - game.core.enhanced_item_system - INFO - Created inventory for enemy_2401918675664 with 20 slots
2025-09-04 11:18:30 - game.core.enhanced_item_system - INFO - Created inventory for character_2401918676624 with 50 slots
2025-09-04 11:18:30 - game.character - INFO - SYSTEM_EVENT: character_created
2025-09-04 11:18:30 - game.core.enhanced_ai_memory - INFO - Initialized memory for basic_enemy entity basic_1756970310802
2025-09-04 11:18:30 - game.core.enhanced_item_system - INFO - Created inventory for enemy_2401918676624 with 20 slots
2025-09-04 11:18:32 - game.core.enhanced_item_system - INFO - Created inventory for character_2401918676304 with 50 slots
2025-09-04 11:18:32 - game.core.enhanced_ai_memory - INFO - Initialized memory for basic_enemy entity basic_1756970312198
2025-09-04 11:18:32 - game.character - INFO - SYSTEM_EVENT: character_created
2025-09-04 11:18:32 - game.core.enhanced_item_system - INFO - Created inventory for enemy_2401918676304 with 20 slots
2025-09-04 11:18:33 - game.core.enhanced_item_system - INFO - Created inventory for character_2401918676944 with 50 slots
2025-09-04 11:18:33 - game.core.enhanced_ai_memory - INFO - Initialized memory for basic_enemy entity basic_1756970313555
2025-09-04 11:18:33 - game.character - INFO - SYSTEM_EVENT: character_created
2025-09-04 11:18:33 - game.core.enhanced_item_system - INFO - Created inventory for enemy_2401918676944 with 20 slots
2025-09-04 11:19:01 - game.character_manager - INFO - SYSTEM_EVENT: character_removed
2025-09-04 11:19:01 - game.core.enhanced_item_system - INFO - Created inventory for character_2401918677264 with 50 slots
2025-09-04 11:19:01 - game.character - INFO - SYSTEM_EVENT: character_created
2025-09-04 11:19:01 - game.character_manager - INFO - SYSTEM_EVENT: character_added
2025-09-04 11:19:01 - game.character_manager - INFO - SYSTEM_EVENT: player_created
2025-09-04 11:19:02 - game.core.enhanced_item_system - INFO - Created inventory for character_2401918678224 with 50 slots
2025-09-04 11:19:02 - game.character - INFO - SYSTEM_EVENT: character_created
2025-09-04 11:19:02 - game.core.enhanced_ai_memory - INFO - Initialized memory for basic_enemy entity basic_1756970342311
2025-09-04 11:19:02 - game.core.enhanced_item_system - INFO - Created inventory for enemy_2401918678224 with 20 slots
2025-09-04 11:19:03 - game.core.enhanced_item_system - INFO - Created inventory for character_2401918678544 with 50 slots
2025-09-04 11:19:03 - game.character - INFO - SYSTEM_EVENT: character_created
2025-09-04 11:19:03 - game.core.enhanced_ai_memory - INFO - Initialized memory for basic_enemy entity basic_1756970343669
2025-09-04 11:19:03 - game.core.enhanced_item_system - INFO - Created inventory for enemy_2401918678544 with 20 slots
2025-09-04 11:19:05 - game.core.enhanced_item_system - INFO - Created inventory for character_2401918678864 with 50 slots
2025-09-04 11:19:05 - game.core.enhanced_ai_memory - INFO - Initialized memory for basic_enemy entity basic_1756970345044
2025-09-04 11:19:05 - game.character - INFO - SYSTEM_EVENT: character_created
2025-09-04 11:19:05 - game.core.enhanced_item_system - INFO - Created inventory for enemy_2401918678864 with 20 slots
2025-09-04 11:19:06 - game.core.enhanced_item_system - INFO - Created inventory for character_2401918679184 with 50 slots
2025-09-04 11:19:06 - game.character - INFO - SYSTEM_EVENT: character_created
2025-09-04 11:19:06 - game.core.enhanced_ai_memory - INFO - Initialized memory for basic_enemy entity basic_1756970346568
2025-09-04 11:19:06 - game.core.enhanced_item_system - INFO - Created inventory for enemy_2401918679184 with 20 slots
2025-09-04 11:19:08 - game.core.enhanced_item_system - INFO - Created inventory for character_2401918679504 with 50 slots
2025-09-04 11:19:08 - game.core.enhanced_ai_memory - INFO - Initialized memory for basic_enemy entity basic_1756970348047
2025-09-04 11:19:08 - game.character - INFO - SYSTEM_EVENT: character_created
2025-09-04 11:19:08 - game.core.enhanced_item_system - INFO - Created inventory for enemy_2401918679504 with 20 slots
2025-09-04 11:19:09 - game.core.enhanced_item_system - INFO - Created inventory for character_2401918679824 with 50 slots
2025-09-04 11:19:09 - game.core.enhanced_ai_memory - INFO - Initialized memory for basic_enemy entity basic_1756970349600
2025-09-04 11:19:09 - game.character - INFO - SYSTEM_EVENT: character_created
2025-09-04 11:19:09 - game.core.enhanced_item_system - INFO - Created inventory for enemy_2401918679824 with 20 slots
2025-09-04 11:19:11 - game.core.enhanced_item_system - INFO - Created inventory for character_2401918680144 with 50 slots
2025-09-04 11:19:11 - game.core.enhanced_ai_memory - INFO - Initialized memory for basic_enemy entity basic_1756970351094
2025-09-04 11:19:11 - game.character - INFO - SYSTEM_EVENT: character_created
2025-09-04 11:19:11 - game.core.enhanced_item_system - INFO - Created inventory for enemy_2401918680144 with 20 slots
2025-09-04 11:19:12 - game.core.enhanced_item_system - INFO - Created inventory for character_2401918680464 with 50 slots
2025-09-04 11:19:12 - game.character - INFO - SYSTEM_EVENT: character_created
2025-09-04 11:19:12 - game.core.enhanced_ai_memory - INFO - Initialized memory for basic_enemy entity basic_1756970352629
2025-09-04 11:19:12 - game.core.enhanced_item_system - INFO - Created inventory for enemy_2401918680464 with 20 slots
2025-09-04 11:19:14 - game.core.enhanced_item_system - INFO - Created inventory for character_2401918680784 with 50 slots
2025-09-04 11:19:14 - game.core.enhanced_ai_memory - INFO - Initialized memory for basic_enemy entity basic_1756970354191
2025-09-04 11:19:14 - game.core.enhanced_item_system - INFO - Created inventory for enemy_2401918680784 with 20 slots
2025-09-04 11:19:14 - game.character - INFO - SYSTEM_EVENT: character_created
2025-09-04 11:19:15 - game.core.enhanced_item_system - INFO - Created inventory for character_2402057551952 with 50 slots
2025-09-04 11:19:15 - game.core.enhanced_ai_memory - INFO - Initialized memory for basic_enemy entity basic_1756970355659
2025-09-04 11:19:15 - game.character - INFO - SYSTEM_EVENT: character_created
2025-09-04 11:19:15 - game.core.enhanced_item_system - INFO - Created inventory for enemy_2402057551952 with 20 slots
2025-09-04 11:19:26 - game - INFO - GameLogger cleanup started
2025-09-04 11:19:26 - game.main - INFO - SYSTEM_EVENT: cleanup_started
2025-09-04 11:19:26 - game.character_manager - INFO - SYSTEM_EVENT: character_removed
2025-09-04 11:19:26 - game.character_manager - INFO - SYSTEM_EVENT: cleanup_completed
